<?xml version="1.0" encoding="UTF-8" ?>
<testsuite tests="1" failures="0" name="zg.controller.LoginControTest" time="0.123" errors="1" skipped="0">
  <properties>
[...]
</properties>
  <testcase classname="zg.controller.LoginControTest" name="loginContrTest" time="0.123">
    <error message="No SecurityManager accessible to the calling code, either bound to the org.apache.shiro.util.ThreadContext or as a vm static singleton.  This is an invalid application configuration." type="org.apache.shiro.UnavailableSecurityManagerException">org.apache.shiro.UnavailableSecurityManagerException: No SecurityManager accessible to the calling code, either bound to the org.apache.shiro.util.ThreadContext or as a vm static singleton.  This is an invalid application configuration.
	at org.apache.shiro.SecurityUtils.getSecurityManager(SecurityUtils.java:123)
	at org.apache.shiro.subject.Subject$Builder.&lt;init&gt;(Subject.java:626)
	at org.apache.shiro.SecurityUtils.getSubject(SecurityUtils.java:56)
	at cn.userCenter.controller.LoginController.loginContr(LoginController.java:68)
	at zg.controller.LoginControTest.loginContrTest(LoginControTest.java:43)
	at sun.reflect.NativeMethodAccessorImpl.invoke0(Native Method)
	at sun.reflect.NativeMethodAccessorImpl.invoke(NativeMethodAccessorImpl.java:62)
	at sun.reflect.DelegatingMethodAccessorImpl.invoke(DelegatingMethodAccessorImpl.java:43)
	at java.lang.reflect.Method.invoke(Method.java:498)
	at org.junit.runners.model.FrameworkMethod$1.runReflectiveCall(FrameworkMethod.java:50)
	at org.junit.internal.runners.model.ReflectiveCallable.run(ReflectiveCallable.java:12)
	at org.junit.runners.model.FrameworkMethod.invokeExplosively(FrameworkMethod.java:47)
	at org.junit.internal.runners.statements.InvokeMethod.evaluate(InvokeMethod.java:17)
	at org.springframework.test.context.junit4.statements.RunBeforeTestExecutionCallbacks.evaluate(RunBeforeTestExecutionCallbacks.java:73)
	at org.springframework.test.context.junit4.statements.RunAfterTestExecutionCallbacks.evaluate(RunAfterTestExecutionCallbacks.java:83)
	at org.springframework.test.context.junit4.statements.RunBeforeTestMethodCallbacks.evaluate(RunBeforeTestMethodCallbacks.java:75)
	at org.springframework.test.context.junit4.statements.RunAfterTestMethodCallbacks.evaluate(RunAfterTestMethodCallbacks.java:86)
	at org.springframework.test.context.junit4.statements.SpringRepeat.evaluate(SpringRepeat.java:84)
	at org.junit.runners.ParentRunner.runLeaf(ParentRunner.java:325)
	at org.springframework.test.context.junit4.SpringJUnit4ClassRunner.runChild(SpringJUnit4ClassRunner.java:251)
	at org.springframework.test.context.junit4.SpringJUnit4ClassRunner.runChild(SpringJUnit4ClassRunner.java:97)
	at org.junit.runners.ParentRunner$3.run(ParentRunner.java:290)
	at org.junit.runners.ParentRunner$1.schedule(ParentRunner.java:71)
	at org.junit.runners.ParentRunner.runChildren(ParentRunner.java:288)
	at org.junit.runners.ParentRunner.access$000(ParentRunner.java:58)
	at org.junit.runners.ParentRunner$2.evaluate(ParentRunner.java:268)
	at org.springframework.test.context.junit4.statements.RunBeforeTestClassCallbacks.evaluate(RunBeforeTestClassCallbacks.java:61)
	at org.springframework.test.context.junit4.statements.RunAfterTestClassCallbacks.evaluate(RunAfterTestClassCallbacks.java:70)
	at org.junit.runners.ParentRunner.run(ParentRunner.java:363)
	at org.springframework.test.context.junit4.SpringJUnit4ClassRunner.run(SpringJUnit4ClassRunner.java:190)
	at org.apache.maven.surefire.junit4.JUnit4Provider.execute(JUnit4Provider.java:252)
	at org.apache.maven.surefire.junit4.JUnit4Provider.executeTestSet(JUnit4Provider.java:141)
	at org.apache.maven.surefire.junit4.JUnit4Provider.invoke(JUnit4Provider.java:112)
	at sun.reflect.NativeMethodAccessorImpl.invoke0(Native Method)
	at sun.reflect.NativeMethodAccessorImpl.invoke(NativeMethodAccessorImpl.java:62)
	at sun.reflect.DelegatingMethodAccessorImpl.invoke(DelegatingMethodAccessorImpl.java:43)
	at java.lang.reflect.Method.invoke(Method.java:498)
	at org.apache.maven.surefire.util.ReflectionUtils.invokeMethodWithArray(ReflectionUtils.java:189)
	at org.apache.maven.surefire.booter.ProviderFactory$ProviderProxy.invoke(ProviderFactory.java:165)
	at org.apache.maven.surefire.booter.ProviderFactory.invokeProvider(ProviderFactory.java:85)
	at org.apache.maven.surefire.booter.ForkedBooter.runSuitesInProcess(ForkedBooter.java:115)
	at org.apache.maven.surefire.booter.ForkedBooter.main(ForkedBooter.java:75)
</error>
    <system-out>13:04:32.679 [main] DEBUG org.springframework.test.context.junit4.SpringJUnit4ClassRunner - SpringJUnit4ClassRunner constructor called with [class zg.controller.LoginControTest]
13:04:32.688 [main] DEBUG org.springframework.test.context.BootstrapUtils - Instantiating CacheAwareContextLoaderDelegate from class [org.springframework.test.context.cache.DefaultCacheAwareContextLoaderDelegate]
13:04:32.700 [main] DEBUG org.springframework.test.context.BootstrapUtils - Instantiating BootstrapContext using constructor [public org.springframework.test.context.support.DefaultBootstrapContext(java.lang.Class,org.springframework.test.context.CacheAwareContextLoaderDelegate)]
13:04:32.727 [main] DEBUG org.springframework.test.context.BootstrapUtils - Instantiating TestContextBootstrapper for test class [zg.controller.LoginControTest] from class [org.springframework.boot.test.context.SpringBootTestContextBootstrapper]
13:04:32.743 [main] INFO org.springframework.boot.test.context.SpringBootTestContextBootstrapper - Neither @ContextConfiguration nor @ContextHierarchy found for test class [zg.controller.LoginControTest], using SpringBootContextLoader
13:04:32.747 [main] DEBUG org.springframework.test.context.support.AbstractContextLoader - Did not detect default resource location for test class [zg.controller.LoginControTest]: class path resource [zg/controller/LoginControTest-context.xml] does not exist
13:04:32.748 [main] DEBUG org.springframework.test.context.support.AbstractContextLoader - Did not detect default resource location for test class [zg.controller.LoginControTest]: class path resource [zg/controller/LoginControTestContext.groovy] does not exist
13:04:32.748 [main] INFO org.springframework.test.context.support.AbstractContextLoader - Could not detect default resource locations for test class [zg.controller.LoginControTest]: no resource found for suffixes {-context.xml, Context.groovy}.
13:04:32.800 [main] DEBUG org.springframework.test.context.support.ActiveProfilesUtils - Could not find an &apos;annotation declaring class&apos; for annotation type [org.springframework.test.context.ActiveProfiles] and class [zg.controller.LoginControTest]
13:04:33.045 [main] DEBUG org.springframework.boot.test.context.SpringBootTestContextBootstrapper - @TestExecutionListeners is not present for class [zg.controller.LoginControTest]: using defaults.
13:04:33.046 [main] INFO org.springframework.boot.test.context.SpringBootTestContextBootstrapper - Loaded default TestExecutionListener class names from location [META-INF/spring.factories]: [org.springframework.boot.test.mock.mockito.MockitoTestExecutionListener, org.springframework.boot.test.mock.mockito.ResetMocksTestExecutionListener, org.springframework.boot.test.autoconfigure.restdocs.RestDocsTestExecutionListener, org.springframework.boot.test.autoconfigure.web.client.MockRestServiceServerResetTestExecutionListener, org.springframework.boot.test.autoconfigure.web.servlet.MockMvcPrintOnlyOnFailureTestExecutionListener, org.springframework.boot.test.autoconfigure.web.servlet.WebDriverTestExecutionListener, org.springframework.test.context.web.ServletTestExecutionListener, org.springframework.test.context.support.DirtiesContextBeforeModesTestExecutionListener, org.springframework.test.context.support.DependencyInjectionTestExecutionListener, org.springframework.test.context.support.DirtiesContextTestExecutionListener, org.springframework.test.context.transaction.TransactionalTestExecutionListener, org.springframework.test.context.jdbc.SqlScriptsTestExecutionListener]
13:04:33.066 [main] INFO org.springframework.boot.test.context.SpringBootTestContextBootstrapper - Using TestExecutionListeners: [org.springframework.test.context.web.ServletTestExecutionListener@5552768b, org.springframework.test.context.support.DirtiesContextBeforeModesTestExecutionListener@3c947bc5, org.springframework.boot.test.mock.mockito.MockitoTestExecutionListener@609db43b, org.springframework.boot.test.autoconfigure.SpringBootDependencyInjectionTestExecutionListener@55f616cf, org.springframework.test.context.support.DirtiesContextTestExecutionListener@1356d4d4, org.springframework.test.context.transaction.TransactionalTestExecutionListener@c03cf28, org.springframework.test.context.jdbc.SqlScriptsTestExecutionListener@1329eff, org.springframework.boot.test.mock.mockito.ResetMocksTestExecutionListener@6497b078, org.springframework.boot.test.autoconfigure.restdocs.RestDocsTestExecutionListener@41c2284a, org.springframework.boot.test.autoconfigure.web.client.MockRestServiceServerResetTestExecutionListener@53aad5d5, org.springframework.boot.test.autoconfigure.web.servlet.MockMvcPrintOnlyOnFailureTestExecutionListener@46fa7c39, org.springframework.boot.test.autoconfigure.web.servlet.WebDriverTestExecutionListener@1fb700ee]
13:04:33.068 [main] DEBUG org.springframework.test.annotation.ProfileValueUtils - Retrieved @ProfileValueSourceConfiguration [null] for test class [zg.controller.LoginControTest]
13:04:33.069 [main] DEBUG org.springframework.test.annotation.ProfileValueUtils - Retrieved ProfileValueSource type [class org.springframework.test.annotation.SystemProfileValueSource] for class [zg.controller.LoginControTest]
13:04:33.070 [main] DEBUG org.springframework.test.annotation.ProfileValueUtils - Retrieved @ProfileValueSourceConfiguration [null] for test class [zg.controller.LoginControTest]
13:04:33.070 [main] DEBUG org.springframework.test.annotation.ProfileValueUtils - Retrieved ProfileValueSource type [class org.springframework.test.annotation.SystemProfileValueSource] for class [zg.controller.LoginControTest]
13:04:33.075 [main] DEBUG org.springframework.test.context.support.AbstractDirtiesContextTestExecutionListener - Before test class: context [DefaultTestContext@2892dae4 testClass = LoginControTest, testInstance = [null], testMethod = [null], testException = [null], mergedContextConfiguration = [WebMergedContextConfiguration@355ce81c testClass = LoginControTest, locations = &apos;{}&apos;, classes = &apos;{class cn.userCenter.UserCenter_8001, class cn.userCenter.UserCenter_8001}&apos;, contextInitializerClasses = &apos;[]&apos;, activeProfiles = &apos;{}&apos;, propertySourceLocations = &apos;{}&apos;, propertySourceProperties = &apos;{org.springframework.boot.test.context.SpringBootTestContextBootstrapper=true}&apos;, contextCustomizers = set[org.springframework.boot.test.context.filter.ExcludeFilterContextCustomizer@7fe8ea47, org.springframework.boot.test.json.DuplicateJsonObjectContextCustomizerFactory$DuplicateJsonObjectContextCustomizer@255b53dc, org.springframework.boot.test.mock.mockito.MockitoContextCustomizer@0, org.springframework.boot.test.web.client.TestRestTemplateContextCustomizer@145eaa29, org.springframework.boot.test.autoconfigure.properties.PropertyMappingContextCustomizer@0, org.springframework.boot.test.autoconfigure.web.servlet.WebDriverContextCustomizerFactory$Customizer@ca263c2, org.springframework.test.context.web.socket.MockServerContainerContextCustomizer@4c6e276e], resourceBasePath = &apos;src/main/webapp&apos;, contextLoader = &apos;org.springframework.boot.test.context.SpringBootContextLoader&apos;, parent = [null]], attributes = map[&apos;org.springframework.test.context.web.ServletTestExecutionListener.activateListener&apos; -&gt; true]], class annotated with @DirtiesContext [false] with mode [null].
13:04:33.076 [main] DEBUG org.springframework.test.annotation.ProfileValueUtils - Retrieved @ProfileValueSourceConfiguration [null] for test class [zg.controller.LoginControTest]
13:04:33.076 [main] DEBUG org.springframework.test.annotation.ProfileValueUtils - Retrieved ProfileValueSource type [class org.springframework.test.annotation.SystemProfileValueSource] for class [zg.controller.LoginControTest]
13:04:33.109 [main] DEBUG org.springframework.core.env.StandardEnvironment - Adding PropertySource &apos;systemProperties&apos; with lowest search precedence
13:04:33.110 [main] DEBUG org.springframework.core.env.StandardEnvironment - Adding PropertySource &apos;systemEnvironment&apos; with lowest search precedence
13:04:33.110 [main] DEBUG org.springframework.core.env.StandardEnvironment - Initialized StandardEnvironment with PropertySources [MapPropertySource@50699452 {name=&apos;systemProperties&apos;, properties={java.runtime.name=Java(TM) SE Runtime Environment, sun.boot.library.path=C:\Program Files\Java\jdk1.8.0_152\jre\bin, java.vm.version=25.152-b16, java.vm.vendor=Oracle Corporation, java.vendor.url=http://java.oracle.com/, path.separator=;, java.vm.name=Java HotSpot(TM) 64-Bit Server VM, file.encoding.pkg=sun.io, user.country=CN, user.script=, sun.java.launcher=SUN_STANDARD, sun.os.patch.level=, java.vm.specification.name=Java Virtual Machine Specification, user.dir=E:\eclipse my all Info\temp\own_workspace\micro_work_place\microservice\microservice-userCenter, java.runtime.version=1.8.0_152-b16, basedir=E:\eclipse my all Info\temp\own_workspace\micro_work_place\microservice\microservice-userCenter, java.awt.graphicsenv=sun.awt.Win32GraphicsEnvironment, java.endorsed.dirs=C:\Program Files\Java\jdk1.8.0_152\jre\lib\endorsed, os.arch=amd64, surefire.real.class.path=E:\eclipse my all Info\temp\own_workspace\micro_work_place\microservice\microservice-userCenter\target\surefire\surefirebooter5344830789965359323.jar, java.io.tmpdir=C:\Users\yanghua\AppData\Local\Temp\, line.separator=
, java.vm.specification.vendor=Oracle Corporation, user.variant=, os.name=Windows 10, sun.jnu.encoding=GBK, java.library.path=C:\Program Files\Java\jdk1.8.0_152\jre\bin;C:\WINDOWS\Sun\Java\bin;C:\WINDOWS\system32;C:\WINDOWS;C:/Program Files/Java/jre1.8.0_152/bin/server;C:/Program Files/Java/jre1.8.0_152/bin;C:/Program Files/Java/jre1.8.0_152/lib/amd64;C:\app\yanghua\product\11.2.0\dbhome_1\bin;C:\app\yanghua\product\11.2.0\client_1;C:\Program Files (x86)\Common Files\NetSarang;C:\ProgramData\Oracle\Java\javapath;C:\Program Files\Java\jdk1.8.0_152\bin;C:\Program Files\Java\jdk1.8.0_152\jre\bin;C:\Windows\System32;E:\eclipse my all Info\temp\webservice\apache-cxf-3.2.2\bin;E:\eclipse my all Info\apache-maven-3.5.0\bin;E:\eclipse my all Info\apache-tomcat-7.0.81\bin;C:\WINDOWS\system32;C:\WINDOWS;C:\WINDOWS\System32\Wbem;C:\WINDOWS\System32\WindowsPowerShell\v1.0\;E:\Tomacat\apache-tomcat-8.5.35\lib;E:\Tomacat\apache-tomcat-8.5.35\bin;C:\WINDOWS\System32\OpenSSH\;F:\mysql\mysql-8.0.11-winx64\bin;E:\redis;C:\Users\yanghua\AppData\Local\Microsoft\WindowsApps;;E:\eclipse my all Info\temp\eclipse;;., surefire.test.class.path=E:\eclipse my all Info\temp\own_workspace\micro_work_place\microservice\microservice-userCenter\target\test-classes;E:\eclipse my all Info\temp\own_workspace\micro_work_place\microservice\microservice-userCenter\target\classes;E:\eclipse my all Info\own_maven_store\repository\cn\basic\springcloud\microservice-api\0.0.1-SNAPSHOT\microservice-api-0.0.1-SNAPSHOT.jar;E:\eclipse my all Info\own_maven_store\repository\org\projectlombok\lombok\1.16.22\lombok-1.16.22.jar;E:\eclipse my all Info\own_maven_store\repository\org\springframework\cloud\spring-cloud-starter-openfeign\2.0.2.RELEASE\spring-cloud-starter-openfeign-2.0.2.RELEASE.jar;E:\eclipse my all Info\own_maven_store\repository\org\springframework\cloud\spring-cloud-openfeign-core\2.0.2.RELEASE\spring-cloud-openfeign-core-2.0.2.RELEASE.jar;E:\eclipse my all Info\own_maven_store\repository\io\github\openfeign\form\feign-form-spring\3.3.0\feign-form-spring-3.3.0.jar;E:\eclipse my all Info\own_maven_store\repository\io\github\openfeign\form\feign-form\3.3.0\feign-form-3.3.0.jar;E:\eclipse my all Info\own_maven_store\repository\com\google\code\findbugs\annotations\3.0.1\annotations-3.0.1.jar;E:\eclipse my all Info\own_maven_store\repository\net\jcip\jcip-annotations\1.0\jcip-annotations-1.0.jar;E:\eclipse my all Info\own_maven_store\repository\com\google\code\findbugs\jsr305\3.0.1\jsr305-3.0.1.jar;E:\eclipse my all Info\own_maven_store\repository\commons-fileupload\commons-fileupload\1.3.3\commons-fileupload-1.3.3.jar;E:\eclipse my all Info\own_maven_store\repository\commons-io\commons-io\2.2\commons-io-2.2.jar;E:\eclipse my all Info\own_maven_store\repository\org\springframework\cloud\spring-cloud-commons\2.0.2.RELEASE\spring-cloud-commons-2.0.2.RELEASE.jar;E:\eclipse my all Info\own_maven_store\repository\org\springframework\security\spring-security-crypto\5.0.9.RELEASE\spring-security-crypto-5.0.9.RELEASE.jar;E:\eclipse my all Info\own_maven_store\repository\io\github\openfeign\feign-core\9.7.0\feign-core-9.7.0.jar;E:\eclipse my all Info\own_maven_store\repository\io\github\openfeign\feign-slf4j\9.7.0\feign-slf4j-9.7.0.jar;E:\eclipse my all Info\own_maven_store\repository\io\github\openfeign\feign-hystrix\9.7.0\feign-hystrix-9.7.0.jar;E:\eclipse my all Info\own_maven_store\repository\com\netflix\hystrix\hystrix-core\1.5.12\hystrix-core-1.5.12.jar;E:\eclipse my all Info\own_maven_store\repository\io\github\openfeign\feign-java8\9.7.0\feign-java8-9.7.0.jar;E:\eclipse my all Info\own_maven_store\repository\org\apache\shiro\shiro-spring\1.4.0\shiro-spring-1.4.0.jar;E:\eclipse my all Info\own_maven_store\repository\org\apache\shiro\shiro-core\1.4.0\shiro-core-1.4.0.jar;E:\eclipse my all Info\own_maven_store\repository\org\apache\shiro\shiro-lang\1.4.0\shiro-lang-1.4.0.jar;E:\eclipse my all Info\own_maven_store\repository\org\apache\shiro\shiro-crypto-hash\1.4.0\shiro-crypto-hash-1.4.0.jar;E:\eclipse my all Info\own_maven_store\repository\org\apache\shiro\shiro-crypto-core\1.4.0\shiro-crypto-core-1.4.0.jar;E:\eclipse my all Info\own_maven_store\repository\org\apache\shiro\shiro-crypto-cipher\1.4.0\shiro-crypto-cipher-1.4.0.jar;E:\eclipse my all Info\own_maven_store\repository\org\apache\shiro\shiro-config-core\1.4.0\shiro-config-core-1.4.0.jar;E:\eclipse my all Info\own_maven_store\repository\org\apache\shiro\shiro-config-ogdl\1.4.0\shiro-config-ogdl-1.4.0.jar;E:\eclipse my all Info\own_maven_store\repository\commons-beanutils\commons-beanutils\1.9.3\commons-beanutils-1.9.3.jar;E:\eclipse my all Info\own_maven_store\repository\org\apache\shiro\shiro-event\1.4.0\shiro-event-1.4.0.jar;E:\eclipse my all Info\own_maven_store\repository\org\apache\shiro\shiro-web\1.4.0\shiro-web-1.4.0.jar;E:\eclipse my all Info\own_maven_store\repository\org\apache\shiro\shiro-ehcache\1.4.0\shiro-ehcache-1.4.0.jar;E:\eclipse my all Info\own_maven_store\repository\org\apache\shiro\shiro-cache\1.4.0\shiro-cache-1.4.0.jar;E:\eclipse my all Info\own_maven_store\repository\net\sf\ehcache\ehcache-core\2.6.11\ehcache-core-2.6.11.jar;E:\eclipse my all Info\own_maven_store\repository\org\crazycake\shiro-redis\2.4.2.1-RELEASE\shiro-redis-2.4.2.1-RELEASE.jar;E:\eclipse my all Info\own_maven_store\repository\redis\clients\jedis\2.9.0\jedis-2.9.0.jar;E:\eclipse my all Info\own_maven_store\repository\org\apache\commons\commons-pool2\2.5.0\commons-pool2-2.5.0.jar;E:\eclipse my all Info\own_maven_store\repository\org\slf4j\slf4j-api\1.7.25\slf4j-api-1.7.25.jar;E:\eclipse my all Info\own_maven_store\repository\org\apache\commons\commons-lang3\3.7\commons-lang3-3.7.jar;E:\eclipse my all Info\own_maven_store\repository\org\springframework\boot\spring-boot-starter-logging\2.0.6.RELEASE\spring-boot-starter-logging-2.0.6.RELEASE.jar;E:\eclipse my all Info\own_maven_store\repository\ch\qos\logback\logback-classic\1.2.3\logback-classic-1.2.3.jar;E:\eclipse my all Info\own_maven_store\repository\org\apache\logging\log4j\log4j-to-slf4j\2.10.0\log4j-to-slf4j-2.10.0.jar;E:\eclipse my all Info\own_maven_store\repository\org\apache\logging\log4j\log4j-api\2.10.0\log4j-api-2.10.0.jar;E:\eclipse my all Info\own_maven_store\repository\org\slf4j\jul-to-slf4j\1.7.25\jul-to-slf4j-1.7.25.jar;E:\eclipse my all Info\own_maven_store\repository\junit\junit\4.12\junit-4.12.jar;E:\eclipse my all Info\own_maven_store\repository\org\hamcrest\hamcrest-core\1.3\hamcrest-core-1.3.jar;E:\eclipse my all Info\own_maven_store\repository\mysql\mysql-connector-java\5.1.46\mysql-connector-java-5.1.46.jar;E:\eclipse my all Info\own_maven_store\repository\org\springframework\boot\spring-boot-starter-jdbc\2.0.6.RELEASE\spring-boot-starter-jdbc-2.0.6.RELEASE.jar;E:\eclipse my all Info\own_maven_store\repository\org\springframework\boot\spring-boot-starter\2.0.6.RELEASE\spring-boot-starter-2.0.6.RELEASE.jar;E:\eclipse my all Info\own_maven_store\repository\org\springframework\boot\spring-boot\2.0.6.RELEASE\spring-boot-2.0.6.RELEASE.jar;E:\eclipse my all Info\own_maven_store\repository\org\springframework\boot\spring-boot-autoconfigure\2.0.6.RELEASE\spring-boot-autoconfigure-2.0.6.RELEASE.jar;E:\eclipse my all Info\own_maven_store\repository\javax\annotation\javax.annotation-api\1.3.2\javax.annotation-api-1.3.2.jar;E:\eclipse my all Info\own_maven_store\repository\org\yaml\snakeyaml\1.19\snakeyaml-1.19.jar;E:\eclipse my all Info\own_maven_store\repository\com\zaxxer\HikariCP\2.7.9\HikariCP-2.7.9.jar;E:\eclipse my all Info\own_maven_store\repository\org\springframework\spring-jdbc\5.0.10.RELEASE\spring-jdbc-5.0.10.RELEASE.jar;E:\eclipse my all Info\own_maven_store\repository\org\springframework\spring-beans\5.0.10.RELEASE\spring-beans-5.0.10.RELEASE.jar;E:\eclipse my all Info\own_maven_store\repository\org\springframework\spring-tx\5.0.10.RELEASE\spring-tx-5.0.10.RELEASE.jar;E:\eclipse my all Info\own_maven_store\repository\ch\qos\logback\logback-core\1.2.3\logback-core-1.2.3.jar;E:\eclipse my all Info\own_maven_store\repository\org\mybatis\spring\boot\mybatis-spring-boot-starter\1.3.0\mybatis-spring-boot-starter-1.3.0.jar;E:\eclipse my all Info\own_maven_store\repository\org\mybatis\spring\boot\mybatis-spring-boot-autoconfigure\1.3.0\mybatis-spring-boot-autoconfigure-1.3.0.jar;E:\eclipse my all Info\own_maven_store\repository\org\mybatis\mybatis\3.4.4\mybatis-3.4.4.jar;E:\eclipse my all Info\own_maven_store\repository\org\mybatis\mybatis-spring\1.3.1\mybatis-spring-1.3.1.jar;E:\eclipse my all Info\own_maven_store\repository\org\springframework\boot\spring-boot-starter-jetty\2.0.6.RELEASE\spring-boot-starter-jetty-2.0.6.RELEASE.jar;E:\eclipse my all Info\own_maven_store\repository\org\eclipse\jetty\jetty-servlets\9.4.12.v20180830\jetty-servlets-9.4.12.v20180830.jar;E:\eclipse my all Info\own_maven_store\repository\org\eclipse\jetty\jetty-continuation\9.4.12.v20180830\jetty-continuation-9.4.12.v20180830.jar;E:\eclipse my all Info\own_maven_store\repository\org\eclipse\jetty\jetty-http\9.4.12.v20180830\jetty-http-9.4.12.v20180830.jar;E:\eclipse my all Info\own_maven_store\repository\org\eclipse\jetty\jetty-util\9.4.12.v20180830\jetty-util-9.4.12.v20180830.jar;E:\eclipse my all Info\own_maven_store\repository\org\eclipse\jetty\jetty-io\9.4.12.v20180830\jetty-io-9.4.12.v20180830.jar;E:\eclipse my all Info\own_maven_store\repository\org\eclipse\jetty\jetty-webapp\9.4.12.v20180830\jetty-webapp-9.4.12.v20180830.jar;E:\eclipse my all Info\own_maven_store\repository\org\eclipse\jetty\jetty-xml\9.4.12.v20180830\jetty-xml-9.4.12.v20180830.jar;E:\eclipse my all Info\own_maven_store\repository\org\eclipse\jetty\jetty-servlet\9.4.12.v20180830\jetty-servlet-9.4.12.v20180830.jar;E:\eclipse my all Info\own_maven_store\repository\org\eclipse\jetty\jetty-security\9.4.12.v20180830\jetty-security-9.4.12.v20180830.jar;E:\eclipse my all Info\own_maven_store\repository\org\eclipse\jetty\jetty-server\9.4.12.v20180830\jetty-server-9.4.12.v20180830.jar;E:\eclipse my all Info\own_maven_store\repository\org\eclipse\jetty\websocket\websocket-server\9.4.12.v20180830\websocket-server-9.4.12.v20180830.jar;E:\eclipse my all Info\own_maven_store\repository\org\eclipse\jetty\websocket\websocket-common\9.4.12.v20180830\websocket-common-9.4.12.v20180830.jar;E:\eclipse my all Info\own_maven_store\repository\org\eclipse\jetty\websocket\websocket-api\9.4.12.v20180830\websocket-api-9.4.12.v20180830.jar;E:\eclipse my all Info\own_maven_store\repository\org\eclipse\jetty\websocket\websocket-client\9.4.12.v20180830\websocket-client-9.4.12.v20180830.jar;E:\eclipse my all Info\own_maven_store\repository\org\eclipse\jetty\jetty-client\9.4.12.v20180830\jetty-client-9.4.12.v20180830.jar;E:\eclipse my all Info\own_maven_store\repository\org\eclipse\jetty\websocket\websocket-servlet\9.4.12.v20180830\websocket-servlet-9.4.12.v20180830.jar;E:\eclipse my all Info\own_maven_store\repository\javax\servlet\javax.servlet-api\3.1.0\javax.servlet-api-3.1.0.jar;E:\eclipse my all Info\own_maven_store\repository\org\eclipse\jetty\websocket\javax-websocket-server-impl\9.4.12.v20180830\javax-websocket-server-impl-9.4.12.v20180830.jar;E:\eclipse my all Info\own_maven_store\repository\org\eclipse\jetty\jetty-annotations\9.4.12.v20180830\jetty-annotations-9.4.12.v20180830.jar;E:\eclipse my all Info\own_maven_store\repository\org\eclipse\jetty\jetty-plus\9.4.12.v20180830\jetty-plus-9.4.12.v20180830.jar;E:\eclipse my all Info\own_maven_store\repository\org\ow2\asm\asm\6.2\asm-6.2.jar;E:\eclipse my all Info\own_maven_store\repository\org\ow2\asm\asm-commons\6.2\asm-commons-6.2.jar;E:\eclipse my all Info\own_maven_store\repository\org\ow2\asm\asm-tree\6.2\asm-tree-6.2.jar;E:\eclipse my all Info\own_maven_store\repository\org\ow2\asm\asm-analysis\6.2\asm-analysis-6.2.jar;E:\eclipse my all Info\own_maven_store\repository\org\eclipse\jetty\websocket\javax-websocket-client-impl\9.4.12.v20180830\javax-websocket-client-impl-9.4.12.v20180830.jar;E:\eclipse my all Info\own_maven_store\repository\javax\websocket\javax.websocket-api\1.0\javax.websocket-api-1.0.jar;E:\eclipse my all Info\own_maven_store\repository\org\mortbay\jasper\apache-el\8.5.33\apache-el-8.5.33.jar;E:\eclipse my all Info\own_maven_store\repository\org\springframework\boot\spring-boot-starter-web\2.0.6.RELEASE\spring-boot-starter-web-2.0.6.RELEASE.jar;E:\eclipse my all Info\own_maven_store\repository\org\springframework\boot\spring-boot-starter-json\2.0.6.RELEASE\spring-boot-starter-json-2.0.6.RELEASE.jar;E:\eclipse my all Info\own_maven_store\repository\com\fasterxml\jackson\datatype\jackson-datatype-jdk8\2.9.7\jackson-datatype-jdk8-2.9.7.jar;E:\eclipse my all Info\own_maven_store\repository\com\fasterxml\jackson\datatype\jackson-datatype-jsr310\2.9.7\jackson-datatype-jsr310-2.9.7.jar;E:\eclipse my all Info\own_maven_store\repository\com\fasterxml\jackson\module\jackson-module-parameter-names\2.9.7\jackson-module-parameter-names-2.9.7.jar;E:\eclipse my all Info\own_maven_store\repository\org\springframework\boot\spring-boot-starter-tomcat\2.0.6.RELEASE\spring-boot-starter-tomcat-2.0.6.RELEASE.jar;E:\eclipse my all Info\own_maven_store\repository\org\apache\tomcat\embed\tomcat-embed-core\8.5.34\tomcat-embed-core-8.5.34.jar;E:\eclipse my all Info\own_maven_store\repository\org\apache\tomcat\embed\tomcat-embed-el\8.5.34\tomcat-embed-el-8.5.34.jar;E:\eclipse my all Info\own_maven_store\repository\org\apache\tomcat\embed\tomcat-embed-websocket\8.5.34\tomcat-embed-websocket-8.5.34.jar;E:\eclipse my all Info\own_maven_store\repository\org\hibernate\validator\hibernate-validator\6.0.13.Final\hibernate-validator-6.0.13.Final.jar;E:\eclipse my all Info\own_maven_store\repository\javax\validation\validation-api\2.0.1.Final\validation-api-2.0.1.Final.jar;E:\eclipse my all Info\own_maven_store\repository\org\jboss\logging\jboss-logging\3.3.2.Final\jboss-logging-3.3.2.Final.jar;E:\eclipse my all Info\own_maven_store\repository\com\fasterxml\classmate\1.3.4\classmate-1.3.4.jar;E:\eclipse my all Info\own_maven_store\repository\org\springframework\spring-web\5.0.10.RELEASE\spring-web-5.0.10.RELEASE.jar;E:\eclipse my all Info\own_maven_store\repository\org\springframework\spring-webmvc\5.0.10.RELEASE\spring-webmvc-5.0.10.RELEASE.jar;E:\eclipse my all Info\own_maven_store\repository\org\springframework\spring-aop\5.0.10.RELEASE\spring-aop-5.0.10.RELEASE.jar;E:\eclipse my all Info\own_maven_store\repository\org\springframework\spring-context\5.0.10.RELEASE\spring-context-5.0.10.RELEASE.jar;E:\eclipse my all Info\own_maven_store\repository\org\springframework\spring-expression\5.0.10.RELEASE\spring-expression-5.0.10.RELEASE.jar;E:\eclipse my all Info\own_maven_store\repository\org\springframework\boot\spring-boot-starter-test\2.0.6.RELEASE\spring-boot-starter-test-2.0.6.RELEASE.jar;E:\eclipse my all Info\own_maven_store\repository\org\springframework\boot\spring-boot-test\2.0.6.RELEASE\spring-boot-test-2.0.6.RELEASE.jar;E:\eclipse my all Info\own_maven_store\repository\org\springframework\boot\spring-boot-test-autoconfigure\2.0.6.RELEASE\spring-boot-test-autoconfigure-2.0.6.RELEASE.jar;E:\eclipse my all Info\own_maven_store\repository\com\jayway\jsonpath\json-path\2.4.0\json-path-2.4.0.jar;E:\eclipse my all Info\own_maven_store\repository\net\minidev\json-smart\2.3\json-smart-2.3.jar;E:\eclipse my all Info\own_maven_store\repository\net\minidev\accessors-smart\1.2\accessors-smart-1.2.jar;E:\eclipse my all Info\own_maven_store\repository\org\assertj\assertj-core\3.9.1\assertj-core-3.9.1.jar;E:\eclipse my all Info\own_maven_store\repository\org\mockito\mockito-core\2.15.0\mockito-core-2.15.0.jar;E:\eclipse my all Info\own_maven_store\repository\net\bytebuddy\byte-buddy\1.7.11\byte-buddy-1.7.11.jar;E:\eclipse my all Info\own_maven_store\repository\net\bytebuddy\byte-buddy-agent\1.7.11\byte-buddy-agent-1.7.11.jar;E:\eclipse my all Info\own_maven_store\repository\org\objenesis\objenesis\2.6\objenesis-2.6.jar;E:\eclipse my all Info\own_maven_store\repository\org\hamcrest\hamcrest-library\1.3\hamcrest-library-1.3.jar;E:\eclipse my all Info\own_maven_store\repository\org\skyscreamer\jsonassert\1.5.0\jsonassert-1.5.0.jar;E:\eclipse my all Info\own_maven_store\repository\com\vaadin\external\google\android-json\0.0.20131108.vaadin1\android-json-0.0.20131108.vaadin1.jar;E:\eclipse my all Info\own_maven_store\repository\org\springframework\spring-core\5.0.10.RELEASE\spring-core-5.0.10.RELEASE.jar;E:\eclipse my all Info\own_maven_store\repository\org\springframework\spring-jcl\5.0.10.RELEASE\spring-jcl-5.0.10.RELEASE.jar;E:\eclipse my all Info\own_maven_store\repository\org\springframework\spring-test\5.0.10.RELEASE\spring-test-5.0.10.RELEASE.jar;E:\eclipse my all Info\own_maven_store\repository\org\xmlunit\xmlunit-core\2.5.1\xmlunit-core-2.5.1.jar;E:\eclipse my all Info\own_maven_store\repository\org\springframework\cloud\spring-cloud-starter-netflix-eureka-client\2.0.2.RELEASE\spring-cloud-starter-netflix-eureka-client-2.0.2.RELEASE.jar;E:\eclipse my all Info\own_maven_store\repository\org\springframework\cloud\spring-cloud-starter\2.0.2.RELEASE\spring-cloud-starter-2.0.2.RELEASE.jar;E:\eclipse my all Info\own_maven_store\repository\org\springframework\cloud\spring-cloud-context\2.0.2.RELEASE\spring-cloud-context-2.0.2.RELEASE.jar;E:\eclipse my all Info\own_maven_store\repository\org\springframework\security\spring-security-rsa\1.0.7.RELEASE\spring-security-rsa-1.0.7.RELEASE.jar;E:\eclipse my all Info\own_maven_store\repository\org\bouncycastle\bcpkix-jdk15on\1.60\bcpkix-jdk15on-1.60.jar;E:\eclipse my all Info\own_maven_store\repository\org\bouncycastle\bcprov-jdk15on\1.60\bcprov-jdk15on-1.60.jar;E:\eclipse my all Info\own_maven_store\repository\org\springframework\cloud\spring-cloud-netflix-core\2.0.2.RELEASE\spring-cloud-netflix-core-2.0.2.RELEASE.jar;E:\eclipse my all Info\own_maven_store\repository\org\springframework\boot\spring-boot-starter-aop\2.0.6.RELEASE\spring-boot-starter-aop-2.0.6.RELEASE.jar;E:\eclipse my all Info\own_maven_store\repository\org\aspectj\aspectjweaver\1.8.13\aspectjweaver-1.8.13.jar;E:\eclipse my all Info\own_maven_store\repository\org\springframework\cloud\spring-cloud-netflix-eureka-client\2.0.2.RELEASE\spring-cloud-netflix-eureka-client-2.0.2.RELEASE.jar;E:\eclipse my all Info\own_maven_store\repository\com\netflix\eureka\eureka-client\1.9.3\eureka-client-1.9.3.jar;E:\eclipse my all Info\own_maven_store\repository\org\codehaus\jettison\jettison\1.3.7\jettison-1.3.7.jar;E:\eclipse my all Info\own_maven_store\repository\stax\stax-api\1.0.1\stax-api-1.0.1.jar;E:\eclipse my all Info\own_maven_store\repository\com\netflix\netflix-commons\netflix-eventbus\0.3.0\netflix-eventbus-0.3.0.jar;E:\eclipse my all Info\own_maven_store\repository\com\netflix\netflix-commons\netflix-infix\0.3.0\netflix-infix-0.3.0.jar;E:\eclipse my all Info\own_maven_store\repository\commons-jxpath\commons-jxpath\1.3\commons-jxpath-1.3.jar;E:\eclipse my all Info\own_maven_store\repository\joda-time\joda-time\2.9.9\joda-time-2.9.9.jar;E:\eclipse my all Info\own_maven_store\repository\org\antlr\antlr-runtime\3.4\antlr-runtime-3.4.jar;E:\eclipse my all Info\own_maven_store\repository\org\antlr\stringtemplate\3.2.1\stringtemplate-3.2.1.jar;E:\eclipse my all Info\own_maven_store\repository\antlr\antlr\2.7.7\antlr-2.7.7.jar;E:\eclipse my all Info\own_maven_store\repository\com\google\code\gson\gson\2.8.5\gson-2.8.5.jar;E:\eclipse my all Info\own_maven_store\repository\org\apache\commons\commons-math\2.2\commons-math-2.2.jar;E:\eclipse my all Info\own_maven_store\repository\com\netflix\archaius\archaius-core\0.7.6\archaius-core-0.7.6.jar;E:\eclipse my all Info\own_maven_store\repository\com\google\guava\guava\16.0\guava-16.0.jar;E:\eclipse my all Info\own_maven_store\repository\javax\ws\rs\jsr311-api\1.1.1\jsr311-api-1.1.1.jar;E:\eclipse my all Info\own_maven_store\repository\com\netflix\servo\servo-core\0.12.21\servo-core-0.12.21.jar;E:\eclipse my all Info\own_maven_store\repository\com\sun\jersey\jersey-core\1.19.1\jersey-core-1.19.1.jar;E:\eclipse my all Info\own_maven_store\repository\com\sun\jersey\jersey-client\1.19.1\jersey-client-1.19.1.jar;E:\eclipse my all Info\own_maven_store\repository\com\sun\jersey\contribs\jersey-apache-client4\1.19.1\jersey-apache-client4-1.19.1.jar;E:\eclipse my all Info\own_maven_store\repository\org\apache\httpcomponents\httpclient\4.5.6\httpclient-4.5.6.jar;E:\eclipse my all Info\own_maven_store\repository\org\apache\httpcomponents\httpcore\4.4.10\httpcore-4.4.10.jar;E:\eclipse my all Info\own_maven_store\repository\commons-codec\commons-codec\1.11\commons-codec-1.11.jar;E:\eclipse my all Info\own_maven_store\repository\com\google\inject\guice\4.1.0\guice-4.1.0.jar;E:\eclipse my all Info\own_maven_store\repository\javax\inject\javax.inject\1\javax.inject-1.jar;E:\eclipse my all Info\own_maven_store\repository\aopalliance\aopalliance\1.0\aopalliance-1.0.jar;E:\eclipse my all Info\own_maven_store\repository\com\github\vlsi\compactmap\compactmap\1.2.1\compactmap-1.2.1.jar;E:\eclipse my all Info\own_maven_store\repository\com\github\andrewoma\dexx\dexx-collections\0.2\dexx-collections-0.2.jar;E:\eclipse my all Info\own_maven_store\repository\com\fasterxml\jackson\core\jackson-annotations\2.9.0\jackson-annotations-2.9.0.jar;E:\eclipse my all Info\own_maven_store\repository\com\fasterxml\jackson\core\jackson-core\2.9.7\jackson-core-2.9.7.jar;E:\eclipse my all Info\own_maven_store\repository\com\netflix\eureka\eureka-core\1.9.3\eureka-core-1.9.3.jar;E:\eclipse my all Info\own_maven_store\repository\org\codehaus\woodstox\woodstox-core-asl\4.4.1\woodstox-core-asl-4.4.1.jar;E:\eclipse my all Info\own_maven_store\repository\javax\xml\stream\stax-api\1.0-2\stax-api-1.0-2.jar;E:\eclipse my all Info\own_maven_store\repository\org\codehaus\woodstox\stax2-api\3.1.4\stax2-api-3.1.4.jar;E:\eclipse my all Info\own_maven_store\repository\org\springframework\cloud\spring-cloud-starter-netflix-archaius\2.0.2.RELEASE\spring-cloud-starter-netflix-archaius-2.0.2.RELEASE.jar;E:\eclipse my all Info\own_maven_store\repository\org\springframework\cloud\spring-cloud-netflix-ribbon\2.0.2.RELEASE\spring-cloud-netflix-ribbon-2.0.2.RELEASE.jar;E:\eclipse my all Info\own_maven_store\repository\org\springframework\cloud\spring-cloud-netflix-archaius\2.0.2.RELEASE\spring-cloud-netflix-archaius-2.0.2.RELEASE.jar;E:\eclipse my all Info\own_maven_store\repository\commons-configuration\commons-configuration\1.8\commons-configuration-1.8.jar;E:\eclipse my all Info\own_maven_store\repository\commons-lang\commons-lang\2.6\commons-lang-2.6.jar;E:\eclipse my all Info\own_maven_store\repository\org\springframework\cloud\spring-cloud-starter-netflix-ribbon\2.0.2.RELEASE\spring-cloud-starter-netflix-ribbon-2.0.2.RELEASE.jar;E:\eclipse my all Info\own_maven_store\repository\com\netflix\ribbon\ribbon\2.2.5\ribbon-2.2.5.jar;E:\eclipse my all Info\own_maven_store\repository\com\netflix\ribbon\ribbon-transport\2.2.5\ribbon-transport-2.2.5.jar;E:\eclipse my all Info\own_maven_store\repository\io\reactivex\rxnetty-contexts\0.4.9\rxnetty-contexts-0.4.9.jar;E:\eclipse my all Info\own_maven_store\repository\io\reactivex\rxnetty-servo\0.4.9\rxnetty-servo-0.4.9.jar;E:\eclipse my all Info\own_maven_store\repository\io\reactivex\rxnetty\0.4.9\rxnetty-0.4.9.jar;E:\eclipse my all Info\own_maven_store\repository\com\netflix\ribbon\ribbon-core\2.2.5\ribbon-core-2.2.5.jar;E:\eclipse my all Info\own_maven_store\repository\com\netflix\ribbon\ribbon-httpclient\2.2.5\ribbon-httpclient-2.2.5.jar;E:\eclipse my all Info\own_maven_store\repository\commons-collections\commons-collections\3.2.2\commons-collections-3.2.2.jar;E:\eclipse my all Info\own_maven_store\repository\com\netflix\netflix-commons\netflix-commons-util\0.3.0\netflix-commons-util-0.3.0.jar;E:\eclipse my all Info\own_maven_store\repository\com\netflix\ribbon\ribbon-loadbalancer\2.2.5\ribbon-loadbalancer-2.2.5.jar;E:\eclipse my all Info\own_maven_store\repository\com\netflix\netflix-commons\netflix-statistics\0.1.1\netflix-statistics-0.1.1.jar;E:\eclipse my all Info\own_maven_store\repository\io\reactivex\rxjava\1.2.0\rxjava-1.2.0.jar;E:\eclipse my all Info\own_maven_store\repository\com\netflix\ribbon\ribbon-eureka\2.2.5\ribbon-eureka-2.2.5.jar;E:\eclipse my all Info\own_maven_store\repository\com\thoughtworks\xstream\xstream\1.4.10\xstream-1.4.10.jar;E:\eclipse my all Info\own_maven_store\repository\xmlpull\xmlpull\1.1.3.1\xmlpull-1.1.3.1.jar;E:\eclipse my all Info\own_maven_store\repository\xpp3\xpp3_min\1.1.4c\xpp3_min-1.1.4c.jar;E:\eclipse my all Info\own_maven_store\repository\org\springframework\cloud\spring-cloud-starter-config\2.0.2.RELEASE\spring-cloud-starter-config-2.0.2.RELEASE.jar;E:\eclipse my all Info\own_maven_store\repository\org\springframework\cloud\spring-cloud-config-client\2.0.2.RELEASE\spring-cloud-config-client-2.0.2.RELEASE.jar;E:\eclipse my all Info\own_maven_store\repository\com\fasterxml\jackson\core\jackson-databind\2.9.7\jackson-databind-2.9.7.jar;E:\eclipse my all Info\own_maven_store\repository\org\springframework\boot\spring-boot-starter-actuator\2.0.6.RELEASE\spring-boot-starter-actuator-2.0.6.RELEASE.jar;E:\eclipse my all Info\own_maven_store\repository\org\springframework\boot\spring-boot-actuator-autoconfigure\2.0.6.RELEASE\spring-boot-actuator-autoconfigure-2.0.6.RELEASE.jar;E:\eclipse my all Info\own_maven_store\repository\org\springframework\boot\spring-boot-actuator\2.0.6.RELEASE\spring-boot-actuator-2.0.6.RELEASE.jar;E:\eclipse my all Info\own_maven_store\repository\io\micrometer\micrometer-core\1.0.7\micrometer-core-1.0.7.jar;E:\eclipse my all Info\own_maven_store\repository\org\hdrhistogram\HdrHistogram\2.1.10\HdrHistogram-2.1.10.jar;E:\eclipse my all Info\own_maven_store\repository\org\latencyutils\LatencyUtils\2.0.3\LatencyUtils-2.0.3.jar;, java.specification.name=Java Platform API Specification, java.class.version=52.0, sun.management.compiler=HotSpot 64-Bit Tiered Compilers, os.version=10.0, user.home=C:\Users\yanghua, user.timezone=Asia/Shanghai, java.awt.printerjob=sun.awt.windows.WPrinterJob, file.encoding=GBK, java.specification.version=1.8, java.class.path=E:\eclipse my all Info\temp\own_workspace\micro_work_place\microservice\microservice-userCenter\target\test-classes;E:\eclipse my all Info\temp\own_workspace\micro_work_place\microservice\microservice-userCenter\target\classes;E:\eclipse my all Info\own_maven_store\repository\cn\basic\springcloud\microservice-api\0.0.1-SNAPSHOT\microservice-api-0.0.1-SNAPSHOT.jar;E:\eclipse my all Info\own_maven_store\repository\org\projectlombok\lombok\1.16.22\lombok-1.16.22.jar;E:\eclipse my all Info\own_maven_store\repository\org\springframework\cloud\spring-cloud-starter-openfeign\2.0.2.RELEASE\spring-cloud-starter-openfeign-2.0.2.RELEASE.jar;E:\eclipse my all Info\own_maven_store\repository\org\springframework\cloud\spring-cloud-openfeign-core\2.0.2.RELEASE\spring-cloud-openfeign-core-2.0.2.RELEASE.jar;E:\eclipse my all Info\own_maven_store\repository\io\github\openfeign\form\feign-form-spring\3.3.0\feign-form-spring-3.3.0.jar;E:\eclipse my all Info\own_maven_store\repository\io\github\openfeign\form\feign-form\3.3.0\feign-form-3.3.0.jar;E:\eclipse my all Info\own_maven_store\repository\com\google\code\findbugs\annotations\3.0.1\annotations-3.0.1.jar;E:\eclipse my all Info\own_maven_store\repository\net\jcip\jcip-annotations\1.0\jcip-annotations-1.0.jar;E:\eclipse my all Info\own_maven_store\repository\com\google\code\findbugs\jsr305\3.0.1\jsr305-3.0.1.jar;E:\eclipse my all Info\own_maven_store\repository\commons-fileupload\commons-fileupload\1.3.3\commons-fileupload-1.3.3.jar;E:\eclipse my all Info\own_maven_store\repository\commons-io\commons-io\2.2\commons-io-2.2.jar;E:\eclipse my all Info\own_maven_store\repository\org\springframework\cloud\spring-cloud-commons\2.0.2.RELEASE\spring-cloud-commons-2.0.2.RELEASE.jar;E:\eclipse my all Info\own_maven_store\repository\org\springframework\security\spring-security-crypto\5.0.9.RELEASE\spring-security-crypto-5.0.9.RELEASE.jar;E:\eclipse my all Info\own_maven_store\repository\io\github\openfeign\feign-core\9.7.0\feign-core-9.7.0.jar;E:\eclipse my all Info\own_maven_store\repository\io\github\openfeign\feign-slf4j\9.7.0\feign-slf4j-9.7.0.jar;E:\eclipse my all Info\own_maven_store\repository\io\github\openfeign\feign-hystrix\9.7.0\feign-hystrix-9.7.0.jar;E:\eclipse my all Info\own_maven_store\repository\com\netflix\hystrix\hystrix-core\1.5.12\hystrix-core-1.5.12.jar;E:\eclipse my all Info\own_maven_store\repository\io\github\openfeign\feign-java8\9.7.0\feign-java8-9.7.0.jar;E:\eclipse my all Info\own_maven_store\repository\org\apache\shiro\shiro-spring\1.4.0\shiro-spring-1.4.0.jar;E:\eclipse my all Info\own_maven_store\repository\org\apache\shiro\shiro-core\1.4.0\shiro-core-1.4.0.jar;E:\eclipse my all Info\own_maven_store\repository\org\apache\shiro\shiro-lang\1.4.0\shiro-lang-1.4.0.jar;E:\eclipse my all Info\own_maven_store\repository\org\apache\shiro\shiro-crypto-hash\1.4.0\shiro-crypto-hash-1.4.0.jar;E:\eclipse my all Info\own_maven_store\repository\org\apache\shiro\shiro-crypto-core\1.4.0\shiro-crypto-core-1.4.0.jar;E:\eclipse my all Info\own_maven_store\repository\org\apache\shiro\shiro-crypto-cipher\1.4.0\shiro-crypto-cipher-1.4.0.jar;E:\eclipse my all Info\own_maven_store\repository\org\apache\shiro\shiro-config-core\1.4.0\shiro-config-core-1.4.0.jar;E:\eclipse my all Info\own_maven_store\repository\org\apache\shiro\shiro-config-ogdl\1.4.0\shiro-config-ogdl-1.4.0.jar;E:\eclipse my all Info\own_maven_store\repository\commons-beanutils\commons-beanutils\1.9.3\commons-beanutils-1.9.3.jar;E:\eclipse my all Info\own_maven_store\repository\org\apache\shiro\shiro-event\1.4.0\shiro-event-1.4.0.jar;E:\eclipse my all Info\own_maven_store\repository\org\apache\shiro\shiro-web\1.4.0\shiro-web-1.4.0.jar;E:\eclipse my all Info\own_maven_store\repository\org\apache\shiro\shiro-ehcache\1.4.0\shiro-ehcache-1.4.0.jar;E:\eclipse my all Info\own_maven_store\repository\org\apache\shiro\shiro-cache\1.4.0\shiro-cache-1.4.0.jar;E:\eclipse my all Info\own_maven_store\repository\net\sf\ehcache\ehcache-core\2.6.11\ehcache-core-2.6.11.jar;E:\eclipse my all Info\own_maven_store\repository\org\crazycake\shiro-redis\2.4.2.1-RELEASE\shiro-redis-2.4.2.1-RELEASE.jar;E:\eclipse my all Info\own_maven_store\repository\redis\clients\jedis\2.9.0\jedis-2.9.0.jar;E:\eclipse my all Info\own_maven_store\repository\org\apache\commons\commons-pool2\2.5.0\commons-pool2-2.5.0.jar;E:\eclipse my all Info\own_maven_store\repository\org\slf4j\slf4j-api\1.7.25\slf4j-api-1.7.25.jar;E:\eclipse my all Info\own_maven_store\repository\org\apache\commons\commons-lang3\3.7\commons-lang3-3.7.jar;E:\eclipse my all Info\own_maven_store\repository\org\springframework\boot\spring-boot-starter-logging\2.0.6.RELEASE\spring-boot-starter-logging-2.0.6.RELEASE.jar;E:\eclipse my all Info\own_maven_store\repository\ch\qos\logback\logback-classic\1.2.3\logback-classic-1.2.3.jar;E:\eclipse my all Info\own_maven_store\repository\org\apache\logging\log4j\log4j-to-slf4j\2.10.0\log4j-to-slf4j-2.10.0.jar;E:\eclipse my all Info\own_maven_store\repository\org\apache\logging\log4j\log4j-api\2.10.0\log4j-api-2.10.0.jar;E:\eclipse my all Info\own_maven_store\repository\org\slf4j\jul-to-slf4j\1.7.25\jul-to-slf4j-1.7.25.jar;E:\eclipse my all Info\own_maven_store\repository\junit\junit\4.12\junit-4.12.jar;E:\eclipse my all Info\own_maven_store\repository\org\hamcrest\hamcrest-core\1.3\hamcrest-core-1.3.jar;E:\eclipse my all Info\own_maven_store\repository\mysql\mysql-connector-java\5.1.46\mysql-connector-java-5.1.46.jar;E:\eclipse my all Info\own_maven_store\repository\org\springframework\boot\spring-boot-starter-jdbc\2.0.6.RELEASE\spring-boot-starter-jdbc-2.0.6.RELEASE.jar;E:\eclipse my all Info\own_maven_store\repository\org\springframework\boot\spring-boot-starter\2.0.6.RELEASE\spring-boot-starter-2.0.6.RELEASE.jar;E:\eclipse my all Info\own_maven_store\repository\org\springframework\boot\spring-boot\2.0.6.RELEASE\spring-boot-2.0.6.RELEASE.jar;E:\eclipse my all Info\own_maven_store\repository\org\springframework\boot\spring-boot-autoconfigure\2.0.6.RELEASE\spring-boot-autoconfigure-2.0.6.RELEASE.jar;E:\eclipse my all Info\own_maven_store\repository\javax\annotation\javax.annotation-api\1.3.2\javax.annotation-api-1.3.2.jar;E:\eclipse my all Info\own_maven_store\repository\org\yaml\snakeyaml\1.19\snakeyaml-1.19.jar;E:\eclipse my all Info\own_maven_store\repository\com\zaxxer\HikariCP\2.7.9\HikariCP-2.7.9.jar;E:\eclipse my all Info\own_maven_store\repository\org\springframework\spring-jdbc\5.0.10.RELEASE\spring-jdbc-5.0.10.RELEASE.jar;E:\eclipse my all Info\own_maven_store\repository\org\springframework\spring-beans\5.0.10.RELEASE\spring-beans-5.0.10.RELEASE.jar;E:\eclipse my all Info\own_maven_store\repository\org\springframework\spring-tx\5.0.10.RELEASE\spring-tx-5.0.10.RELEASE.jar;E:\eclipse my all Info\own_maven_store\repository\ch\qos\logback\logback-core\1.2.3\logback-core-1.2.3.jar;E:\eclipse my all Info\own_maven_store\repository\org\mybatis\spring\boot\mybatis-spring-boot-starter\1.3.0\mybatis-spring-boot-starter-1.3.0.jar;E:\eclipse my all Info\own_maven_store\repository\org\mybatis\spring\boot\mybatis-spring-boot-autoconfigure\1.3.0\mybatis-spring-boot-autoconfigure-1.3.0.jar;E:\eclipse my all Info\own_maven_store\repository\org\mybatis\mybatis\3.4.4\mybatis-3.4.4.jar;E:\eclipse my all Info\own_maven_store\repository\org\mybatis\mybatis-spring\1.3.1\mybatis-spring-1.3.1.jar;E:\eclipse my all Info\own_maven_store\repository\org\springframework\boot\spring-boot-starter-jetty\2.0.6.RELEASE\spring-boot-starter-jetty-2.0.6.RELEASE.jar;E:\eclipse my all Info\own_maven_store\repository\org\eclipse\jetty\jetty-servlets\9.4.12.v20180830\jetty-servlets-9.4.12.v20180830.jar;E:\eclipse my all Info\own_maven_store\repository\org\eclipse\jetty\jetty-continuation\9.4.12.v20180830\jetty-continuation-9.4.12.v20180830.jar;E:\eclipse my all Info\own_maven_store\repository\org\eclipse\jetty\jetty-http\9.4.12.v20180830\jetty-http-9.4.12.v20180830.jar;E:\eclipse my all Info\own_maven_store\repository\org\eclipse\jetty\jetty-util\9.4.12.v20180830\jetty-util-9.4.12.v20180830.jar;E:\eclipse my all Info\own_maven_store\repository\org\eclipse\jetty\jetty-io\9.4.12.v20180830\jetty-io-9.4.12.v20180830.jar;E:\eclipse my all Info\own_maven_store\repository\org\eclipse\jetty\jetty-webapp\9.4.12.v20180830\jetty-webapp-9.4.12.v20180830.jar;E:\eclipse my all Info\own_maven_store\repository\org\eclipse\jetty\jetty-xml\9.4.12.v20180830\jetty-xml-9.4.12.v20180830.jar;E:\eclipse my all Info\own_maven_store\repository\org\eclipse\jetty\jetty-servlet\9.4.12.v20180830\jetty-servlet-9.4.12.v20180830.jar;E:\eclipse my all Info\own_maven_store\repository\org\eclipse\jetty\jetty-security\9.4.12.v20180830\jetty-security-9.4.12.v20180830.jar;E:\eclipse my all Info\own_maven_store\repository\org\eclipse\jetty\jetty-server\9.4.12.v20180830\jetty-server-9.4.12.v20180830.jar;E:\eclipse my all Info\own_maven_store\repository\org\eclipse\jetty\websocket\websocket-server\9.4.12.v20180830\websocket-server-9.4.12.v20180830.jar;E:\eclipse my all Info\own_maven_store\repository\org\eclipse\jetty\websocket\websocket-common\9.4.12.v20180830\websocket-common-9.4.12.v20180830.jar;E:\eclipse my all Info\own_maven_store\repository\org\eclipse\jetty\websocket\websocket-api\9.4.12.v20180830\websocket-api-9.4.12.v20180830.jar;E:\eclipse my all Info\own_maven_store\repository\org\eclipse\jetty\websocket\websocket-client\9.4.12.v20180830\websocket-client-9.4.12.v20180830.jar;E:\eclipse my all Info\own_maven_store\repository\org\eclipse\jetty\jetty-client\9.4.12.v20180830\jetty-client-9.4.12.v20180830.jar;E:\eclipse my all Info\own_maven_store\repository\org\eclipse\jetty\websocket\websocket-servlet\9.4.12.v20180830\websocket-servlet-9.4.12.v20180830.jar;E:\eclipse my all Info\own_maven_store\repository\javax\servlet\javax.servlet-api\3.1.0\javax.servlet-api-3.1.0.jar;E:\eclipse my all Info\own_maven_store\repository\org\eclipse\jetty\websocket\javax-websocket-server-impl\9.4.12.v20180830\javax-websocket-server-impl-9.4.12.v20180830.jar;E:\eclipse my all Info\own_maven_store\repository\org\eclipse\jetty\jetty-annotations\9.4.12.v20180830\jetty-annotations-9.4.12.v20180830.jar;E:\eclipse my all Info\own_maven_store\repository\org\eclipse\jetty\jetty-plus\9.4.12.v20180830\jetty-plus-9.4.12.v20180830.jar;E:\eclipse my all Info\own_maven_store\repository\org\ow2\asm\asm\6.2\asm-6.2.jar;E:\eclipse my all Info\own_maven_store\repository\org\ow2\asm\asm-commons\6.2\asm-commons-6.2.jar;E:\eclipse my all Info\own_maven_store\repository\org\ow2\asm\asm-tree\6.2\asm-tree-6.2.jar;E:\eclipse my all Info\own_maven_store\repository\org\ow2\asm\asm-analysis\6.2\asm-analysis-6.2.jar;E:\eclipse my all Info\own_maven_store\repository\org\eclipse\jetty\websocket\javax-websocket-client-impl\9.4.12.v20180830\javax-websocket-client-impl-9.4.12.v20180830.jar;E:\eclipse my all Info\own_maven_store\repository\javax\websocket\javax.websocket-api\1.0\javax.websocket-api-1.0.jar;E:\eclipse my all Info\own_maven_store\repository\org\mortbay\jasper\apache-el\8.5.33\apache-el-8.5.33.jar;E:\eclipse my all Info\own_maven_store\repository\org\springframework\boot\spring-boot-starter-web\2.0.6.RELEASE\spring-boot-starter-web-2.0.6.RELEASE.jar;E:\eclipse my all Info\own_maven_store\repository\org\springframework\boot\spring-boot-starter-json\2.0.6.RELEASE\spring-boot-starter-json-2.0.6.RELEASE.jar;E:\eclipse my all Info\own_maven_store\repository\com\fasterxml\jackson\datatype\jackson-datatype-jdk8\2.9.7\jackson-datatype-jdk8-2.9.7.jar;E:\eclipse my all Info\own_maven_store\repository\com\fasterxml\jackson\datatype\jackson-datatype-jsr310\2.9.7\jackson-datatype-jsr310-2.9.7.jar;E:\eclipse my all Info\own_maven_store\repository\com\fasterxml\jackson\module\jackson-module-parameter-names\2.9.7\jackson-module-parameter-names-2.9.7.jar;E:\eclipse my all Info\own_maven_store\repository\org\springframework\boot\spring-boot-starter-tomcat\2.0.6.RELEASE\spring-boot-starter-tomcat-2.0.6.RELEASE.jar;E:\eclipse my all Info\own_maven_store\repository\org\apache\tomcat\embed\tomcat-embed-core\8.5.34\tomcat-embed-core-8.5.34.jar;E:\eclipse my all Info\own_maven_store\repository\org\apache\tomcat\embed\tomcat-embed-el\8.5.34\tomcat-embed-el-8.5.34.jar;E:\eclipse my all Info\own_maven_store\repository\org\apache\tomcat\embed\tomcat-embed-websocket\8.5.34\tomcat-embed-websocket-8.5.34.jar;E:\eclipse my all Info\own_maven_store\repository\org\hibernate\validator\hibernate-validator\6.0.13.Final\hibernate-validator-6.0.13.Final.jar;E:\eclipse my all Info\own_maven_store\repository\javax\validation\validation-api\2.0.1.Final\validation-api-2.0.1.Final.jar;E:\eclipse my all Info\own_maven_store\repository\org\jboss\logging\jboss-logging\3.3.2.Final\jboss-logging-3.3.2.Final.jar;E:\eclipse my all Info\own_maven_store\repository\com\fasterxml\classmate\1.3.4\classmate-1.3.4.jar;E:\eclipse my all Info\own_maven_store\repository\org\springframework\spring-web\5.0.10.RELEASE\spring-web-5.0.10.RELEASE.jar;E:\eclipse my all Info\own_maven_store\repository\org\springframework\spring-webmvc\5.0.10.RELEASE\spring-webmvc-5.0.10.RELEASE.jar;E:\eclipse my all Info\own_maven_store\repository\org\springframework\spring-aop\5.0.10.RELEASE\spring-aop-5.0.10.RELEASE.jar;E:\eclipse my all Info\own_maven_store\repository\org\springframework\spring-context\5.0.10.RELEASE\spring-context-5.0.10.RELEASE.jar;E:\eclipse my all Info\own_maven_store\repository\org\springframework\spring-expression\5.0.10.RELEASE\spring-expression-5.0.10.RELEASE.jar;E:\eclipse my all Info\own_maven_store\repository\org\springframework\boot\spring-boot-starter-test\2.0.6.RELEASE\spring-boot-starter-test-2.0.6.RELEASE.jar;E:\eclipse my all Info\own_maven_store\repository\org\springframework\boot\spring-boot-test\2.0.6.RELEASE\spring-boot-test-2.0.6.RELEASE.jar;E:\eclipse my all Info\own_maven_store\repository\org\springframework\boot\spring-boot-test-autoconfigure\2.0.6.RELEASE\spring-boot-test-autoconfigure-2.0.6.RELEASE.jar;E:\eclipse my all Info\own_maven_store\repository\com\jayway\jsonpath\json-path\2.4.0\json-path-2.4.0.jar;E:\eclipse my all Info\own_maven_store\repository\net\minidev\json-smart\2.3\json-smart-2.3.jar;E:\eclipse my all Info\own_maven_store\repository\net\minidev\accessors-smart\1.2\accessors-smart-1.2.jar;E:\eclipse my all Info\own_maven_store\repository\org\assertj\assertj-core\3.9.1\assertj-core-3.9.1.jar;E:\eclipse my all Info\own_maven_store\repository\org\mockito\mockito-core\2.15.0\mockito-core-2.15.0.jar;E:\eclipse my all Info\own_maven_store\repository\net\bytebuddy\byte-buddy\1.7.11\byte-buddy-1.7.11.jar;E:\eclipse my all Info\own_maven_store\repository\net\bytebuddy\byte-buddy-agent\1.7.11\byte-buddy-agent-1.7.11.jar;E:\eclipse my all Info\own_maven_store\repository\org\objenesis\objenesis\2.6\objenesis-2.6.jar;E:\eclipse my all Info\own_maven_store\repository\org\hamcrest\hamcrest-library\1.3\hamcrest-library-1.3.jar;E:\eclipse my all Info\own_maven_store\repository\org\skyscreamer\jsonassert\1.5.0\jsonassert-1.5.0.jar;E:\eclipse my all Info\own_maven_store\repository\com\vaadin\external\google\android-json\0.0.20131108.vaadin1\android-json-0.0.20131108.vaadin1.jar;E:\eclipse my all Info\own_maven_store\repository\org\springframework\spring-core\5.0.10.RELEASE\spring-core-5.0.10.RELEASE.jar;E:\eclipse my all Info\own_maven_store\repository\org\springframework\spring-jcl\5.0.10.RELEASE\spring-jcl-5.0.10.RELEASE.jar;E:\eclipse my all Info\own_maven_store\repository\org\springframework\spring-test\5.0.10.RELEASE\spring-test-5.0.10.RELEASE.jar;E:\eclipse my all Info\own_maven_store\repository\org\xmlunit\xmlunit-core\2.5.1\xmlunit-core-2.5.1.jar;E:\eclipse my all Info\own_maven_store\repository\org\springframework\cloud\spring-cloud-starter-netflix-eureka-client\2.0.2.RELEASE\spring-cloud-starter-netflix-eureka-client-2.0.2.RELEASE.jar;E:\eclipse my all Info\own_maven_store\repository\org\springframework\cloud\spring-cloud-starter\2.0.2.RELEASE\spring-cloud-starter-2.0.2.RELEASE.jar;E:\eclipse my all Info\own_maven_store\repository\org\springframework\cloud\spring-cloud-context\2.0.2.RELEASE\spring-cloud-context-2.0.2.RELEASE.jar;E:\eclipse my all Info\own_maven_store\repository\org\springframework\security\spring-security-rsa\1.0.7.RELEASE\spring-security-rsa-1.0.7.RELEASE.jar;E:\eclipse my all Info\own_maven_store\repository\org\bouncycastle\bcpkix-jdk15on\1.60\bcpkix-jdk15on-1.60.jar;E:\eclipse my all Info\own_maven_store\repository\org\bouncycastle\bcprov-jdk15on\1.60\bcprov-jdk15on-1.60.jar;E:\eclipse my all Info\own_maven_store\repository\org\springframework\cloud\spring-cloud-netflix-core\2.0.2.RELEASE\spring-cloud-netflix-core-2.0.2.RELEASE.jar;E:\eclipse my all Info\own_maven_store\repository\org\springframework\boot\spring-boot-starter-aop\2.0.6.RELEASE\spring-boot-starter-aop-2.0.6.RELEASE.jar;E:\eclipse my all Info\own_maven_store\repository\org\aspectj\aspectjweaver\1.8.13\aspectjweaver-1.8.13.jar;E:\eclipse my all Info\own_maven_store\repository\org\springframework\cloud\spring-cloud-netflix-eureka-client\2.0.2.RELEASE\spring-cloud-netflix-eureka-client-2.0.2.RELEASE.jar;E:\eclipse my all Info\own_maven_store\repository\com\netflix\eureka\eureka-client\1.9.3\eureka-client-1.9.3.jar;E:\eclipse my all Info\own_maven_store\repository\org\codehaus\jettison\jettison\1.3.7\jettison-1.3.7.jar;E:\eclipse my all Info\own_maven_store\repository\stax\stax-api\1.0.1\stax-api-1.0.1.jar;E:\eclipse my all Info\own_maven_store\repository\com\netflix\netflix-commons\netflix-eventbus\0.3.0\netflix-eventbus-0.3.0.jar;E:\eclipse my all Info\own_maven_store\repository\com\netflix\netflix-commons\netflix-infix\0.3.0\netflix-infix-0.3.0.jar;E:\eclipse my all Info\own_maven_store\repository\commons-jxpath\commons-jxpath\1.3\commons-jxpath-1.3.jar;E:\eclipse my all Info\own_maven_store\repository\joda-time\joda-time\2.9.9\joda-time-2.9.9.jar;E:\eclipse my all Info\own_maven_store\repository\org\antlr\antlr-runtime\3.4\antlr-runtime-3.4.jar;E:\eclipse my all Info\own_maven_store\repository\org\antlr\stringtemplate\3.2.1\stringtemplate-3.2.1.jar;E:\eclipse my all Info\own_maven_store\repository\antlr\antlr\2.7.7\antlr-2.7.7.jar;E:\eclipse my all Info\own_maven_store\repository\com\google\code\gson\gson\2.8.5\gson-2.8.5.jar;E:\eclipse my all Info\own_maven_store\repository\org\apache\commons\commons-math\2.2\commons-math-2.2.jar;E:\eclipse my all Info\own_maven_store\repository\com\netflix\archaius\archaius-core\0.7.6\archaius-core-0.7.6.jar;E:\eclipse my all Info\own_maven_store\repository\com\google\guava\guava\16.0\guava-16.0.jar;E:\eclipse my all Info\own_maven_store\repository\javax\ws\rs\jsr311-api\1.1.1\jsr311-api-1.1.1.jar;E:\eclipse my all Info\own_maven_store\repository\com\netflix\servo\servo-core\0.12.21\servo-core-0.12.21.jar;E:\eclipse my all Info\own_maven_store\repository\com\sun\jersey\jersey-core\1.19.1\jersey-core-1.19.1.jar;E:\eclipse my all Info\own_maven_store\repository\com\sun\jersey\jersey-client\1.19.1\jersey-client-1.19.1.jar;E:\eclipse my all Info\own_maven_store\repository\com\sun\jersey\contribs\jersey-apache-client4\1.19.1\jersey-apache-client4-1.19.1.jar;E:\eclipse my all Info\own_maven_store\repository\org\apache\httpcomponents\httpclient\4.5.6\httpclient-4.5.6.jar;E:\eclipse my all Info\own_maven_store\repository\org\apache\httpcomponents\httpcore\4.4.10\httpcore-4.4.10.jar;E:\eclipse my all Info\own_maven_store\repository\commons-codec\commons-codec\1.11\commons-codec-1.11.jar;E:\eclipse my all Info\own_maven_store\repository\com\google\inject\guice\4.1.0\guice-4.1.0.jar;E:\eclipse my all Info\own_maven_store\repository\javax\inject\javax.inject\1\javax.inject-1.jar;E:\eclipse my all Info\own_maven_store\repository\aopalliance\aopalliance\1.0\aopalliance-1.0.jar;E:\eclipse my all Info\own_maven_store\repository\com\github\vlsi\compactmap\compactmap\1.2.1\compactmap-1.2.1.jar;E:\eclipse my all Info\own_maven_store\repository\com\github\andrewoma\dexx\dexx-collections\0.2\dexx-collections-0.2.jar;E:\eclipse my all Info\own_maven_store\repository\com\fasterxml\jackson\core\jackson-annotations\2.9.0\jackson-annotations-2.9.0.jar;E:\eclipse my all Info\own_maven_store\repository\com\fasterxml\jackson\core\jackson-core\2.9.7\jackson-core-2.9.7.jar;E:\eclipse my all Info\own_maven_store\repository\com\netflix\eureka\eureka-core\1.9.3\eureka-core-1.9.3.jar;E:\eclipse my all Info\own_maven_store\repository\org\codehaus\woodstox\woodstox-core-asl\4.4.1\woodstox-core-asl-4.4.1.jar;E:\eclipse my all Info\own_maven_store\repository\javax\xml\stream\stax-api\1.0-2\stax-api-1.0-2.jar;E:\eclipse my all Info\own_maven_store\repository\org\codehaus\woodstox\stax2-api\3.1.4\stax2-api-3.1.4.jar;E:\eclipse my all Info\own_maven_store\repository\org\springframework\cloud\spring-cloud-starter-netflix-archaius\2.0.2.RELEASE\spring-cloud-starter-netflix-archaius-2.0.2.RELEASE.jar;E:\eclipse my all Info\own_maven_store\repository\org\springframework\cloud\spring-cloud-netflix-ribbon\2.0.2.RELEASE\spring-cloud-netflix-ribbon-2.0.2.RELEASE.jar;E:\eclipse my all Info\own_maven_store\repository\org\springframework\cloud\spring-cloud-netflix-archaius\2.0.2.RELEASE\spring-cloud-netflix-archaius-2.0.2.RELEASE.jar;E:\eclipse my all Info\own_maven_store\repository\commons-configuration\commons-configuration\1.8\commons-configuration-1.8.jar;E:\eclipse my all Info\own_maven_store\repository\commons-lang\commons-lang\2.6\commons-lang-2.6.jar;E:\eclipse my all Info\own_maven_store\repository\org\springframework\cloud\spring-cloud-starter-netflix-ribbon\2.0.2.RELEASE\spring-cloud-starter-netflix-ribbon-2.0.2.RELEASE.jar;E:\eclipse my all Info\own_maven_store\repository\com\netflix\ribbon\ribbon\2.2.5\ribbon-2.2.5.jar;E:\eclipse my all Info\own_maven_store\repository\com\netflix\ribbon\ribbon-transport\2.2.5\ribbon-transport-2.2.5.jar;E:\eclipse my all Info\own_maven_store\repository\io\reactivex\rxnetty-contexts\0.4.9\rxnetty-contexts-0.4.9.jar;E:\eclipse my all Info\own_maven_store\repository\io\reactivex\rxnetty-servo\0.4.9\rxnetty-servo-0.4.9.jar;E:\eclipse my all Info\own_maven_store\repository\io\reactivex\rxnetty\0.4.9\rxnetty-0.4.9.jar;E:\eclipse my all Info\own_maven_store\repository\com\netflix\ribbon\ribbon-core\2.2.5\ribbon-core-2.2.5.jar;E:\eclipse my all Info\own_maven_store\repository\com\netflix\ribbon\ribbon-httpclient\2.2.5\ribbon-httpclient-2.2.5.jar;E:\eclipse my all Info\own_maven_store\repository\commons-collections\commons-collections\3.2.2\commons-collections-3.2.2.jar;E:\eclipse my all Info\own_maven_store\repository\com\netflix\netflix-commons\netflix-commons-util\0.3.0\netflix-commons-util-0.3.0.jar;E:\eclipse my all Info\own_maven_store\repository\com\netflix\ribbon\ribbon-loadbalancer\2.2.5\ribbon-loadbalancer-2.2.5.jar;E:\eclipse my all Info\own_maven_store\repository\com\netflix\netflix-commons\netflix-statistics\0.1.1\netflix-statistics-0.1.1.jar;E:\eclipse my all Info\own_maven_store\repository\io\reactivex\rxjava\1.2.0\rxjava-1.2.0.jar;E:\eclipse my all Info\own_maven_store\repository\com\netflix\ribbon\ribbon-eureka\2.2.5\ribbon-eureka-2.2.5.jar;E:\eclipse my all Info\own_maven_store\repository\com\thoughtworks\xstream\xstream\1.4.10\xstream-1.4.10.jar;E:\eclipse my all Info\own_maven_store\repository\xmlpull\xmlpull\1.1.3.1\xmlpull-1.1.3.1.jar;E:\eclipse my all Info\own_maven_store\repository\xpp3\xpp3_min\1.1.4c\xpp3_min-1.1.4c.jar;E:\eclipse my all Info\own_maven_store\repository\org\springframework\cloud\spring-cloud-starter-config\2.0.2.RELEASE\spring-cloud-starter-config-2.0.2.RELEASE.jar;E:\eclipse my all Info\own_maven_store\repository\org\springframework\cloud\spring-cloud-config-client\2.0.2.RELEASE\spring-cloud-config-client-2.0.2.RELEASE.jar;E:\eclipse my all Info\own_maven_store\repository\com\fasterxml\jackson\core\jackson-databind\2.9.7\jackson-databind-2.9.7.jar;E:\eclipse my all Info\own_maven_store\repository\org\springframework\boot\spring-boot-starter-actuator\2.0.6.RELEASE\spring-boot-starter-actuator-2.0.6.RELEASE.jar;E:\eclipse my all Info\own_maven_store\repository\org\springframework\boot\spring-boot-actuator-autoconfigure\2.0.6.RELEASE\spring-boot-actuator-autoconfigure-2.0.6.RELEASE.jar;E:\eclipse my all Info\own_maven_store\repository\org\springframework\boot\spring-boot-actuator\2.0.6.RELEASE\spring-boot-actuator-2.0.6.RELEASE.jar;E:\eclipse my all Info\own_maven_store\repository\io\micrometer\micrometer-core\1.0.7\micrometer-core-1.0.7.jar;E:\eclipse my all Info\own_maven_store\repository\org\hdrhistogram\HdrHistogram\2.1.10\HdrHistogram-2.1.10.jar;E:\eclipse my all Info\own_maven_store\repository\org\latencyutils\LatencyUtils\2.0.3\LatencyUtils-2.0.3.jar;, user.name=yanghua, java.vm.specification.version=1.8, sun.java.command=E:\eclipse my all Info\temp\own_workspace\micro_work_place\microservice\microservice-userCenter\target\surefire\surefirebooter5344830789965359323.jar E:\eclipse my all Info\temp\own_workspace\micro_work_place\microservice\microservice-userCenter\target\surefire\surefire6710367877380883790tmp E:\eclipse my all Info\temp\own_workspace\micro_work_place\microservice\microservice-userCenter\target\surefire\surefire_07846777904302289823tmp, java.home=C:\Program Files\Java\jdk1.8.0_152\jre, sun.arch.data.model=64, user.language=zh, java.specification.vendor=Oracle Corporation, awt.toolkit=sun.awt.windows.WToolkit, java.vm.info=mixed mode, java.version=1.8.0_152, java.ext.dirs=C:\Program Files\Java\jdk1.8.0_152\jre\lib\ext;C:\WINDOWS\Sun\Java\lib\ext, sun.boot.class.path=C:\Program Files\Java\jdk1.8.0_152\jre\lib\resources.jar;C:\Program Files\Java\jdk1.8.0_152\jre\lib\rt.jar;C:\Program Files\Java\jdk1.8.0_152\jre\lib\sunrsasign.jar;C:\Program Files\Java\jdk1.8.0_152\jre\lib\jsse.jar;C:\Program Files\Java\jdk1.8.0_152\jre\lib\jce.jar;C:\Program Files\Java\jdk1.8.0_152\jre\lib\charsets.jar;C:\Program Files\Java\jdk1.8.0_152\jre\lib\jfr.jar;C:\Program Files\Java\jdk1.8.0_152\jre\classes, java.vendor=Oracle Corporation, localRepository=E:\eclipse my all Info\own_maven_store\repository, file.separator=\, java.vendor.url.bug=http://bugreport.sun.com/bugreport/, sun.io.unicode.encoding=UnicodeLittle, sun.cpu.endian=little, sun.desktop=windows, sun.cpu.isalist=amd64}}, SystemEnvironmentPropertySource@2125062626 {name=&apos;systemEnvironment&apos;, properties={PATH=C:/Program Files/Java/jre1.8.0_152/bin/server;C:/Program Files/Java/jre1.8.0_152/bin;C:/Program Files/Java/jre1.8.0_152/lib/amd64;C:\app\yanghua\product\11.2.0\dbhome_1\bin;C:\app\yanghua\product\11.2.0\client_1;C:\Program Files (x86)\Common Files\NetSarang;C:\ProgramData\Oracle\Java\javapath;C:\Program Files\Java\jdk1.8.0_152\bin;C:\Program Files\Java\jdk1.8.0_152\jre\bin;C:\Windows\System32;E:\eclipse my all Info\temp\webservice\apache-cxf-3.2.2\bin;E:\eclipse my all Info\apache-maven-3.5.0\bin;E:\eclipse my all Info\apache-tomcat-7.0.81\bin;C:\WINDOWS\system32;C:\WINDOWS;C:\WINDOWS\System32\Wbem;C:\WINDOWS\System32\WindowsPowerShell\v1.0\;E:\Tomacat\apache-tomcat-8.5.35\lib;E:\Tomacat\apache-tomcat-8.5.35\bin;C:\WINDOWS\System32\OpenSSH\;F:\mysql\mysql-8.0.11-winx64\bin;E:\redis;C:\Users\yanghua\AppData\Local\Microsoft\WindowsApps;;E:\eclipse my all Info\temp\eclipse;, USERDOMAIN_ROAMINGPROFILE=DESKTOP-OLALM0I, PROCESSOR_LEVEL=6, SYSTEMDRIVE=C:, SESSIONNAME=Console, ALLUSERSPROFILE=C:\ProgramData, PROCESSOR_ARCHITECTURE=AMD64, CXF_HOME=E:\eclipse my all Info\temp\webservice\apache-cxf-3.2.2, DRIVERDATA=C:\Windows\System32\Drivers\DriverData, =E:=E:\eclipse my all Info\temp\own_workspace\micro_work_place\microservice\microservice-userCenter, MAVEN_HOME=E:\eclipse my all Info\apache-maven-3.5.0, PROGRAMFILES=C:\Program Files, PSMODULEPATH=C:\Program Files\WindowsPowerShell\Modules;C:\WINDOWS\system32\WindowsPowerShell\v1.0\Modules, PROGRAMDATA=C:\ProgramData, USERNAME=yanghua, FPS_BROWSER_USER_PROFILE_STRING=Default, PATHEXT=.COM;.EXE;.BAT;.CMD;.VBS;.VBE;.JS;.JSE;.WSF;.WSH;.MSC, WINDIR=C:\WINDOWS, HOMEPATH=\Users\yanghua, PROCESSOR_IDENTIFIER=Intel64 Family 6 Model 94 Stepping 3, GenuineIntel, PUBLIC=C:\Users\Public, =::=::\, LOCALAPPDATA=C:\Users\yanghua\AppData\Local, COMMONPROGRAMFILES(X86)=C:\Program Files (x86)\Common Files, USERDOMAIN=DESKTOP-OLALM0I, FPS_BROWSER_APP_PROFILE_STRING=Internet Explorer, LOGONSERVER=\\DESKTOP-OLALM0I, JAVA_HOME=C:\Program Files\Java\jdk1.8.0_152, PROMPT=$P$G, PROGRAMFILES(X86)=C:\Program Files (x86), CATALINA_BASE=E:\Tomacat\apache-tomcat-8.5.35, =C:=C:\, APPDATA=C:\Users\yanghua\AppData\Roaming, PROGRAMW6432=C:\Program Files, SYSTEMROOT=C:\WINDOWS, OS=Windows_NT, COMMONPROGRAMW6432=C:\Program Files\Common Files, COMPUTERNAME=DESKTOP-OLALM0I, COMMONPROGRAMFILES=C:\Program Files\Common Files, COMSPEC=C:\WINDOWS\system32\cmd.exe, CATALINA_HOME=E:\Tomacat\apache-tomcat-8.5.35, PROCESSOR_REVISION=5e03, CLASSPATH=.;C:\Program Files\Java\jdk1.8.0_152\lib;C:\Program Files\Java\jdk1.8.0_152\lib\tools.jar;E:\eclipse my all Info\temp\webservice\apache-cxf-3.2.2\lib\cxf-manifest.jar, NLS_LANG=SIMPLIFIED CHINESE_CHINA.ZHS16GBK, TEMP=C:\Users\yanghua\AppData\Local\Temp, HOMEDRIVE=C:, USERPROFILE=C:\Users\yanghua, TMP=C:\Users\yanghua\AppData\Local\Temp, NUMBER_OF_PROCESSORS=4}}]
13:04:33.118 [main] DEBUG org.springframework.test.context.support.TestPropertySourceUtils - Adding inlined properties to environment: {spring.jmx.enabled=false, org.springframework.boot.test.context.SpringBootTestContextBootstrapper=true, server.port=-1}
13:04:33.121 [main] DEBUG org.springframework.core.env.StandardEnvironment - Adding PropertySource &apos;Inlined Test Properties&apos; with highest search precedence
2019-01-16 13:04:35.170  INFO 13128 --- [           main] s.c.a.AnnotationConfigApplicationContext : Refreshing org.springframework.context.annotation.AnnotationConfigApplicationContext@2e32ccc5: startup date [Wed Jan 16 13:04:35 CST 2019]; root of context hierarchy
2019-01-16 13:04:35.447  INFO 13128 --- [           main] f.a.AutowiredAnnotationBeanPostProcessor : JSR-330 &apos;javax.inject.Inject&apos; annotation found and supported for autowiring
2019-01-16 13:04:35.487  INFO 13128 --- [           main] trationDelegate$BeanPostProcessorChecker : Bean &apos;configurationPropertiesRebinderAutoConfiguration&apos; of type [org.springframework.cloud.autoconfigure.ConfigurationPropertiesRebinderAutoConfiguration$$EnhancerBySpringCGLIB$$27cca68d] is not eligible for getting processed by all BeanPostProcessors (for example: not eligible for auto-proxying)

  .   ____          _            __ _ _
 /\\ / ___&apos;_ __ _ _(_)_ __  __ _ \ \ \ \
( ( )\___ | &apos;_ | &apos;_| | &apos;_ \/ _` | \ \ \ \
 \\/  ___)| |_)| | | | | || (_| |  ) ) ) )
  &apos;  |____| .__|_| |_|_| |_\__, | / / / /
 =========|_|==============|___/=/_/_/_/
 :: Spring Boot ::        (v2.0.6.RELEASE)

2019-01-16 13:04:36.302  INFO 13128 --- [           main] c.c.c.ConfigServicePropertySourceLocator : Fetching config from server at : http://localhost:8888
2019-01-16 13:04:37.452  INFO 13128 --- [           main] c.c.c.ConfigServicePropertySourceLocator : Connect Timeout Exception on Url - http://localhost:8888. Will be trying the next url if available
2019-01-16 13:04:37.453  WARN 13128 --- [           main] c.c.c.ConfigServicePropertySourceLocator : Could not locate PropertySource: I/O error on GET request for &quot;http://localhost:8888/userCenter/default&quot;: Connection refused: connect; nested exception is java.net.ConnectException: Connection refused: connect
2019-01-16 13:04:37.473  INFO 13128 --- [           main] zg.controller.LoginControTest            : No active profile set, falling back to default profiles: default
2019-01-16 13:04:37.476  INFO 13128 --- [           main] o.s.w.c.s.GenericWebApplicationContext   : Refreshing org.springframework.web.context.support.GenericWebApplicationContext@c7a975a: startup date [Wed Jan 16 13:04:37 CST 2019]; parent: org.springframework.context.annotation.AnnotationConfigApplicationContext@2e32ccc5
2019-01-16 13:04:38.617  INFO 13128 --- [           main] o.s.b.f.s.DefaultListableBeanFactory     : Overriding bean definition for bean &apos;dataSource&apos; with a different definition: replacing [Root bean: class [null]; scope=refresh; abstract=false; lazyInit=false; autowireMode=3; dependencyCheck=0; autowireCandidate=false; primary=false; factoryBeanName=org.springframework.boot.autoconfigure.jdbc.DataSourceConfiguration$Hikari; factoryMethodName=dataSource; initMethodName=null; destroyMethodName=(inferred); defined in class path resource [org/springframework/boot/autoconfigure/jdbc/DataSourceConfiguration$Hikari.class]] with [Root bean: class [org.springframework.aop.scope.ScopedProxyFactoryBean]; scope=; abstract=false; lazyInit=false; autowireMode=0; dependencyCheck=0; autowireCandidate=true; primary=false; factoryBeanName=null; factoryMethodName=null; initMethodName=null; destroyMethodName=null; defined in BeanDefinition defined in class path resource [org/springframework/boot/autoconfigure/jdbc/DataSourceConfiguration$Hikari.class]]
2019-01-16 13:04:38.968  INFO 13128 --- [           main] o.s.cloud.context.scope.GenericScope     : BeanFactory id=bdaa5966-f202-3bd4-bcbb-4e330d1f7bae
2019-01-16 13:04:39.032  INFO 13128 --- [           main] f.a.AutowiredAnnotationBeanPostProcessor : JSR-330 &apos;javax.inject.Inject&apos; annotation found and supported for autowiring
2019-01-16 13:04:39.055  INFO 13128 --- [           main] trationDelegate$BeanPostProcessorChecker : Bean &apos;shiroConfig&apos; of type [cn.userCenter.config.shiro.ShiroConfig$$EnhancerBySpringCGLIB$$3f66730a] is not eligible for getting processed by all BeanPostProcessors (for example: not eligible for auto-proxying)
2019-01-16 13:04:39.753  INFO 13128 --- [           main] trationDelegate$BeanPostProcessorChecker : Bean &apos;org.springframework.boot.context.properties.ConversionServiceDeducer$Factory&apos; of type [org.springframework.boot.context.properties.ConversionServiceDeducer$Factory] is not eligible for getting processed by all BeanPostProcessors (for example: not eligible for auto-proxying)
2019-01-16 13:04:39.766  INFO 13128 --- [           main] trationDelegate$BeanPostProcessorChecker : Bean &apos;mybatis-org.mybatis.spring.boot.autoconfigure.MybatisProperties&apos; of type [org.mybatis.spring.boot.autoconfigure.MybatisProperties] is not eligible for getting processed by all BeanPostProcessors (for example: not eligible for auto-proxying)
2019-01-16 13:04:39.780  INFO 13128 --- [           main] trationDelegate$BeanPostProcessorChecker : Bean &apos;org.mybatis.spring.boot.autoconfigure.MybatisAutoConfiguration&apos; of type [org.mybatis.spring.boot.autoconfigure.MybatisAutoConfiguration$$EnhancerBySpringCGLIB$$3e86f4c0] is not eligible for getting processed by all BeanPostProcessors (for example: not eligible for auto-proxying)
2019-01-16 13:04:39.840  INFO 13128 --- [           main] trationDelegate$BeanPostProcessorChecker : Bean &apos;dataSource&apos; of type [org.springframework.aop.scope.ScopedProxyFactoryBean] is not eligible for getting processed by all BeanPostProcessors (for example: not eligible for auto-proxying)
2019-01-16 13:04:39.840  INFO 13128 --- [           main] trationDelegate$BeanPostProcessorChecker : Bean &apos;dataSource&apos; of type [com.zaxxer.hikari.HikariDataSource$$EnhancerBySpringCGLIB$$4ce076f7] is not eligible for getting processed by all BeanPostProcessors (for example: not eligible for auto-proxying)
2019-01-16 13:04:40.109  INFO 13128 --- [           main] trationDelegate$BeanPostProcessorChecker : Bean &apos;sqlSessionFactory&apos; of type [org.apache.ibatis.session.defaults.DefaultSqlSessionFactory] is not eligible for getting processed by all BeanPostProcessors (for example: not eligible for auto-proxying)
2019-01-16 13:04:40.122  INFO 13128 --- [           main] trationDelegate$BeanPostProcessorChecker : Bean &apos;sqlSessionTemplate&apos; of type [org.mybatis.spring.SqlSessionTemplate] is not eligible for getting processed by all BeanPostProcessors (for example: not eligible for auto-proxying)
2019-01-16 13:04:40.124  INFO 13128 --- [           main] trationDelegate$BeanPostProcessorChecker : Bean &apos;userMapper&apos; of type [org.mybatis.spring.mapper.MapperFactoryBean] is not eligible for getting processed by all BeanPostProcessors (for example: not eligible for auto-proxying)
2019-01-16 13:04:40.127  INFO 13128 --- [           main] trationDelegate$BeanPostProcessorChecker : Bean &apos;userMapper&apos; of type [com.sun.proxy.$Proxy102] is not eligible for getting processed by all BeanPostProcessors (for example: not eligible for auto-proxying)
2019-01-16 13:04:40.133  INFO 13128 --- [           main] trationDelegate$BeanPostProcessorChecker : Bean &apos;userInfoMapper&apos; of type [org.mybatis.spring.mapper.MapperFactoryBean] is not eligible for getting processed by all BeanPostProcessors (for example: not eligible for auto-proxying)
2019-01-16 13:04:40.134  INFO 13128 --- [           main] trationDelegate$BeanPostProcessorChecker : Bean &apos;userInfoMapper&apos; of type [com.sun.proxy.$Proxy103] is not eligible for getting processed by all BeanPostProcessors (for example: not eligible for auto-proxying)
2019-01-16 13:04:40.141  INFO 13128 --- [           main] trationDelegate$BeanPostProcessorChecker : Bean &apos;userRoleMapper&apos; of type [org.mybatis.spring.mapper.MapperFactoryBean] is not eligible for getting processed by all BeanPostProcessors (for example: not eligible for auto-proxying)
2019-01-16 13:04:40.144  INFO 13128 --- [           main] trationDelegate$BeanPostProcessorChecker : Bean &apos;userRoleMapper&apos; of type [com.sun.proxy.$Proxy104] is not eligible for getting processed by all BeanPostProcessors (for example: not eligible for auto-proxying)
2019-01-16 13:04:40.145  INFO 13128 --- [           main] trationDelegate$BeanPostProcessorChecker : Bean &apos;userService&apos; of type [cn.userCenter.service.impl.userService] is not eligible for getting processed by all BeanPostProcessors (for example: not eligible for auto-proxying)
2019-01-16 13:04:40.146  INFO 13128 --- [           main] trationDelegate$BeanPostProcessorChecker : Bean &apos;myShiroRealm&apos; of type [cn.userCenter.config.shiro.MyShiroRealm] is not eligible for getting processed by all BeanPostProcessors (for example: not eligible for auto-proxying)
2019-01-16 13:04:40.162  INFO 13128 --- [           main] trationDelegate$BeanPostProcessorChecker : Bean &apos;sessionManager&apos; of type [org.apache.shiro.web.session.mgt.DefaultWebSessionManager] is not eligible for getting processed by all BeanPostProcessors (for example: not eligible for auto-proxying)
2019-01-16 13:04:40.175  INFO 13128 --- [           main] trationDelegate$BeanPostProcessorChecker : Bean &apos;securityManager&apos; of type [org.apache.shiro.web.mgt.DefaultWebSecurityManager] is not eligible for getting processed by all BeanPostProcessors (for example: not eligible for auto-proxying)
2019-01-16 13:04:40.269  INFO 13128 --- [           main] trationDelegate$BeanPostProcessorChecker : Bean &apos;authorizationAttributeSourceAdvisor&apos; of type [org.apache.shiro.spring.security.interceptor.AuthorizationAttributeSourceAdvisor] is not eligible for getting processed by all BeanPostProcessors (for example: not eligible for auto-proxying)
2019-01-16 13:04:40.301  INFO 13128 --- [           main] trationDelegate$BeanPostProcessorChecker : Bean &apos;org.springframework.transaction.annotation.ProxyTransactionManagementConfiguration&apos; of type [org.springframework.transaction.annotation.ProxyTransactionManagementConfiguration$$EnhancerBySpringCGLIB$$bb2a390] is not eligible for getting processed by all BeanPostProcessors (for example: not eligible for auto-proxying)
2019-01-16 13:04:40.363  INFO 13128 --- [           main] trationDelegate$BeanPostProcessorChecker : Bean &apos;org.springframework.cloud.autoconfigure.ConfigurationPropertiesRebinderAutoConfiguration&apos; of type [org.springframework.cloud.autoconfigure.ConfigurationPropertiesRebinderAutoConfiguration$$EnhancerBySpringCGLIB$$27cca68d] is not eligible for getting processed by all BeanPostProcessors (for example: not eligible for auto-proxying)
2019-01-16 13:04:40.815  WARN 13128 --- [           main] c.n.c.sources.URLConfigurationSource     : No URLs will be polled as dynamic configuration sources.
2019-01-16 13:04:40.815  INFO 13128 --- [           main] c.n.c.sources.URLConfigurationSource     : To enable URLs as dynamic configuration sources, define System property archaius.configurationSource.additionalUrls or make config.properties available on classpath.
2019-01-16 13:04:40.825  WARN 13128 --- [           main] c.n.c.sources.URLConfigurationSource     : No URLs will be polled as dynamic configuration sources.
2019-01-16 13:04:40.825  INFO 13128 --- [           main] c.n.c.sources.URLConfigurationSource     : To enable URLs as dynamic configuration sources, define System property archaius.configurationSource.additionalUrls or make config.properties available on classpath.
2019-01-16 13:04:40.958  INFO 13128 --- [           main] o.s.w.s.handler.SimpleUrlHandlerMapping  : Mapped URL path [/**/favicon.ico] onto handler of type [class org.springframework.web.servlet.resource.ResourceHttpRequestHandler]
2019-01-16 13:04:41.243  INFO 13128 --- [           main] s.w.s.m.m.a.RequestMappingHandlerAdapter : Looking for @ControllerAdvice: org.springframework.web.context.support.GenericWebApplicationContext@c7a975a: startup date [Wed Jan 16 13:04:37 CST 2019]; parent: org.springframework.context.annotation.AnnotationConfigApplicationContext@2e32ccc5
2019-01-16 13:04:41.346  INFO 13128 --- [           main] s.w.s.m.m.a.RequestMappingHandlerMapping : Mapped &quot;{[/application/api],methods=[GET]}&quot; onto public cn.userCenter.Entity.headResult.ResultJson&lt;java.lang.String&gt; cn.userCenter.controller.ApplicationApi.introductionContr()
2019-01-16 13:04:41.352  INFO 13128 --- [           main] s.w.s.m.m.a.RequestMappingHandlerMapping : Mapped &quot;{[/user/{userName}/{userPassword}],methods=[GET]}&quot; onto public cn.userCenter.Entity.headResult.ResultJson&lt;java.lang.String&gt; cn.userCenter.controller.LoginController.loginContr(java.lang.String,java.lang.String)
2019-01-16 13:04:41.353  INFO 13128 --- [           main] s.w.s.m.m.a.RequestMappingHandlerMapping : Mapped &quot;{[/user],methods=[POST]}&quot; onto public cn.userCenter.Entity.headResult.ResultJson&lt;java.lang.String&gt; cn.userCenter.controller.LoginController.registryUserContr(cn.zg.springcloud.entities.userCenter.UserOrganization)
2019-01-16 13:04:41.353  INFO 13128 --- [           main] s.w.s.m.m.a.RequestMappingHandlerMapping : Mapped &quot;{[/user/userInfo],methods=[POST]}&quot; onto public cn.userCenter.Entity.headResult.ResultJson&lt;java.lang.String&gt; cn.userCenter.controller.LoginController.registryUserInfoContr(cn.zg.springcloud.entities.userCenter.UserInfo)
2019-01-16 13:04:41.356  INFO 13128 --- [           main] s.w.s.m.m.a.RequestMappingHandlerMapping : Mapped &quot;{[/error]}&quot; onto public org.springframework.http.ResponseEntity&lt;java.util.Map&lt;java.lang.String, java.lang.Object&gt;&gt; org.springframework.boot.autoconfigure.web.servlet.error.BasicErrorController.error(javax.servlet.http.HttpServletRequest)
2019-01-16 13:04:41.356  INFO 13128 --- [           main] s.w.s.m.m.a.RequestMappingHandlerMapping : Mapped &quot;{[/error],produces=[text/html]}&quot; onto public org.springframework.web.servlet.ModelAndView org.springframework.boot.autoconfigure.web.servlet.error.BasicErrorController.errorHtml(javax.servlet.http.HttpServletRequest,javax.servlet.http.HttpServletResponse)
2019-01-16 13:04:41.414  INFO 13128 --- [           main] o.s.w.s.handler.SimpleUrlHandlerMapping  : Mapped URL path [/webjars/**] onto handler of type [class org.springframework.web.servlet.resource.ResourceHttpRequestHandler]
2019-01-16 13:04:41.414  INFO 13128 --- [           main] o.s.w.s.handler.SimpleUrlHandlerMapping  : Mapped URL path [/**] onto handler of type [class org.springframework.web.servlet.resource.ResourceHttpRequestHandler]
2019-01-16 13:04:44.132  INFO 13128 --- [           main] o.s.b.a.e.web.EndpointLinksResolver      : Exposing 2 endpoint(s) beneath base path &apos;/actuator&apos;
2019-01-16 13:04:44.150  INFO 13128 --- [           main] s.b.a.e.w.s.WebMvcEndpointHandlerMapping : Mapped &quot;{[/actuator/health],methods=[GET],produces=[application/vnd.spring-boot.actuator.v2+json || application/json]}&quot; onto public java.lang.Object org.springframework.boot.actuate.endpoint.web.servlet.AbstractWebMvcEndpointHandlerMapping$OperationHandler.handle(javax.servlet.http.HttpServletRequest,java.util.Map&lt;java.lang.String, java.lang.String&gt;)
2019-01-16 13:04:44.151  INFO 13128 --- [           main] s.b.a.e.w.s.WebMvcEndpointHandlerMapping : Mapped &quot;{[/actuator/info],methods=[GET],produces=[application/vnd.spring-boot.actuator.v2+json || application/json]}&quot; onto public java.lang.Object org.springframework.boot.actuate.endpoint.web.servlet.AbstractWebMvcEndpointHandlerMapping$OperationHandler.handle(javax.servlet.http.HttpServletRequest,java.util.Map&lt;java.lang.String, java.lang.String&gt;)
2019-01-16 13:04:44.152  INFO 13128 --- [           main] s.b.a.e.w.s.WebMvcEndpointHandlerMapping : Mapped &quot;{[/actuator],methods=[GET],produces=[application/vnd.spring-boot.actuator.v2+json || application/json]}&quot; onto protected java.util.Map&lt;java.lang.String, java.util.Map&lt;java.lang.String, org.springframework.boot.actuate.endpoint.web.Link&gt;&gt; org.springframework.boot.actuate.endpoint.web.servlet.WebMvcEndpointHandlerMapping.links(javax.servlet.http.HttpServletRequest,javax.servlet.http.HttpServletResponse)
2019-01-16 13:04:44.241  INFO 13128 --- [           main] o.s.c.support.DefaultLifecycleProcessor  : Starting beans in phase 0
2019-01-16 13:04:44.273  INFO 13128 --- [           main] zg.controller.LoginControTest            : Started LoginControTest in 11.139 seconds (JVM running for 12.363)
</system-out>
  </testcase>
</testsuite>