<?xml version="1.0" encoding="UTF-8" ?>
<testsuite tests="1" failures="0" name="zg.controller.LoginControTest" time="0.009" errors="1" skipped="0">
  <properties>
[...]
</properties>
  <testcase classname="zg.controller.LoginControTest" name="loginContrTest" time="0.009">
    <error message="Failed to load ApplicationContext" type="java.lang.IllegalStateException">java.lang.IllegalStateException: Failed to load ApplicationContext
	at org.springframework.test.context.cache.DefaultCacheAwareContextLoaderDelegate.loadContext(DefaultCacheAwareContextLoaderDelegate.java:125)
	at org.springframework.test.context.support.DefaultTestContext.getApplicationContext(DefaultTestContext.java:108)
	at org.springframework.test.context.web.ServletTestExecutionListener.setUpRequestContextIfNecessary(ServletTestExecutionListener.java:190)
	at org.springframework.test.context.web.ServletTestExecutionListener.prepareTestInstance(ServletTestExecutionListener.java:132)
	at org.springframework.test.context.TestContextManager.prepareTestInstance(TestContextManager.java:246)
	at org.springframework.test.context.junit4.SpringJUnit4ClassRunner.createTest(SpringJUnit4ClassRunner.java:227)
	at org.springframework.test.context.junit4.SpringJUnit4ClassRunner$1.runReflectiveCall(SpringJUnit4ClassRunner.java:289)
	at org.junit.internal.runners.model.ReflectiveCallable.run(ReflectiveCallable.java:12)
	at org.springframework.test.context.junit4.SpringJUnit4ClassRunner.methodBlock(SpringJUnit4ClassRunner.java:291)
	at org.springframework.test.context.junit4.SpringJUnit4ClassRunner.runChild(SpringJUnit4ClassRunner.java:246)
	at org.springframework.test.context.junit4.SpringJUnit4ClassRunner.runChild(SpringJUnit4ClassRunner.java:97)
	at org.junit.runners.ParentRunner$3.run(ParentRunner.java:290)
	at org.junit.runners.ParentRunner$1.schedule(ParentRunner.java:71)
	at org.junit.runners.ParentRunner.runChildren(ParentRunner.java:288)
	at org.junit.runners.ParentRunner.access$000(ParentRunner.java:58)
	at org.junit.runners.ParentRunner$2.evaluate(ParentRunner.java:268)
	at org.springframework.test.context.junit4.statements.RunBeforeTestClassCallbacks.evaluate(RunBeforeTestClassCallbacks.java:61)
	at org.springframework.test.context.junit4.statements.RunAfterTestClassCallbacks.evaluate(RunAfterTestClassCallbacks.java:70)
	at org.junit.runners.ParentRunner.run(ParentRunner.java:363)
	at org.springframework.test.context.junit4.SpringJUnit4ClassRunner.run(SpringJUnit4ClassRunner.java:190)
	at org.apache.maven.surefire.junit4.JUnit4Provider.execute(JUnit4Provider.java:252)
	at org.apache.maven.surefire.junit4.JUnit4Provider.executeTestSet(JUnit4Provider.java:141)
	at org.apache.maven.surefire.junit4.JUnit4Provider.invoke(JUnit4Provider.java:112)
	at sun.reflect.NativeMethodAccessorImpl.invoke0(Native Method)
	at sun.reflect.NativeMethodAccessorImpl.invoke(NativeMethodAccessorImpl.java:62)
	at sun.reflect.DelegatingMethodAccessorImpl.invoke(DelegatingMethodAccessorImpl.java:43)
	at java.lang.reflect.Method.invoke(Method.java:498)
	at org.apache.maven.surefire.util.ReflectionUtils.invokeMethodWithArray(ReflectionUtils.java:189)
	at org.apache.maven.surefire.booter.ProviderFactory$ProviderProxy.invoke(ProviderFactory.java:165)
	at org.apache.maven.surefire.booter.ProviderFactory.invokeProvider(ProviderFactory.java:85)
	at org.apache.maven.surefire.booter.ForkedBooter.runSuitesInProcess(ForkedBooter.java:115)
	at org.apache.maven.surefire.booter.ForkedBooter.main(ForkedBooter.java:75)
Caused by: org.springframework.beans.factory.UnsatisfiedDependencyException: Error creating bean with name &apos;methodValidationPostProcessor&apos; defined in class path resource [org/springframework/boot/autoconfigure/validation/ValidationAutoConfiguration.class]: Unsatisfied dependency expressed through method &apos;methodValidationPostProcessor&apos; parameter 0; nested exception is org.springframework.beans.factory.UnsatisfiedDependencyException: Error creating bean with name &apos;shiroFilter&apos; defined in class path resource [cn/userCenter/config/shiro/ShiroConfig.class]: Unsatisfied dependency expressed through method &apos;shiroFilter&apos; parameter 0; nested exception is org.springframework.beans.factory.BeanCreationException: Error creating bean with name &apos;securityManager&apos; defined in class path resource [cn/userCenter/config/shiro/ShiroConfig.class]: Bean instantiation via factory method failed; nested exception is org.springframework.beans.BeanInstantiationException: Failed to instantiate [org.apache.shiro.mgt.SecurityManager]: Factory method &apos;securityManager&apos; threw exception; nested exception is org.springframework.beans.factory.UnsatisfiedDependencyException: Error creating bean with name &apos;myShiroRealm&apos;: Unsatisfied dependency expressed through field &apos;userService&apos;; nested exception is org.springframework.beans.factory.UnsatisfiedDependencyException: Error creating bean with name &apos;userService&apos;: Unsatisfied dependency expressed through field &apos;userMapper&apos;; nested exception is org.springframework.beans.factory.NoSuchBeanDefinitionException: No qualifying bean of type &apos;cn.userCenter.dao.UserMapper&apos; available: expected at least 1 bean which qualifies as autowire candidate. Dependency annotations: {@org.springframework.beans.factory.annotation.Autowired(required=true)}
	at org.springframework.beans.factory.support.ConstructorResolver.createArgumentArray(ConstructorResolver.java:733)
	at org.springframework.beans.factory.support.ConstructorResolver.instantiateUsingFactoryMethod(ConstructorResolver.java:475)
	at org.springframework.beans.factory.support.AbstractAutowireCapableBeanFactory.instantiateUsingFactoryMethod(AbstractAutowireCapableBeanFactory.java:1246)
	at org.springframework.beans.factory.support.AbstractAutowireCapableBeanFactory.createBeanInstance(AbstractAutowireCapableBeanFactory.java:1096)
	at org.springframework.beans.factory.support.AbstractAutowireCapableBeanFactory.doCreateBean(AbstractAutowireCapableBeanFactory.java:535)
	at org.springframework.beans.factory.support.AbstractAutowireCapableBeanFactory.createBean(AbstractAutowireCapableBeanFactory.java:495)
	at org.springframework.beans.factory.support.AbstractBeanFactory.lambda$doGetBean$0(AbstractBeanFactory.java:317)
	at org.springframework.beans.factory.support.DefaultSingletonBeanRegistry.getSingleton(DefaultSingletonBeanRegistry.java:222)
	at org.springframework.beans.factory.support.AbstractBeanFactory.doGetBean(AbstractBeanFactory.java:315)
	at org.springframework.beans.factory.support.AbstractBeanFactory.getBean(AbstractBeanFactory.java:204)
	at org.springframework.context.support.PostProcessorRegistrationDelegate.registerBeanPostProcessors(PostProcessorRegistrationDelegate.java:224)
	at org.springframework.context.support.AbstractApplicationContext.registerBeanPostProcessors(AbstractApplicationContext.java:708)
	at org.springframework.context.support.AbstractApplicationContext.refresh(AbstractApplicationContext.java:533)
	at org.springframework.boot.SpringApplication.refresh(SpringApplication.java:754)
	at org.springframework.boot.SpringApplication.refreshContext(SpringApplication.java:386)
	at org.springframework.boot.SpringApplication.run(SpringApplication.java:307)
	at org.springframework.boot.test.context.SpringBootContextLoader.loadContext(SpringBootContextLoader.java:127)
	at org.springframework.test.context.cache.DefaultCacheAwareContextLoaderDelegate.loadContextInternal(DefaultCacheAwareContextLoaderDelegate.java:99)
	at org.springframework.test.context.cache.DefaultCacheAwareContextLoaderDelegate.loadContext(DefaultCacheAwareContextLoaderDelegate.java:117)
	... 31 more
Caused by: org.springframework.beans.factory.UnsatisfiedDependencyException: Error creating bean with name &apos;shiroFilter&apos; defined in class path resource [cn/userCenter/config/shiro/ShiroConfig.class]: Unsatisfied dependency expressed through method &apos;shiroFilter&apos; parameter 0; nested exception is org.springframework.beans.factory.BeanCreationException: Error creating bean with name &apos;securityManager&apos; defined in class path resource [cn/userCenter/config/shiro/ShiroConfig.class]: Bean instantiation via factory method failed; nested exception is org.springframework.beans.BeanInstantiationException: Failed to instantiate [org.apache.shiro.mgt.SecurityManager]: Factory method &apos;securityManager&apos; threw exception; nested exception is org.springframework.beans.factory.UnsatisfiedDependencyException: Error creating bean with name &apos;myShiroRealm&apos;: Unsatisfied dependency expressed through field &apos;userService&apos;; nested exception is org.springframework.beans.factory.UnsatisfiedDependencyException: Error creating bean with name &apos;userService&apos;: Unsatisfied dependency expressed through field &apos;userMapper&apos;; nested exception is org.springframework.beans.factory.NoSuchBeanDefinitionException: No qualifying bean of type &apos;cn.userCenter.dao.UserMapper&apos; available: expected at least 1 bean which qualifies as autowire candidate. Dependency annotations: {@org.springframework.beans.factory.annotation.Autowired(required=true)}
	at org.springframework.beans.factory.support.ConstructorResolver.createArgumentArray(ConstructorResolver.java:733)
	at org.springframework.beans.factory.support.ConstructorResolver.instantiateUsingFactoryMethod(ConstructorResolver.java:475)
	at org.springframework.beans.factory.support.AbstractAutowireCapableBeanFactory.instantiateUsingFactoryMethod(AbstractAutowireCapableBeanFactory.java:1246)
	at org.springframework.beans.factory.support.AbstractAutowireCapableBeanFactory.createBeanInstance(AbstractAutowireCapableBeanFactory.java:1096)
	at org.springframework.beans.factory.support.AbstractAutowireCapableBeanFactory.getSingletonFactoryBeanForTypeCheck(AbstractAutowireCapableBeanFactory.java:943)
	at org.springframework.beans.factory.support.AbstractAutowireCapableBeanFactory.getTypeForFactoryBean(AbstractAutowireCapableBeanFactory.java:826)
	at org.springframework.beans.factory.support.AbstractBeanFactory.isTypeMatch(AbstractBeanFactory.java:562)
	at org.springframework.beans.factory.support.DefaultListableBeanFactory.doGetBeanNamesForType(DefaultListableBeanFactory.java:426)
	at org.springframework.beans.factory.support.DefaultListableBeanFactory.getBeanNamesForType(DefaultListableBeanFactory.java:389)
	at org.springframework.beans.factory.BeanFactoryUtils.beanNamesForTypeIncludingAncestors(BeanFactoryUtils.java:214)
	at org.springframework.beans.factory.support.DefaultListableBeanFactory.findAutowireCandidates(DefaultListableBeanFactory.java:1273)
	at org.springframework.beans.factory.support.DefaultListableBeanFactory.doResolveDependency(DefaultListableBeanFactory.java:1098)
	at org.springframework.beans.factory.support.DefaultListableBeanFactory.resolveDependency(DefaultListableBeanFactory.java:1062)
	at org.springframework.beans.factory.support.ConstructorResolver.resolveAutowiredArgument(ConstructorResolver.java:819)
	at org.springframework.beans.factory.support.ConstructorResolver.createArgumentArray(ConstructorResolver.java:725)
	... 49 more
Caused by: org.springframework.beans.factory.BeanCreationException: Error creating bean with name &apos;securityManager&apos; defined in class path resource [cn/userCenter/config/shiro/ShiroConfig.class]: Bean instantiation via factory method failed; nested exception is org.springframework.beans.BeanInstantiationException: Failed to instantiate [org.apache.shiro.mgt.SecurityManager]: Factory method &apos;securityManager&apos; threw exception; nested exception is org.springframework.beans.factory.UnsatisfiedDependencyException: Error creating bean with name &apos;myShiroRealm&apos;: Unsatisfied dependency expressed through field &apos;userService&apos;; nested exception is org.springframework.beans.factory.UnsatisfiedDependencyException: Error creating bean with name &apos;userService&apos;: Unsatisfied dependency expressed through field &apos;userMapper&apos;; nested exception is org.springframework.beans.factory.NoSuchBeanDefinitionException: No qualifying bean of type &apos;cn.userCenter.dao.UserMapper&apos; available: expected at least 1 bean which qualifies as autowire candidate. Dependency annotations: {@org.springframework.beans.factory.annotation.Autowired(required=true)}
	at org.springframework.beans.factory.support.ConstructorResolver.instantiateUsingFactoryMethod(ConstructorResolver.java:591)
	at org.springframework.beans.factory.support.AbstractAutowireCapableBeanFactory.instantiateUsingFactoryMethod(AbstractAutowireCapableBeanFactory.java:1246)
	at org.springframework.beans.factory.support.AbstractAutowireCapableBeanFactory.createBeanInstance(AbstractAutowireCapableBeanFactory.java:1096)
	at org.springframework.beans.factory.support.AbstractAutowireCapableBeanFactory.doCreateBean(AbstractAutowireCapableBeanFactory.java:535)
	at org.springframework.beans.factory.support.AbstractAutowireCapableBeanFactory.createBean(AbstractAutowireCapableBeanFactory.java:495)
	at org.springframework.beans.factory.support.AbstractBeanFactory.lambda$doGetBean$0(AbstractBeanFactory.java:317)
	at org.springframework.beans.factory.support.DefaultSingletonBeanRegistry.getSingleton(DefaultSingletonBeanRegistry.java:222)
	at org.springframework.beans.factory.support.AbstractBeanFactory.doGetBean(AbstractBeanFactory.java:315)
	at org.springframework.beans.factory.support.AbstractBeanFactory.getBean(AbstractBeanFactory.java:199)
	at org.springframework.beans.factory.config.DependencyDescriptor.resolveCandidate(DependencyDescriptor.java:251)
	at org.springframework.beans.factory.support.DefaultListableBeanFactory.doResolveDependency(DefaultListableBeanFactory.java:1135)
	at org.springframework.beans.factory.support.DefaultListableBeanFactory.resolveDependency(DefaultListableBeanFactory.java:1062)
	at org.springframework.beans.factory.support.ConstructorResolver.resolveAutowiredArgument(ConstructorResolver.java:819)
	at org.springframework.beans.factory.support.ConstructorResolver.createArgumentArray(ConstructorResolver.java:725)
	... 63 more
Caused by: org.springframework.beans.BeanInstantiationException: Failed to instantiate [org.apache.shiro.mgt.SecurityManager]: Factory method &apos;securityManager&apos; threw exception; nested exception is org.springframework.beans.factory.UnsatisfiedDependencyException: Error creating bean with name &apos;myShiroRealm&apos;: Unsatisfied dependency expressed through field &apos;userService&apos;; nested exception is org.springframework.beans.factory.UnsatisfiedDependencyException: Error creating bean with name &apos;userService&apos;: Unsatisfied dependency expressed through field &apos;userMapper&apos;; nested exception is org.springframework.beans.factory.NoSuchBeanDefinitionException: No qualifying bean of type &apos;cn.userCenter.dao.UserMapper&apos; available: expected at least 1 bean which qualifies as autowire candidate. Dependency annotations: {@org.springframework.beans.factory.annotation.Autowired(required=true)}
	at org.springframework.beans.factory.support.SimpleInstantiationStrategy.instantiate(SimpleInstantiationStrategy.java:185)
	at org.springframework.beans.factory.support.ConstructorResolver.instantiateUsingFactoryMethod(ConstructorResolver.java:583)
	... 76 more
Caused by: org.springframework.beans.factory.UnsatisfiedDependencyException: Error creating bean with name &apos;myShiroRealm&apos;: Unsatisfied dependency expressed through field &apos;userService&apos;; nested exception is org.springframework.beans.factory.UnsatisfiedDependencyException: Error creating bean with name &apos;userService&apos;: Unsatisfied dependency expressed through field &apos;userMapper&apos;; nested exception is org.springframework.beans.factory.NoSuchBeanDefinitionException: No qualifying bean of type &apos;cn.userCenter.dao.UserMapper&apos; available: expected at least 1 bean which qualifies as autowire candidate. Dependency annotations: {@org.springframework.beans.factory.annotation.Autowired(required=true)}
	at org.springframework.beans.factory.annotation.AutowiredAnnotationBeanPostProcessor$AutowiredFieldElement.inject(AutowiredAnnotationBeanPostProcessor.java:584)
	at org.springframework.beans.factory.annotation.InjectionMetadata.inject(InjectionMetadata.java:90)
	at org.springframework.beans.factory.annotation.AutowiredAnnotationBeanPostProcessor.postProcessPropertyValues(AutowiredAnnotationBeanPostProcessor.java:370)
	at org.springframework.beans.factory.support.AbstractAutowireCapableBeanFactory.populateBean(AbstractAutowireCapableBeanFactory.java:1336)
	at org.springframework.beans.factory.support.AbstractAutowireCapableBeanFactory.doCreateBean(AbstractAutowireCapableBeanFactory.java:572)
	at org.springframework.beans.factory.support.AbstractAutowireCapableBeanFactory.createBean(AbstractAutowireCapableBeanFactory.java:495)
	at org.springframework.beans.factory.support.AbstractBeanFactory.lambda$doGetBean$0(AbstractBeanFactory.java:317)
	at org.springframework.beans.factory.support.DefaultSingletonBeanRegistry.getSingleton(DefaultSingletonBeanRegistry.java:222)
	at org.springframework.beans.factory.support.AbstractBeanFactory.doGetBean(AbstractBeanFactory.java:315)
	at org.springframework.beans.factory.support.AbstractBeanFactory.getBean(AbstractBeanFactory.java:199)
	at org.springframework.context.annotation.ConfigurationClassEnhancer$BeanMethodInterceptor.resolveBeanReference(ConfigurationClassEnhancer.java:396)
	at org.springframework.context.annotation.ConfigurationClassEnhancer$BeanMethodInterceptor.intercept(ConfigurationClassEnhancer.java:368)
	at cn.userCenter.config.shiro.ShiroConfig$$EnhancerBySpringCGLIB$$3f66730a.myShiroRealm(&lt;generated&gt;)
	at cn.userCenter.config.shiro.ShiroConfig.securityManager(ShiroConfig.java:86)
	at cn.userCenter.config.shiro.ShiroConfig$$EnhancerBySpringCGLIB$$3f66730a.CGLIB$securityManager$0(&lt;generated&gt;)
	at cn.userCenter.config.shiro.ShiroConfig$$EnhancerBySpringCGLIB$$3f66730a$$FastClassBySpringCGLIB$$795c7984.invoke(&lt;generated&gt;)
	at org.springframework.cglib.proxy.MethodProxy.invokeSuper(MethodProxy.java:228)
	at org.springframework.context.annotation.ConfigurationClassEnhancer$BeanMethodInterceptor.intercept(ConfigurationClassEnhancer.java:365)
	at cn.userCenter.config.shiro.ShiroConfig$$EnhancerBySpringCGLIB$$3f66730a.securityManager(&lt;generated&gt;)
	at sun.reflect.NativeMethodAccessorImpl.invoke0(Native Method)
	at sun.reflect.NativeMethodAccessorImpl.invoke(NativeMethodAccessorImpl.java:62)
	at sun.reflect.DelegatingMethodAccessorImpl.invoke(DelegatingMethodAccessorImpl.java:43)
	at java.lang.reflect.Method.invoke(Method.java:498)
	at org.springframework.beans.factory.support.SimpleInstantiationStrategy.instantiate(SimpleInstantiationStrategy.java:154)
	... 77 more
Caused by: org.springframework.beans.factory.UnsatisfiedDependencyException: Error creating bean with name &apos;userService&apos;: Unsatisfied dependency expressed through field &apos;userMapper&apos;; nested exception is org.springframework.beans.factory.NoSuchBeanDefinitionException: No qualifying bean of type &apos;cn.userCenter.dao.UserMapper&apos; available: expected at least 1 bean which qualifies as autowire candidate. Dependency annotations: {@org.springframework.beans.factory.annotation.Autowired(required=true)}
	at org.springframework.beans.factory.annotation.AutowiredAnnotationBeanPostProcessor$AutowiredFieldElement.inject(AutowiredAnnotationBeanPostProcessor.java:584)
	at org.springframework.beans.factory.annotation.InjectionMetadata.inject(InjectionMetadata.java:90)
	at org.springframework.beans.factory.annotation.AutowiredAnnotationBeanPostProcessor.postProcessPropertyValues(AutowiredAnnotationBeanPostProcessor.java:370)
	at org.springframework.beans.factory.support.AbstractAutowireCapableBeanFactory.populateBean(AbstractAutowireCapableBeanFactory.java:1336)
	at org.springframework.beans.factory.support.AbstractAutowireCapableBeanFactory.doCreateBean(AbstractAutowireCapableBeanFactory.java:572)
	at org.springframework.beans.factory.support.AbstractAutowireCapableBeanFactory.createBean(AbstractAutowireCapableBeanFactory.java:495)
	at org.springframework.beans.factory.support.AbstractBeanFactory.lambda$doGetBean$0(AbstractBeanFactory.java:317)
	at org.springframework.beans.factory.support.DefaultSingletonBeanRegistry.getSingleton(DefaultSingletonBeanRegistry.java:222)
	at org.springframework.beans.factory.support.AbstractBeanFactory.doGetBean(AbstractBeanFactory.java:315)
	at org.springframework.beans.factory.support.AbstractBeanFactory.getBean(AbstractBeanFactory.java:199)
	at org.springframework.beans.factory.config.DependencyDescriptor.resolveCandidate(DependencyDescriptor.java:251)
	at org.springframework.beans.factory.support.DefaultListableBeanFactory.doResolveDependency(DefaultListableBeanFactory.java:1135)
	at org.springframework.beans.factory.support.DefaultListableBeanFactory.resolveDependency(DefaultListableBeanFactory.java:1062)
	at org.springframework.beans.factory.annotation.AutowiredAnnotationBeanPostProcessor$AutowiredFieldElement.inject(AutowiredAnnotationBeanPostProcessor.java:581)
	... 100 more
Caused by: org.springframework.beans.factory.NoSuchBeanDefinitionException: No qualifying bean of type &apos;cn.userCenter.dao.UserMapper&apos; available: expected at least 1 bean which qualifies as autowire candidate. Dependency annotations: {@org.springframework.beans.factory.annotation.Autowired(required=true)}
	at org.springframework.beans.factory.support.DefaultListableBeanFactory.raiseNoMatchingBeanFound(DefaultListableBeanFactory.java:1506)
	at org.springframework.beans.factory.support.DefaultListableBeanFactory.doResolveDependency(DefaultListableBeanFactory.java:1101)
	at org.springframework.beans.factory.support.DefaultListableBeanFactory.resolveDependency(DefaultListableBeanFactory.java:1062)
	at org.springframework.beans.factory.annotation.AutowiredAnnotationBeanPostProcessor$AutowiredFieldElement.inject(AutowiredAnnotationBeanPostProcessor.java:581)
	... 113 more
</error>
    <system-out>23:58:36.560 [main] DEBUG org.springframework.test.context.junit4.SpringJUnit4ClassRunner - SpringJUnit4ClassRunner constructor called with [class zg.controller.LoginControTest]
23:58:36.567 [main] DEBUG org.springframework.test.context.BootstrapUtils - Instantiating CacheAwareContextLoaderDelegate from class [org.springframework.test.context.cache.DefaultCacheAwareContextLoaderDelegate]
23:58:36.578 [main] DEBUG org.springframework.test.context.BootstrapUtils - Instantiating BootstrapContext using constructor [public org.springframework.test.context.support.DefaultBootstrapContext(java.lang.Class,org.springframework.test.context.CacheAwareContextLoaderDelegate)]
23:58:36.601 [main] DEBUG org.springframework.test.context.BootstrapUtils - Instantiating TestContextBootstrapper for test class [zg.controller.LoginControTest] from class [org.springframework.boot.test.context.SpringBootTestContextBootstrapper]
23:58:36.617 [main] INFO org.springframework.boot.test.context.SpringBootTestContextBootstrapper - Neither @ContextConfiguration nor @ContextHierarchy found for test class [zg.controller.LoginControTest], using SpringBootContextLoader
23:58:36.623 [main] DEBUG org.springframework.test.context.support.AbstractContextLoader - Did not detect default resource location for test class [zg.controller.LoginControTest]: class path resource [zg/controller/LoginControTest-context.xml] does not exist
23:58:36.623 [main] DEBUG org.springframework.test.context.support.AbstractContextLoader - Did not detect default resource location for test class [zg.controller.LoginControTest]: class path resource [zg/controller/LoginControTestContext.groovy] does not exist
23:58:36.623 [main] INFO org.springframework.test.context.support.AbstractContextLoader - Could not detect default resource locations for test class [zg.controller.LoginControTest]: no resource found for suffixes {-context.xml, Context.groovy}.
23:58:36.670 [main] DEBUG org.springframework.test.context.support.ActiveProfilesUtils - Could not find an &apos;annotation declaring class&apos; for annotation type [org.springframework.test.context.ActiveProfiles] and class [zg.controller.LoginControTest]
23:58:36.872 [main] DEBUG org.springframework.boot.test.context.SpringBootTestContextBootstrapper - @TestExecutionListeners is not present for class [zg.controller.LoginControTest]: using defaults.
23:58:36.874 [main] INFO org.springframework.boot.test.context.SpringBootTestContextBootstrapper - Loaded default TestExecutionListener class names from location [META-INF/spring.factories]: [org.springframework.boot.test.mock.mockito.MockitoTestExecutionListener, org.springframework.boot.test.mock.mockito.ResetMocksTestExecutionListener, org.springframework.boot.test.autoconfigure.restdocs.RestDocsTestExecutionListener, org.springframework.boot.test.autoconfigure.web.client.MockRestServiceServerResetTestExecutionListener, org.springframework.boot.test.autoconfigure.web.servlet.MockMvcPrintOnlyOnFailureTestExecutionListener, org.springframework.boot.test.autoconfigure.web.servlet.WebDriverTestExecutionListener, org.springframework.test.context.web.ServletTestExecutionListener, org.springframework.test.context.support.DirtiesContextBeforeModesTestExecutionListener, org.springframework.test.context.support.DependencyInjectionTestExecutionListener, org.springframework.test.context.support.DirtiesContextTestExecutionListener, org.springframework.test.context.transaction.TransactionalTestExecutionListener, org.springframework.test.context.jdbc.SqlScriptsTestExecutionListener]
23:58:36.895 [main] INFO org.springframework.boot.test.context.SpringBootTestContextBootstrapper - Using TestExecutionListeners: [org.springframework.test.context.web.ServletTestExecutionListener@5552768b, org.springframework.test.context.support.DirtiesContextBeforeModesTestExecutionListener@3c947bc5, org.springframework.boot.test.mock.mockito.MockitoTestExecutionListener@609db43b, org.springframework.boot.test.autoconfigure.SpringBootDependencyInjectionTestExecutionListener@55f616cf, org.springframework.test.context.support.DirtiesContextTestExecutionListener@1356d4d4, org.springframework.test.context.transaction.TransactionalTestExecutionListener@c03cf28, org.springframework.test.context.jdbc.SqlScriptsTestExecutionListener@1329eff, org.springframework.boot.test.mock.mockito.ResetMocksTestExecutionListener@6497b078, org.springframework.boot.test.autoconfigure.restdocs.RestDocsTestExecutionListener@41c2284a, org.springframework.boot.test.autoconfigure.web.client.MockRestServiceServerResetTestExecutionListener@53aad5d5, org.springframework.boot.test.autoconfigure.web.servlet.MockMvcPrintOnlyOnFailureTestExecutionListener@46fa7c39, org.springframework.boot.test.autoconfigure.web.servlet.WebDriverTestExecutionListener@1fb700ee]
23:58:36.897 [main] DEBUG org.springframework.test.annotation.ProfileValueUtils - Retrieved @ProfileValueSourceConfiguration [null] for test class [zg.controller.LoginControTest]
23:58:36.898 [main] DEBUG org.springframework.test.annotation.ProfileValueUtils - Retrieved ProfileValueSource type [class org.springframework.test.annotation.SystemProfileValueSource] for class [zg.controller.LoginControTest]
23:58:36.899 [main] DEBUG org.springframework.test.annotation.ProfileValueUtils - Retrieved @ProfileValueSourceConfiguration [null] for test class [zg.controller.LoginControTest]
23:58:36.899 [main] DEBUG org.springframework.test.annotation.ProfileValueUtils - Retrieved ProfileValueSource type [class org.springframework.test.annotation.SystemProfileValueSource] for class [zg.controller.LoginControTest]
23:58:36.905 [main] DEBUG org.springframework.test.context.support.AbstractDirtiesContextTestExecutionListener - Before test class: context [DefaultTestContext@2892dae4 testClass = LoginControTest, testInstance = [null], testMethod = [null], testException = [null], mergedContextConfiguration = [WebMergedContextConfiguration@355ce81c testClass = LoginControTest, locations = &apos;{}&apos;, classes = &apos;{class cn.userCenter.UserCenter_8001, class cn.userCenter.UserCenter_8001}&apos;, contextInitializerClasses = &apos;[]&apos;, activeProfiles = &apos;{}&apos;, propertySourceLocations = &apos;{}&apos;, propertySourceProperties = &apos;{org.springframework.boot.test.context.SpringBootTestContextBootstrapper=true}&apos;, contextCustomizers = set[org.springframework.boot.test.context.filter.ExcludeFilterContextCustomizer@7fe8ea47, org.springframework.boot.test.json.DuplicateJsonObjectContextCustomizerFactory$DuplicateJsonObjectContextCustomizer@255b53dc, org.springframework.boot.test.mock.mockito.MockitoContextCustomizer@0, org.springframework.boot.test.web.client.TestRestTemplateContextCustomizer@145eaa29, org.springframework.boot.test.autoconfigure.properties.PropertyMappingContextCustomizer@0, org.springframework.boot.test.autoconfigure.web.servlet.WebDriverContextCustomizerFactory$Customizer@ca263c2, org.springframework.test.context.web.socket.MockServerContainerContextCustomizer@4c6e276e], resourceBasePath = &apos;src/main/webapp&apos;, contextLoader = &apos;org.springframework.boot.test.context.SpringBootContextLoader&apos;, parent = [null]], attributes = map[&apos;org.springframework.test.context.web.ServletTestExecutionListener.activateListener&apos; -&gt; true]], class annotated with @DirtiesContext [false] with mode [null].
23:58:36.906 [main] DEBUG org.springframework.test.annotation.ProfileValueUtils - Retrieved @ProfileValueSourceConfiguration [null] for test class [zg.controller.LoginControTest]
23:58:36.906 [main] DEBUG org.springframework.test.annotation.ProfileValueUtils - Retrieved ProfileValueSource type [class org.springframework.test.annotation.SystemProfileValueSource] for class [zg.controller.LoginControTest]
23:58:36.936 [main] DEBUG org.springframework.core.env.StandardEnvironment - Adding PropertySource &apos;systemProperties&apos; with lowest search precedence
23:58:36.937 [main] DEBUG org.springframework.core.env.StandardEnvironment - Adding PropertySource &apos;systemEnvironment&apos; with lowest search precedence
23:58:36.937 [main] DEBUG org.springframework.core.env.StandardEnvironment - Initialized StandardEnvironment with PropertySources [MapPropertySource@50699452 {name=&apos;systemProperties&apos;, properties={java.runtime.name=Java(TM) SE Runtime Environment, sun.boot.library.path=C:\Program Files\Java\jdk1.8.0_152\jre\bin, java.vm.version=25.152-b16, java.vm.vendor=Oracle Corporation, java.vendor.url=http://java.oracle.com/, path.separator=;, java.vm.name=Java HotSpot(TM) 64-Bit Server VM, file.encoding.pkg=sun.io, user.country=CN, user.script=, sun.java.launcher=SUN_STANDARD, sun.os.patch.level=, java.vm.specification.name=Java Virtual Machine Specification, user.dir=E:\eclipse my all Info\temp\own_workspace\micro_work_place\microservice\microservice-userCenter, java.runtime.version=1.8.0_152-b16, basedir=E:\eclipse my all Info\temp\own_workspace\micro_work_place\microservice\microservice-userCenter, java.awt.graphicsenv=sun.awt.Win32GraphicsEnvironment, java.endorsed.dirs=C:\Program Files\Java\jdk1.8.0_152\jre\lib\endorsed, os.arch=amd64, surefire.real.class.path=E:\eclipse my all Info\temp\own_workspace\micro_work_place\microservice\microservice-userCenter\target\surefire\surefirebooter6871086076959229607.jar, java.io.tmpdir=C:\Users\yanghua\AppData\Local\Temp\, line.separator=
, java.vm.specification.vendor=Oracle Corporation, user.variant=, os.name=Windows 10, sun.jnu.encoding=GBK, java.library.path=C:\Program Files\Java\jdk1.8.0_152\jre\bin;C:\WINDOWS\Sun\Java\bin;C:\WINDOWS\system32;C:\WINDOWS;C:/Program Files/Java/jre1.8.0_152/bin/server;C:/Program Files/Java/jre1.8.0_152/bin;C:/Program Files/Java/jre1.8.0_152/lib/amd64;C:\app\yanghua\product\11.2.0\dbhome_1\bin;C:\app\yanghua\product\11.2.0\client_1;C:\Program Files (x86)\Common Files\NetSarang;C:\ProgramData\Oracle\Java\javapath;C:\Program Files\Java\jdk1.8.0_152\bin;C:\Program Files\Java\jdk1.8.0_152\jre\bin;C:\Windows\System32;E:\eclipse my all Info\temp\webservice\apache-cxf-3.2.2\bin;E:\eclipse my all Info\apache-maven-3.5.0\bin;E:\eclipse my all Info\apache-tomcat-7.0.81\bin;C:\WINDOWS\system32;C:\WINDOWS;C:\WINDOWS\System32\Wbem;C:\WINDOWS\System32\WindowsPowerShell\v1.0\;E:\Tomacat\apache-tomcat-8.5.35\lib;E:\Tomacat\apache-tomcat-8.5.35\bin;C:\WINDOWS\System32\OpenSSH\;F:\mysql\mysql-8.0.11-winx64\bin;E:\redis;C:\Users\yanghua\AppData\Local\Microsoft\WindowsApps;;E:\eclipse my all Info\temp\eclipse;;., surefire.test.class.path=E:\eclipse my all Info\temp\own_workspace\micro_work_place\microservice\microservice-userCenter\target\test-classes;E:\eclipse my all Info\temp\own_workspace\micro_work_place\microservice\microservice-userCenter\target\classes;E:\eclipse my all Info\temp\own_workspace\micro_work_place\microservice\microservice-api\target\microservicecloud.jar;E:\eclipse my all Info\own_maven_store\repository\org\projectlombok\lombok\1.16.22\lombok-1.16.22.jar;E:\eclipse my all Info\own_maven_store\repository\org\springframework\cloud\spring-cloud-starter-openfeign\2.0.2.RELEASE\spring-cloud-starter-openfeign-2.0.2.RELEASE.jar;E:\eclipse my all Info\own_maven_store\repository\org\springframework\cloud\spring-cloud-openfeign-core\2.0.2.RELEASE\spring-cloud-openfeign-core-2.0.2.RELEASE.jar;E:\eclipse my all Info\own_maven_store\repository\io\github\openfeign\form\feign-form-spring\3.3.0\feign-form-spring-3.3.0.jar;E:\eclipse my all Info\own_maven_store\repository\io\github\openfeign\form\feign-form\3.3.0\feign-form-3.3.0.jar;E:\eclipse my all Info\own_maven_store\repository\com\google\code\findbugs\annotations\3.0.1\annotations-3.0.1.jar;E:\eclipse my all Info\own_maven_store\repository\net\jcip\jcip-annotations\1.0\jcip-annotations-1.0.jar;E:\eclipse my all Info\own_maven_store\repository\com\google\code\findbugs\jsr305\3.0.1\jsr305-3.0.1.jar;E:\eclipse my all Info\own_maven_store\repository\commons-fileupload\commons-fileupload\1.3.3\commons-fileupload-1.3.3.jar;E:\eclipse my all Info\own_maven_store\repository\commons-io\commons-io\2.2\commons-io-2.2.jar;E:\eclipse my all Info\own_maven_store\repository\org\springframework\cloud\spring-cloud-commons\2.0.2.RELEASE\spring-cloud-commons-2.0.2.RELEASE.jar;E:\eclipse my all Info\own_maven_store\repository\org\springframework\security\spring-security-crypto\5.0.9.RELEASE\spring-security-crypto-5.0.9.RELEASE.jar;E:\eclipse my all Info\own_maven_store\repository\io\github\openfeign\feign-core\9.7.0\feign-core-9.7.0.jar;E:\eclipse my all Info\own_maven_store\repository\io\github\openfeign\feign-slf4j\9.7.0\feign-slf4j-9.7.0.jar;E:\eclipse my all Info\own_maven_store\repository\io\github\openfeign\feign-hystrix\9.7.0\feign-hystrix-9.7.0.jar;E:\eclipse my all Info\own_maven_store\repository\com\netflix\hystrix\hystrix-core\1.5.12\hystrix-core-1.5.12.jar;E:\eclipse my all Info\own_maven_store\repository\io\github\openfeign\feign-java8\9.7.0\feign-java8-9.7.0.jar;E:\eclipse my all Info\own_maven_store\repository\org\apache\shiro\shiro-spring\1.4.0\shiro-spring-1.4.0.jar;E:\eclipse my all Info\own_maven_store\repository\org\apache\shiro\shiro-core\1.4.0\shiro-core-1.4.0.jar;E:\eclipse my all Info\own_maven_store\repository\org\apache\shiro\shiro-lang\1.4.0\shiro-lang-1.4.0.jar;E:\eclipse my all Info\own_maven_store\repository\org\apache\shiro\shiro-crypto-hash\1.4.0\shiro-crypto-hash-1.4.0.jar;E:\eclipse my all Info\own_maven_store\repository\org\apache\shiro\shiro-crypto-core\1.4.0\shiro-crypto-core-1.4.0.jar;E:\eclipse my all Info\own_maven_store\repository\org\apache\shiro\shiro-crypto-cipher\1.4.0\shiro-crypto-cipher-1.4.0.jar;E:\eclipse my all Info\own_maven_store\repository\org\apache\shiro\shiro-config-core\1.4.0\shiro-config-core-1.4.0.jar;E:\eclipse my all Info\own_maven_store\repository\org\apache\shiro\shiro-config-ogdl\1.4.0\shiro-config-ogdl-1.4.0.jar;E:\eclipse my all Info\own_maven_store\repository\commons-beanutils\commons-beanutils\1.9.3\commons-beanutils-1.9.3.jar;E:\eclipse my all Info\own_maven_store\repository\org\apache\shiro\shiro-event\1.4.0\shiro-event-1.4.0.jar;E:\eclipse my all Info\own_maven_store\repository\org\apache\shiro\shiro-web\1.4.0\shiro-web-1.4.0.jar;E:\eclipse my all Info\own_maven_store\repository\org\apache\shiro\shiro-ehcache\1.4.0\shiro-ehcache-1.4.0.jar;E:\eclipse my all Info\own_maven_store\repository\org\apache\shiro\shiro-cache\1.4.0\shiro-cache-1.4.0.jar;E:\eclipse my all Info\own_maven_store\repository\net\sf\ehcache\ehcache-core\2.6.11\ehcache-core-2.6.11.jar;E:\eclipse my all Info\own_maven_store\repository\org\crazycake\shiro-redis\2.4.2.1-RELEASE\shiro-redis-2.4.2.1-RELEASE.jar;E:\eclipse my all Info\own_maven_store\repository\redis\clients\jedis\2.9.0\jedis-2.9.0.jar;E:\eclipse my all Info\own_maven_store\repository\org\apache\commons\commons-pool2\2.5.0\commons-pool2-2.5.0.jar;E:\eclipse my all Info\own_maven_store\repository\org\slf4j\slf4j-api\1.7.25\slf4j-api-1.7.25.jar;E:\eclipse my all Info\own_maven_store\repository\org\apache\commons\commons-lang3\3.7\commons-lang3-3.7.jar;E:\eclipse my all Info\own_maven_store\repository\org\springframework\boot\spring-boot-starter-logging\2.0.6.RELEASE\spring-boot-starter-logging-2.0.6.RELEASE.jar;E:\eclipse my all Info\own_maven_store\repository\ch\qos\logback\logback-classic\1.2.3\logback-classic-1.2.3.jar;E:\eclipse my all Info\own_maven_store\repository\org\apache\logging\log4j\log4j-to-slf4j\2.10.0\log4j-to-slf4j-2.10.0.jar;E:\eclipse my all Info\own_maven_store\repository\org\apache\logging\log4j\log4j-api\2.10.0\log4j-api-2.10.0.jar;E:\eclipse my all Info\own_maven_store\repository\org\slf4j\jul-to-slf4j\1.7.25\jul-to-slf4j-1.7.25.jar;E:\eclipse my all Info\own_maven_store\repository\junit\junit\4.12\junit-4.12.jar;E:\eclipse my all Info\own_maven_store\repository\org\hamcrest\hamcrest-core\1.3\hamcrest-core-1.3.jar;E:\eclipse my all Info\own_maven_store\repository\mysql\mysql-connector-java\5.1.46\mysql-connector-java-5.1.46.jar;E:\eclipse my all Info\own_maven_store\repository\org\springframework\boot\spring-boot-starter-jdbc\2.0.6.RELEASE\spring-boot-starter-jdbc-2.0.6.RELEASE.jar;E:\eclipse my all Info\own_maven_store\repository\org\springframework\boot\spring-boot-starter\2.0.6.RELEASE\spring-boot-starter-2.0.6.RELEASE.jar;E:\eclipse my all Info\own_maven_store\repository\org\springframework\boot\spring-boot\2.0.6.RELEASE\spring-boot-2.0.6.RELEASE.jar;E:\eclipse my all Info\own_maven_store\repository\org\springframework\boot\spring-boot-autoconfigure\2.0.6.RELEASE\spring-boot-autoconfigure-2.0.6.RELEASE.jar;E:\eclipse my all Info\own_maven_store\repository\javax\annotation\javax.annotation-api\1.3.2\javax.annotation-api-1.3.2.jar;E:\eclipse my all Info\own_maven_store\repository\org\yaml\snakeyaml\1.19\snakeyaml-1.19.jar;E:\eclipse my all Info\own_maven_store\repository\com\zaxxer\HikariCP\2.7.9\HikariCP-2.7.9.jar;E:\eclipse my all Info\own_maven_store\repository\org\springframework\spring-jdbc\5.0.10.RELEASE\spring-jdbc-5.0.10.RELEASE.jar;E:\eclipse my all Info\own_maven_store\repository\org\springframework\spring-beans\5.0.10.RELEASE\spring-beans-5.0.10.RELEASE.jar;E:\eclipse my all Info\own_maven_store\repository\org\springframework\spring-tx\5.0.10.RELEASE\spring-tx-5.0.10.RELEASE.jar;E:\eclipse my all Info\own_maven_store\repository\ch\qos\logback\logback-core\1.2.3\logback-core-1.2.3.jar;E:\eclipse my all Info\own_maven_store\repository\org\mybatis\spring\boot\mybatis-spring-boot-starter\1.3.0\mybatis-spring-boot-starter-1.3.0.jar;E:\eclipse my all Info\own_maven_store\repository\org\mybatis\spring\boot\mybatis-spring-boot-autoconfigure\1.3.0\mybatis-spring-boot-autoconfigure-1.3.0.jar;E:\eclipse my all Info\own_maven_store\repository\org\mybatis\mybatis\3.4.4\mybatis-3.4.4.jar;E:\eclipse my all Info\own_maven_store\repository\org\mybatis\mybatis-spring\1.3.1\mybatis-spring-1.3.1.jar;E:\eclipse my all Info\own_maven_store\repository\org\springframework\boot\spring-boot-starter-jetty\2.0.6.RELEASE\spring-boot-starter-jetty-2.0.6.RELEASE.jar;E:\eclipse my all Info\own_maven_store\repository\org\eclipse\jetty\jetty-servlets\9.4.12.v20180830\jetty-servlets-9.4.12.v20180830.jar;E:\eclipse my all Info\own_maven_store\repository\org\eclipse\jetty\jetty-continuation\9.4.12.v20180830\jetty-continuation-9.4.12.v20180830.jar;E:\eclipse my all Info\own_maven_store\repository\org\eclipse\jetty\jetty-http\9.4.12.v20180830\jetty-http-9.4.12.v20180830.jar;E:\eclipse my all Info\own_maven_store\repository\org\eclipse\jetty\jetty-util\9.4.12.v20180830\jetty-util-9.4.12.v20180830.jar;E:\eclipse my all Info\own_maven_store\repository\org\eclipse\jetty\jetty-io\9.4.12.v20180830\jetty-io-9.4.12.v20180830.jar;E:\eclipse my all Info\own_maven_store\repository\org\eclipse\jetty\jetty-webapp\9.4.12.v20180830\jetty-webapp-9.4.12.v20180830.jar;E:\eclipse my all Info\own_maven_store\repository\org\eclipse\jetty\jetty-xml\9.4.12.v20180830\jetty-xml-9.4.12.v20180830.jar;E:\eclipse my all Info\own_maven_store\repository\org\eclipse\jetty\jetty-servlet\9.4.12.v20180830\jetty-servlet-9.4.12.v20180830.jar;E:\eclipse my all Info\own_maven_store\repository\org\eclipse\jetty\jetty-security\9.4.12.v20180830\jetty-security-9.4.12.v20180830.jar;E:\eclipse my all Info\own_maven_store\repository\org\eclipse\jetty\jetty-server\9.4.12.v20180830\jetty-server-9.4.12.v20180830.jar;E:\eclipse my all Info\own_maven_store\repository\org\eclipse\jetty\websocket\websocket-server\9.4.12.v20180830\websocket-server-9.4.12.v20180830.jar;E:\eclipse my all Info\own_maven_store\repository\org\eclipse\jetty\websocket\websocket-common\9.4.12.v20180830\websocket-common-9.4.12.v20180830.jar;E:\eclipse my all Info\own_maven_store\repository\org\eclipse\jetty\websocket\websocket-api\9.4.12.v20180830\websocket-api-9.4.12.v20180830.jar;E:\eclipse my all Info\own_maven_store\repository\org\eclipse\jetty\websocket\websocket-client\9.4.12.v20180830\websocket-client-9.4.12.v20180830.jar;E:\eclipse my all Info\own_maven_store\repository\org\eclipse\jetty\jetty-client\9.4.12.v20180830\jetty-client-9.4.12.v20180830.jar;E:\eclipse my all Info\own_maven_store\repository\org\eclipse\jetty\websocket\websocket-servlet\9.4.12.v20180830\websocket-servlet-9.4.12.v20180830.jar;E:\eclipse my all Info\own_maven_store\repository\javax\servlet\javax.servlet-api\3.1.0\javax.servlet-api-3.1.0.jar;E:\eclipse my all Info\own_maven_store\repository\org\eclipse\jetty\websocket\javax-websocket-server-impl\9.4.12.v20180830\javax-websocket-server-impl-9.4.12.v20180830.jar;E:\eclipse my all Info\own_maven_store\repository\org\eclipse\jetty\jetty-annotations\9.4.12.v20180830\jetty-annotations-9.4.12.v20180830.jar;E:\eclipse my all Info\own_maven_store\repository\org\eclipse\jetty\jetty-plus\9.4.12.v20180830\jetty-plus-9.4.12.v20180830.jar;E:\eclipse my all Info\own_maven_store\repository\org\ow2\asm\asm\6.2\asm-6.2.jar;E:\eclipse my all Info\own_maven_store\repository\org\ow2\asm\asm-commons\6.2\asm-commons-6.2.jar;E:\eclipse my all Info\own_maven_store\repository\org\ow2\asm\asm-tree\6.2\asm-tree-6.2.jar;E:\eclipse my all Info\own_maven_store\repository\org\ow2\asm\asm-analysis\6.2\asm-analysis-6.2.jar;E:\eclipse my all Info\own_maven_store\repository\org\eclipse\jetty\websocket\javax-websocket-client-impl\9.4.12.v20180830\javax-websocket-client-impl-9.4.12.v20180830.jar;E:\eclipse my all Info\own_maven_store\repository\javax\websocket\javax.websocket-api\1.0\javax.websocket-api-1.0.jar;E:\eclipse my all Info\own_maven_store\repository\org\mortbay\jasper\apache-el\8.5.33\apache-el-8.5.33.jar;E:\eclipse my all Info\own_maven_store\repository\org\springframework\boot\spring-boot-starter-web\2.0.6.RELEASE\spring-boot-starter-web-2.0.6.RELEASE.jar;E:\eclipse my all Info\own_maven_store\repository\org\springframework\boot\spring-boot-starter-json\2.0.6.RELEASE\spring-boot-starter-json-2.0.6.RELEASE.jar;E:\eclipse my all Info\own_maven_store\repository\com\fasterxml\jackson\datatype\jackson-datatype-jdk8\2.9.7\jackson-datatype-jdk8-2.9.7.jar;E:\eclipse my all Info\own_maven_store\repository\com\fasterxml\jackson\datatype\jackson-datatype-jsr310\2.9.7\jackson-datatype-jsr310-2.9.7.jar;E:\eclipse my all Info\own_maven_store\repository\com\fasterxml\jackson\module\jackson-module-parameter-names\2.9.7\jackson-module-parameter-names-2.9.7.jar;E:\eclipse my all Info\own_maven_store\repository\org\springframework\boot\spring-boot-starter-tomcat\2.0.6.RELEASE\spring-boot-starter-tomcat-2.0.6.RELEASE.jar;E:\eclipse my all Info\own_maven_store\repository\org\apache\tomcat\embed\tomcat-embed-core\8.5.34\tomcat-embed-core-8.5.34.jar;E:\eclipse my all Info\own_maven_store\repository\org\apache\tomcat\embed\tomcat-embed-el\8.5.34\tomcat-embed-el-8.5.34.jar;E:\eclipse my all Info\own_maven_store\repository\org\apache\tomcat\embed\tomcat-embed-websocket\8.5.34\tomcat-embed-websocket-8.5.34.jar;E:\eclipse my all Info\own_maven_store\repository\org\hibernate\validator\hibernate-validator\6.0.13.Final\hibernate-validator-6.0.13.Final.jar;E:\eclipse my all Info\own_maven_store\repository\javax\validation\validation-api\2.0.1.Final\validation-api-2.0.1.Final.jar;E:\eclipse my all Info\own_maven_store\repository\org\jboss\logging\jboss-logging\3.3.2.Final\jboss-logging-3.3.2.Final.jar;E:\eclipse my all Info\own_maven_store\repository\com\fasterxml\classmate\1.3.4\classmate-1.3.4.jar;E:\eclipse my all Info\own_maven_store\repository\org\springframework\spring-web\5.0.10.RELEASE\spring-web-5.0.10.RELEASE.jar;E:\eclipse my all Info\own_maven_store\repository\org\springframework\spring-webmvc\5.0.10.RELEASE\spring-webmvc-5.0.10.RELEASE.jar;E:\eclipse my all Info\own_maven_store\repository\org\springframework\spring-aop\5.0.10.RELEASE\spring-aop-5.0.10.RELEASE.jar;E:\eclipse my all Info\own_maven_store\repository\org\springframework\spring-context\5.0.10.RELEASE\spring-context-5.0.10.RELEASE.jar;E:\eclipse my all Info\own_maven_store\repository\org\springframework\spring-expression\5.0.10.RELEASE\spring-expression-5.0.10.RELEASE.jar;E:\eclipse my all Info\own_maven_store\repository\org\springframework\boot\spring-boot-starter-test\2.0.6.RELEASE\spring-boot-starter-test-2.0.6.RELEASE.jar;E:\eclipse my all Info\own_maven_store\repository\org\springframework\boot\spring-boot-test\2.0.6.RELEASE\spring-boot-test-2.0.6.RELEASE.jar;E:\eclipse my all Info\own_maven_store\repository\org\springframework\boot\spring-boot-test-autoconfigure\2.0.6.RELEASE\spring-boot-test-autoconfigure-2.0.6.RELEASE.jar;E:\eclipse my all Info\own_maven_store\repository\com\jayway\jsonpath\json-path\2.4.0\json-path-2.4.0.jar;E:\eclipse my all Info\own_maven_store\repository\net\minidev\json-smart\2.3\json-smart-2.3.jar;E:\eclipse my all Info\own_maven_store\repository\net\minidev\accessors-smart\1.2\accessors-smart-1.2.jar;E:\eclipse my all Info\own_maven_store\repository\org\assertj\assertj-core\3.9.1\assertj-core-3.9.1.jar;E:\eclipse my all Info\own_maven_store\repository\org\mockito\mockito-core\2.15.0\mockito-core-2.15.0.jar;E:\eclipse my all Info\own_maven_store\repository\net\bytebuddy\byte-buddy\1.7.11\byte-buddy-1.7.11.jar;E:\eclipse my all Info\own_maven_store\repository\net\bytebuddy\byte-buddy-agent\1.7.11\byte-buddy-agent-1.7.11.jar;E:\eclipse my all Info\own_maven_store\repository\org\objenesis\objenesis\2.6\objenesis-2.6.jar;E:\eclipse my all Info\own_maven_store\repository\org\hamcrest\hamcrest-library\1.3\hamcrest-library-1.3.jar;E:\eclipse my all Info\own_maven_store\repository\org\skyscreamer\jsonassert\1.5.0\jsonassert-1.5.0.jar;E:\eclipse my all Info\own_maven_store\repository\com\vaadin\external\google\android-json\0.0.20131108.vaadin1\android-json-0.0.20131108.vaadin1.jar;E:\eclipse my all Info\own_maven_store\repository\org\springframework\spring-core\5.0.10.RELEASE\spring-core-5.0.10.RELEASE.jar;E:\eclipse my all Info\own_maven_store\repository\org\springframework\spring-jcl\5.0.10.RELEASE\spring-jcl-5.0.10.RELEASE.jar;E:\eclipse my all Info\own_maven_store\repository\org\springframework\spring-test\5.0.10.RELEASE\spring-test-5.0.10.RELEASE.jar;E:\eclipse my all Info\own_maven_store\repository\org\xmlunit\xmlunit-core\2.5.1\xmlunit-core-2.5.1.jar;E:\eclipse my all Info\own_maven_store\repository\org\springframework\cloud\spring-cloud-starter-netflix-eureka-client\2.0.2.RELEASE\spring-cloud-starter-netflix-eureka-client-2.0.2.RELEASE.jar;E:\eclipse my all Info\own_maven_store\repository\org\springframework\cloud\spring-cloud-starter\2.0.2.RELEASE\spring-cloud-starter-2.0.2.RELEASE.jar;E:\eclipse my all Info\own_maven_store\repository\org\springframework\cloud\spring-cloud-context\2.0.2.RELEASE\spring-cloud-context-2.0.2.RELEASE.jar;E:\eclipse my all Info\own_maven_store\repository\org\springframework\security\spring-security-rsa\1.0.7.RELEASE\spring-security-rsa-1.0.7.RELEASE.jar;E:\eclipse my all Info\own_maven_store\repository\org\bouncycastle\bcpkix-jdk15on\1.60\bcpkix-jdk15on-1.60.jar;E:\eclipse my all Info\own_maven_store\repository\org\bouncycastle\bcprov-jdk15on\1.60\bcprov-jdk15on-1.60.jar;E:\eclipse my all Info\own_maven_store\repository\org\springframework\cloud\spring-cloud-netflix-core\2.0.2.RELEASE\spring-cloud-netflix-core-2.0.2.RELEASE.jar;E:\eclipse my all Info\own_maven_store\repository\org\springframework\boot\spring-boot-starter-aop\2.0.6.RELEASE\spring-boot-starter-aop-2.0.6.RELEASE.jar;E:\eclipse my all Info\own_maven_store\repository\org\aspectj\aspectjweaver\1.8.13\aspectjweaver-1.8.13.jar;E:\eclipse my all Info\own_maven_store\repository\org\springframework\cloud\spring-cloud-netflix-eureka-client\2.0.2.RELEASE\spring-cloud-netflix-eureka-client-2.0.2.RELEASE.jar;E:\eclipse my all Info\own_maven_store\repository\com\netflix\eureka\eureka-client\1.9.3\eureka-client-1.9.3.jar;E:\eclipse my all Info\own_maven_store\repository\org\codehaus\jettison\jettison\1.3.7\jettison-1.3.7.jar;E:\eclipse my all Info\own_maven_store\repository\stax\stax-api\1.0.1\stax-api-1.0.1.jar;E:\eclipse my all Info\own_maven_store\repository\com\netflix\netflix-commons\netflix-eventbus\0.3.0\netflix-eventbus-0.3.0.jar;E:\eclipse my all Info\own_maven_store\repository\com\netflix\netflix-commons\netflix-infix\0.3.0\netflix-infix-0.3.0.jar;E:\eclipse my all Info\own_maven_store\repository\commons-jxpath\commons-jxpath\1.3\commons-jxpath-1.3.jar;E:\eclipse my all Info\own_maven_store\repository\joda-time\joda-time\2.9.9\joda-time-2.9.9.jar;E:\eclipse my all Info\own_maven_store\repository\org\antlr\antlr-runtime\3.4\antlr-runtime-3.4.jar;E:\eclipse my all Info\own_maven_store\repository\org\antlr\stringtemplate\3.2.1\stringtemplate-3.2.1.jar;E:\eclipse my all Info\own_maven_store\repository\antlr\antlr\2.7.7\antlr-2.7.7.jar;E:\eclipse my all Info\own_maven_store\repository\com\google\code\gson\gson\2.8.5\gson-2.8.5.jar;E:\eclipse my all Info\own_maven_store\repository\org\apache\commons\commons-math\2.2\commons-math-2.2.jar;E:\eclipse my all Info\own_maven_store\repository\com\netflix\archaius\archaius-core\0.7.6\archaius-core-0.7.6.jar;E:\eclipse my all Info\own_maven_store\repository\com\google\guava\guava\16.0\guava-16.0.jar;E:\eclipse my all Info\own_maven_store\repository\javax\ws\rs\jsr311-api\1.1.1\jsr311-api-1.1.1.jar;E:\eclipse my all Info\own_maven_store\repository\com\netflix\servo\servo-core\0.12.21\servo-core-0.12.21.jar;E:\eclipse my all Info\own_maven_store\repository\com\sun\jersey\jersey-core\1.19.1\jersey-core-1.19.1.jar;E:\eclipse my all Info\own_maven_store\repository\com\sun\jersey\jersey-client\1.19.1\jersey-client-1.19.1.jar;E:\eclipse my all Info\own_maven_store\repository\com\sun\jersey\contribs\jersey-apache-client4\1.19.1\jersey-apache-client4-1.19.1.jar;E:\eclipse my all Info\own_maven_store\repository\org\apache\httpcomponents\httpclient\4.5.6\httpclient-4.5.6.jar;E:\eclipse my all Info\own_maven_store\repository\org\apache\httpcomponents\httpcore\4.4.10\httpcore-4.4.10.jar;E:\eclipse my all Info\own_maven_store\repository\commons-codec\commons-codec\1.11\commons-codec-1.11.jar;E:\eclipse my all Info\own_maven_store\repository\com\google\inject\guice\4.1.0\guice-4.1.0.jar;E:\eclipse my all Info\own_maven_store\repository\javax\inject\javax.inject\1\javax.inject-1.jar;E:\eclipse my all Info\own_maven_store\repository\aopalliance\aopalliance\1.0\aopalliance-1.0.jar;E:\eclipse my all Info\own_maven_store\repository\com\github\vlsi\compactmap\compactmap\1.2.1\compactmap-1.2.1.jar;E:\eclipse my all Info\own_maven_store\repository\com\github\andrewoma\dexx\dexx-collections\0.2\dexx-collections-0.2.jar;E:\eclipse my all Info\own_maven_store\repository\com\fasterxml\jackson\core\jackson-annotations\2.9.0\jackson-annotations-2.9.0.jar;E:\eclipse my all Info\own_maven_store\repository\com\fasterxml\jackson\core\jackson-core\2.9.7\jackson-core-2.9.7.jar;E:\eclipse my all Info\own_maven_store\repository\com\netflix\eureka\eureka-core\1.9.3\eureka-core-1.9.3.jar;E:\eclipse my all Info\own_maven_store\repository\org\codehaus\woodstox\woodstox-core-asl\4.4.1\woodstox-core-asl-4.4.1.jar;E:\eclipse my all Info\own_maven_store\repository\javax\xml\stream\stax-api\1.0-2\stax-api-1.0-2.jar;E:\eclipse my all Info\own_maven_store\repository\org\codehaus\woodstox\stax2-api\3.1.4\stax2-api-3.1.4.jar;E:\eclipse my all Info\own_maven_store\repository\org\springframework\cloud\spring-cloud-starter-netflix-archaius\2.0.2.RELEASE\spring-cloud-starter-netflix-archaius-2.0.2.RELEASE.jar;E:\eclipse my all Info\own_maven_store\repository\org\springframework\cloud\spring-cloud-netflix-ribbon\2.0.2.RELEASE\spring-cloud-netflix-ribbon-2.0.2.RELEASE.jar;E:\eclipse my all Info\own_maven_store\repository\org\springframework\cloud\spring-cloud-netflix-archaius\2.0.2.RELEASE\spring-cloud-netflix-archaius-2.0.2.RELEASE.jar;E:\eclipse my all Info\own_maven_store\repository\commons-configuration\commons-configuration\1.8\commons-configuration-1.8.jar;E:\eclipse my all Info\own_maven_store\repository\commons-lang\commons-lang\2.6\commons-lang-2.6.jar;E:\eclipse my all Info\own_maven_store\repository\org\springframework\cloud\spring-cloud-starter-netflix-ribbon\2.0.2.RELEASE\spring-cloud-starter-netflix-ribbon-2.0.2.RELEASE.jar;E:\eclipse my all Info\own_maven_store\repository\com\netflix\ribbon\ribbon\2.2.5\ribbon-2.2.5.jar;E:\eclipse my all Info\own_maven_store\repository\com\netflix\ribbon\ribbon-transport\2.2.5\ribbon-transport-2.2.5.jar;E:\eclipse my all Info\own_maven_store\repository\io\reactivex\rxnetty-contexts\0.4.9\rxnetty-contexts-0.4.9.jar;E:\eclipse my all Info\own_maven_store\repository\io\reactivex\rxnetty-servo\0.4.9\rxnetty-servo-0.4.9.jar;E:\eclipse my all Info\own_maven_store\repository\io\reactivex\rxnetty\0.4.9\rxnetty-0.4.9.jar;E:\eclipse my all Info\own_maven_store\repository\com\netflix\ribbon\ribbon-core\2.2.5\ribbon-core-2.2.5.jar;E:\eclipse my all Info\own_maven_store\repository\com\netflix\ribbon\ribbon-httpclient\2.2.5\ribbon-httpclient-2.2.5.jar;E:\eclipse my all Info\own_maven_store\repository\commons-collections\commons-collections\3.2.2\commons-collections-3.2.2.jar;E:\eclipse my all Info\own_maven_store\repository\com\netflix\netflix-commons\netflix-commons-util\0.3.0\netflix-commons-util-0.3.0.jar;E:\eclipse my all Info\own_maven_store\repository\com\netflix\ribbon\ribbon-loadbalancer\2.2.5\ribbon-loadbalancer-2.2.5.jar;E:\eclipse my all Info\own_maven_store\repository\com\netflix\netflix-commons\netflix-statistics\0.1.1\netflix-statistics-0.1.1.jar;E:\eclipse my all Info\own_maven_store\repository\io\reactivex\rxjava\1.2.0\rxjava-1.2.0.jar;E:\eclipse my all Info\own_maven_store\repository\com\netflix\ribbon\ribbon-eureka\2.2.5\ribbon-eureka-2.2.5.jar;E:\eclipse my all Info\own_maven_store\repository\com\thoughtworks\xstream\xstream\1.4.10\xstream-1.4.10.jar;E:\eclipse my all Info\own_maven_store\repository\xmlpull\xmlpull\1.1.3.1\xmlpull-1.1.3.1.jar;E:\eclipse my all Info\own_maven_store\repository\xpp3\xpp3_min\1.1.4c\xpp3_min-1.1.4c.jar;E:\eclipse my all Info\own_maven_store\repository\org\springframework\cloud\spring-cloud-starter-config\2.0.2.RELEASE\spring-cloud-starter-config-2.0.2.RELEASE.jar;E:\eclipse my all Info\own_maven_store\repository\org\springframework\cloud\spring-cloud-config-client\2.0.2.RELEASE\spring-cloud-config-client-2.0.2.RELEASE.jar;E:\eclipse my all Info\own_maven_store\repository\com\fasterxml\jackson\core\jackson-databind\2.9.7\jackson-databind-2.9.7.jar;E:\eclipse my all Info\own_maven_store\repository\org\springframework\boot\spring-boot-starter-actuator\2.0.6.RELEASE\spring-boot-starter-actuator-2.0.6.RELEASE.jar;E:\eclipse my all Info\own_maven_store\repository\org\springframework\boot\spring-boot-actuator-autoconfigure\2.0.6.RELEASE\spring-boot-actuator-autoconfigure-2.0.6.RELEASE.jar;E:\eclipse my all Info\own_maven_store\repository\org\springframework\boot\spring-boot-actuator\2.0.6.RELEASE\spring-boot-actuator-2.0.6.RELEASE.jar;E:\eclipse my all Info\own_maven_store\repository\io\micrometer\micrometer-core\1.0.7\micrometer-core-1.0.7.jar;E:\eclipse my all Info\own_maven_store\repository\org\hdrhistogram\HdrHistogram\2.1.10\HdrHistogram-2.1.10.jar;E:\eclipse my all Info\own_maven_store\repository\org\latencyutils\LatencyUtils\2.0.3\LatencyUtils-2.0.3.jar;, java.specification.name=Java Platform API Specification, java.class.version=52.0, sun.management.compiler=HotSpot 64-Bit Tiered Compilers, os.version=10.0, user.home=C:\Users\yanghua, user.timezone=Asia/Shanghai, java.awt.printerjob=sun.awt.windows.WPrinterJob, file.encoding=GBK, java.specification.version=1.8, java.class.path=E:\eclipse my all Info\temp\own_workspace\micro_work_place\microservice\microservice-userCenter\target\test-classes;E:\eclipse my all Info\temp\own_workspace\micro_work_place\microservice\microservice-userCenter\target\classes;E:\eclipse my all Info\temp\own_workspace\micro_work_place\microservice\microservice-api\target\microservicecloud.jar;E:\eclipse my all Info\own_maven_store\repository\org\projectlombok\lombok\1.16.22\lombok-1.16.22.jar;E:\eclipse my all Info\own_maven_store\repository\org\springframework\cloud\spring-cloud-starter-openfeign\2.0.2.RELEASE\spring-cloud-starter-openfeign-2.0.2.RELEASE.jar;E:\eclipse my all Info\own_maven_store\repository\org\springframework\cloud\spring-cloud-openfeign-core\2.0.2.RELEASE\spring-cloud-openfeign-core-2.0.2.RELEASE.jar;E:\eclipse my all Info\own_maven_store\repository\io\github\openfeign\form\feign-form-spring\3.3.0\feign-form-spring-3.3.0.jar;E:\eclipse my all Info\own_maven_store\repository\io\github\openfeign\form\feign-form\3.3.0\feign-form-3.3.0.jar;E:\eclipse my all Info\own_maven_store\repository\com\google\code\findbugs\annotations\3.0.1\annotations-3.0.1.jar;E:\eclipse my all Info\own_maven_store\repository\net\jcip\jcip-annotations\1.0\jcip-annotations-1.0.jar;E:\eclipse my all Info\own_maven_store\repository\com\google\code\findbugs\jsr305\3.0.1\jsr305-3.0.1.jar;E:\eclipse my all Info\own_maven_store\repository\commons-fileupload\commons-fileupload\1.3.3\commons-fileupload-1.3.3.jar;E:\eclipse my all Info\own_maven_store\repository\commons-io\commons-io\2.2\commons-io-2.2.jar;E:\eclipse my all Info\own_maven_store\repository\org\springframework\cloud\spring-cloud-commons\2.0.2.RELEASE\spring-cloud-commons-2.0.2.RELEASE.jar;E:\eclipse my all Info\own_maven_store\repository\org\springframework\security\spring-security-crypto\5.0.9.RELEASE\spring-security-crypto-5.0.9.RELEASE.jar;E:\eclipse my all Info\own_maven_store\repository\io\github\openfeign\feign-core\9.7.0\feign-core-9.7.0.jar;E:\eclipse my all Info\own_maven_store\repository\io\github\openfeign\feign-slf4j\9.7.0\feign-slf4j-9.7.0.jar;E:\eclipse my all Info\own_maven_store\repository\io\github\openfeign\feign-hystrix\9.7.0\feign-hystrix-9.7.0.jar;E:\eclipse my all Info\own_maven_store\repository\com\netflix\hystrix\hystrix-core\1.5.12\hystrix-core-1.5.12.jar;E:\eclipse my all Info\own_maven_store\repository\io\github\openfeign\feign-java8\9.7.0\feign-java8-9.7.0.jar;E:\eclipse my all Info\own_maven_store\repository\org\apache\shiro\shiro-spring\1.4.0\shiro-spring-1.4.0.jar;E:\eclipse my all Info\own_maven_store\repository\org\apache\shiro\shiro-core\1.4.0\shiro-core-1.4.0.jar;E:\eclipse my all Info\own_maven_store\repository\org\apache\shiro\shiro-lang\1.4.0\shiro-lang-1.4.0.jar;E:\eclipse my all Info\own_maven_store\repository\org\apache\shiro\shiro-crypto-hash\1.4.0\shiro-crypto-hash-1.4.0.jar;E:\eclipse my all Info\own_maven_store\repository\org\apache\shiro\shiro-crypto-core\1.4.0\shiro-crypto-core-1.4.0.jar;E:\eclipse my all Info\own_maven_store\repository\org\apache\shiro\shiro-crypto-cipher\1.4.0\shiro-crypto-cipher-1.4.0.jar;E:\eclipse my all Info\own_maven_store\repository\org\apache\shiro\shiro-config-core\1.4.0\shiro-config-core-1.4.0.jar;E:\eclipse my all Info\own_maven_store\repository\org\apache\shiro\shiro-config-ogdl\1.4.0\shiro-config-ogdl-1.4.0.jar;E:\eclipse my all Info\own_maven_store\repository\commons-beanutils\commons-beanutils\1.9.3\commons-beanutils-1.9.3.jar;E:\eclipse my all Info\own_maven_store\repository\org\apache\shiro\shiro-event\1.4.0\shiro-event-1.4.0.jar;E:\eclipse my all Info\own_maven_store\repository\org\apache\shiro\shiro-web\1.4.0\shiro-web-1.4.0.jar;E:\eclipse my all Info\own_maven_store\repository\org\apache\shiro\shiro-ehcache\1.4.0\shiro-ehcache-1.4.0.jar;E:\eclipse my all Info\own_maven_store\repository\org\apache\shiro\shiro-cache\1.4.0\shiro-cache-1.4.0.jar;E:\eclipse my all Info\own_maven_store\repository\net\sf\ehcache\ehcache-core\2.6.11\ehcache-core-2.6.11.jar;E:\eclipse my all Info\own_maven_store\repository\org\crazycake\shiro-redis\2.4.2.1-RELEASE\shiro-redis-2.4.2.1-RELEASE.jar;E:\eclipse my all Info\own_maven_store\repository\redis\clients\jedis\2.9.0\jedis-2.9.0.jar;E:\eclipse my all Info\own_maven_store\repository\org\apache\commons\commons-pool2\2.5.0\commons-pool2-2.5.0.jar;E:\eclipse my all Info\own_maven_store\repository\org\slf4j\slf4j-api\1.7.25\slf4j-api-1.7.25.jar;E:\eclipse my all Info\own_maven_store\repository\org\apache\commons\commons-lang3\3.7\commons-lang3-3.7.jar;E:\eclipse my all Info\own_maven_store\repository\org\springframework\boot\spring-boot-starter-logging\2.0.6.RELEASE\spring-boot-starter-logging-2.0.6.RELEASE.jar;E:\eclipse my all Info\own_maven_store\repository\ch\qos\logback\logback-classic\1.2.3\logback-classic-1.2.3.jar;E:\eclipse my all Info\own_maven_store\repository\org\apache\logging\log4j\log4j-to-slf4j\2.10.0\log4j-to-slf4j-2.10.0.jar;E:\eclipse my all Info\own_maven_store\repository\org\apache\logging\log4j\log4j-api\2.10.0\log4j-api-2.10.0.jar;E:\eclipse my all Info\own_maven_store\repository\org\slf4j\jul-to-slf4j\1.7.25\jul-to-slf4j-1.7.25.jar;E:\eclipse my all Info\own_maven_store\repository\junit\junit\4.12\junit-4.12.jar;E:\eclipse my all Info\own_maven_store\repository\org\hamcrest\hamcrest-core\1.3\hamcrest-core-1.3.jar;E:\eclipse my all Info\own_maven_store\repository\mysql\mysql-connector-java\5.1.46\mysql-connector-java-5.1.46.jar;E:\eclipse my all Info\own_maven_store\repository\org\springframework\boot\spring-boot-starter-jdbc\2.0.6.RELEASE\spring-boot-starter-jdbc-2.0.6.RELEASE.jar;E:\eclipse my all Info\own_maven_store\repository\org\springframework\boot\spring-boot-starter\2.0.6.RELEASE\spring-boot-starter-2.0.6.RELEASE.jar;E:\eclipse my all Info\own_maven_store\repository\org\springframework\boot\spring-boot\2.0.6.RELEASE\spring-boot-2.0.6.RELEASE.jar;E:\eclipse my all Info\own_maven_store\repository\org\springframework\boot\spring-boot-autoconfigure\2.0.6.RELEASE\spring-boot-autoconfigure-2.0.6.RELEASE.jar;E:\eclipse my all Info\own_maven_store\repository\javax\annotation\javax.annotation-api\1.3.2\javax.annotation-api-1.3.2.jar;E:\eclipse my all Info\own_maven_store\repository\org\yaml\snakeyaml\1.19\snakeyaml-1.19.jar;E:\eclipse my all Info\own_maven_store\repository\com\zaxxer\HikariCP\2.7.9\HikariCP-2.7.9.jar;E:\eclipse my all Info\own_maven_store\repository\org\springframework\spring-jdbc\5.0.10.RELEASE\spring-jdbc-5.0.10.RELEASE.jar;E:\eclipse my all Info\own_maven_store\repository\org\springframework\spring-beans\5.0.10.RELEASE\spring-beans-5.0.10.RELEASE.jar;E:\eclipse my all Info\own_maven_store\repository\org\springframework\spring-tx\5.0.10.RELEASE\spring-tx-5.0.10.RELEASE.jar;E:\eclipse my all Info\own_maven_store\repository\ch\qos\logback\logback-core\1.2.3\logback-core-1.2.3.jar;E:\eclipse my all Info\own_maven_store\repository\org\mybatis\spring\boot\mybatis-spring-boot-starter\1.3.0\mybatis-spring-boot-starter-1.3.0.jar;E:\eclipse my all Info\own_maven_store\repository\org\mybatis\spring\boot\mybatis-spring-boot-autoconfigure\1.3.0\mybatis-spring-boot-autoconfigure-1.3.0.jar;E:\eclipse my all Info\own_maven_store\repository\org\mybatis\mybatis\3.4.4\mybatis-3.4.4.jar;E:\eclipse my all Info\own_maven_store\repository\org\mybatis\mybatis-spring\1.3.1\mybatis-spring-1.3.1.jar;E:\eclipse my all Info\own_maven_store\repository\org\springframework\boot\spring-boot-starter-jetty\2.0.6.RELEASE\spring-boot-starter-jetty-2.0.6.RELEASE.jar;E:\eclipse my all Info\own_maven_store\repository\org\eclipse\jetty\jetty-servlets\9.4.12.v20180830\jetty-servlets-9.4.12.v20180830.jar;E:\eclipse my all Info\own_maven_store\repository\org\eclipse\jetty\jetty-continuation\9.4.12.v20180830\jetty-continuation-9.4.12.v20180830.jar;E:\eclipse my all Info\own_maven_store\repository\org\eclipse\jetty\jetty-http\9.4.12.v20180830\jetty-http-9.4.12.v20180830.jar;E:\eclipse my all Info\own_maven_store\repository\org\eclipse\jetty\jetty-util\9.4.12.v20180830\jetty-util-9.4.12.v20180830.jar;E:\eclipse my all Info\own_maven_store\repository\org\eclipse\jetty\jetty-io\9.4.12.v20180830\jetty-io-9.4.12.v20180830.jar;E:\eclipse my all Info\own_maven_store\repository\org\eclipse\jetty\jetty-webapp\9.4.12.v20180830\jetty-webapp-9.4.12.v20180830.jar;E:\eclipse my all Info\own_maven_store\repository\org\eclipse\jetty\jetty-xml\9.4.12.v20180830\jetty-xml-9.4.12.v20180830.jar;E:\eclipse my all Info\own_maven_store\repository\org\eclipse\jetty\jetty-servlet\9.4.12.v20180830\jetty-servlet-9.4.12.v20180830.jar;E:\eclipse my all Info\own_maven_store\repository\org\eclipse\jetty\jetty-security\9.4.12.v20180830\jetty-security-9.4.12.v20180830.jar;E:\eclipse my all Info\own_maven_store\repository\org\eclipse\jetty\jetty-server\9.4.12.v20180830\jetty-server-9.4.12.v20180830.jar;E:\eclipse my all Info\own_maven_store\repository\org\eclipse\jetty\websocket\websocket-server\9.4.12.v20180830\websocket-server-9.4.12.v20180830.jar;E:\eclipse my all Info\own_maven_store\repository\org\eclipse\jetty\websocket\websocket-common\9.4.12.v20180830\websocket-common-9.4.12.v20180830.jar;E:\eclipse my all Info\own_maven_store\repository\org\eclipse\jetty\websocket\websocket-api\9.4.12.v20180830\websocket-api-9.4.12.v20180830.jar;E:\eclipse my all Info\own_maven_store\repository\org\eclipse\jetty\websocket\websocket-client\9.4.12.v20180830\websocket-client-9.4.12.v20180830.jar;E:\eclipse my all Info\own_maven_store\repository\org\eclipse\jetty\jetty-client\9.4.12.v20180830\jetty-client-9.4.12.v20180830.jar;E:\eclipse my all Info\own_maven_store\repository\org\eclipse\jetty\websocket\websocket-servlet\9.4.12.v20180830\websocket-servlet-9.4.12.v20180830.jar;E:\eclipse my all Info\own_maven_store\repository\javax\servlet\javax.servlet-api\3.1.0\javax.servlet-api-3.1.0.jar;E:\eclipse my all Info\own_maven_store\repository\org\eclipse\jetty\websocket\javax-websocket-server-impl\9.4.12.v20180830\javax-websocket-server-impl-9.4.12.v20180830.jar;E:\eclipse my all Info\own_maven_store\repository\org\eclipse\jetty\jetty-annotations\9.4.12.v20180830\jetty-annotations-9.4.12.v20180830.jar;E:\eclipse my all Info\own_maven_store\repository\org\eclipse\jetty\jetty-plus\9.4.12.v20180830\jetty-plus-9.4.12.v20180830.jar;E:\eclipse my all Info\own_maven_store\repository\org\ow2\asm\asm\6.2\asm-6.2.jar;E:\eclipse my all Info\own_maven_store\repository\org\ow2\asm\asm-commons\6.2\asm-commons-6.2.jar;E:\eclipse my all Info\own_maven_store\repository\org\ow2\asm\asm-tree\6.2\asm-tree-6.2.jar;E:\eclipse my all Info\own_maven_store\repository\org\ow2\asm\asm-analysis\6.2\asm-analysis-6.2.jar;E:\eclipse my all Info\own_maven_store\repository\org\eclipse\jetty\websocket\javax-websocket-client-impl\9.4.12.v20180830\javax-websocket-client-impl-9.4.12.v20180830.jar;E:\eclipse my all Info\own_maven_store\repository\javax\websocket\javax.websocket-api\1.0\javax.websocket-api-1.0.jar;E:\eclipse my all Info\own_maven_store\repository\org\mortbay\jasper\apache-el\8.5.33\apache-el-8.5.33.jar;E:\eclipse my all Info\own_maven_store\repository\org\springframework\boot\spring-boot-starter-web\2.0.6.RELEASE\spring-boot-starter-web-2.0.6.RELEASE.jar;E:\eclipse my all Info\own_maven_store\repository\org\springframework\boot\spring-boot-starter-json\2.0.6.RELEASE\spring-boot-starter-json-2.0.6.RELEASE.jar;E:\eclipse my all Info\own_maven_store\repository\com\fasterxml\jackson\datatype\jackson-datatype-jdk8\2.9.7\jackson-datatype-jdk8-2.9.7.jar;E:\eclipse my all Info\own_maven_store\repository\com\fasterxml\jackson\datatype\jackson-datatype-jsr310\2.9.7\jackson-datatype-jsr310-2.9.7.jar;E:\eclipse my all Info\own_maven_store\repository\com\fasterxml\jackson\module\jackson-module-parameter-names\2.9.7\jackson-module-parameter-names-2.9.7.jar;E:\eclipse my all Info\own_maven_store\repository\org\springframework\boot\spring-boot-starter-tomcat\2.0.6.RELEASE\spring-boot-starter-tomcat-2.0.6.RELEASE.jar;E:\eclipse my all Info\own_maven_store\repository\org\apache\tomcat\embed\tomcat-embed-core\8.5.34\tomcat-embed-core-8.5.34.jar;E:\eclipse my all Info\own_maven_store\repository\org\apache\tomcat\embed\tomcat-embed-el\8.5.34\tomcat-embed-el-8.5.34.jar;E:\eclipse my all Info\own_maven_store\repository\org\apache\tomcat\embed\tomcat-embed-websocket\8.5.34\tomcat-embed-websocket-8.5.34.jar;E:\eclipse my all Info\own_maven_store\repository\org\hibernate\validator\hibernate-validator\6.0.13.Final\hibernate-validator-6.0.13.Final.jar;E:\eclipse my all Info\own_maven_store\repository\javax\validation\validation-api\2.0.1.Final\validation-api-2.0.1.Final.jar;E:\eclipse my all Info\own_maven_store\repository\org\jboss\logging\jboss-logging\3.3.2.Final\jboss-logging-3.3.2.Final.jar;E:\eclipse my all Info\own_maven_store\repository\com\fasterxml\classmate\1.3.4\classmate-1.3.4.jar;E:\eclipse my all Info\own_maven_store\repository\org\springframework\spring-web\5.0.10.RELEASE\spring-web-5.0.10.RELEASE.jar;E:\eclipse my all Info\own_maven_store\repository\org\springframework\spring-webmvc\5.0.10.RELEASE\spring-webmvc-5.0.10.RELEASE.jar;E:\eclipse my all Info\own_maven_store\repository\org\springframework\spring-aop\5.0.10.RELEASE\spring-aop-5.0.10.RELEASE.jar;E:\eclipse my all Info\own_maven_store\repository\org\springframework\spring-context\5.0.10.RELEASE\spring-context-5.0.10.RELEASE.jar;E:\eclipse my all Info\own_maven_store\repository\org\springframework\spring-expression\5.0.10.RELEASE\spring-expression-5.0.10.RELEASE.jar;E:\eclipse my all Info\own_maven_store\repository\org\springframework\boot\spring-boot-starter-test\2.0.6.RELEASE\spring-boot-starter-test-2.0.6.RELEASE.jar;E:\eclipse my all Info\own_maven_store\repository\org\springframework\boot\spring-boot-test\2.0.6.RELEASE\spring-boot-test-2.0.6.RELEASE.jar;E:\eclipse my all Info\own_maven_store\repository\org\springframework\boot\spring-boot-test-autoconfigure\2.0.6.RELEASE\spring-boot-test-autoconfigure-2.0.6.RELEASE.jar;E:\eclipse my all Info\own_maven_store\repository\com\jayway\jsonpath\json-path\2.4.0\json-path-2.4.0.jar;E:\eclipse my all Info\own_maven_store\repository\net\minidev\json-smart\2.3\json-smart-2.3.jar;E:\eclipse my all Info\own_maven_store\repository\net\minidev\accessors-smart\1.2\accessors-smart-1.2.jar;E:\eclipse my all Info\own_maven_store\repository\org\assertj\assertj-core\3.9.1\assertj-core-3.9.1.jar;E:\eclipse my all Info\own_maven_store\repository\org\mockito\mockito-core\2.15.0\mockito-core-2.15.0.jar;E:\eclipse my all Info\own_maven_store\repository\net\bytebuddy\byte-buddy\1.7.11\byte-buddy-1.7.11.jar;E:\eclipse my all Info\own_maven_store\repository\net\bytebuddy\byte-buddy-agent\1.7.11\byte-buddy-agent-1.7.11.jar;E:\eclipse my all Info\own_maven_store\repository\org\objenesis\objenesis\2.6\objenesis-2.6.jar;E:\eclipse my all Info\own_maven_store\repository\org\hamcrest\hamcrest-library\1.3\hamcrest-library-1.3.jar;E:\eclipse my all Info\own_maven_store\repository\org\skyscreamer\jsonassert\1.5.0\jsonassert-1.5.0.jar;E:\eclipse my all Info\own_maven_store\repository\com\vaadin\external\google\android-json\0.0.20131108.vaadin1\android-json-0.0.20131108.vaadin1.jar;E:\eclipse my all Info\own_maven_store\repository\org\springframework\spring-core\5.0.10.RELEASE\spring-core-5.0.10.RELEASE.jar;E:\eclipse my all Info\own_maven_store\repository\org\springframework\spring-jcl\5.0.10.RELEASE\spring-jcl-5.0.10.RELEASE.jar;E:\eclipse my all Info\own_maven_store\repository\org\springframework\spring-test\5.0.10.RELEASE\spring-test-5.0.10.RELEASE.jar;E:\eclipse my all Info\own_maven_store\repository\org\xmlunit\xmlunit-core\2.5.1\xmlunit-core-2.5.1.jar;E:\eclipse my all Info\own_maven_store\repository\org\springframework\cloud\spring-cloud-starter-netflix-eureka-client\2.0.2.RELEASE\spring-cloud-starter-netflix-eureka-client-2.0.2.RELEASE.jar;E:\eclipse my all Info\own_maven_store\repository\org\springframework\cloud\spring-cloud-starter\2.0.2.RELEASE\spring-cloud-starter-2.0.2.RELEASE.jar;E:\eclipse my all Info\own_maven_store\repository\org\springframework\cloud\spring-cloud-context\2.0.2.RELEASE\spring-cloud-context-2.0.2.RELEASE.jar;E:\eclipse my all Info\own_maven_store\repository\org\springframework\security\spring-security-rsa\1.0.7.RELEASE\spring-security-rsa-1.0.7.RELEASE.jar;E:\eclipse my all Info\own_maven_store\repository\org\bouncycastle\bcpkix-jdk15on\1.60\bcpkix-jdk15on-1.60.jar;E:\eclipse my all Info\own_maven_store\repository\org\bouncycastle\bcprov-jdk15on\1.60\bcprov-jdk15on-1.60.jar;E:\eclipse my all Info\own_maven_store\repository\org\springframework\cloud\spring-cloud-netflix-core\2.0.2.RELEASE\spring-cloud-netflix-core-2.0.2.RELEASE.jar;E:\eclipse my all Info\own_maven_store\repository\org\springframework\boot\spring-boot-starter-aop\2.0.6.RELEASE\spring-boot-starter-aop-2.0.6.RELEASE.jar;E:\eclipse my all Info\own_maven_store\repository\org\aspectj\aspectjweaver\1.8.13\aspectjweaver-1.8.13.jar;E:\eclipse my all Info\own_maven_store\repository\org\springframework\cloud\spring-cloud-netflix-eureka-client\2.0.2.RELEASE\spring-cloud-netflix-eureka-client-2.0.2.RELEASE.jar;E:\eclipse my all Info\own_maven_store\repository\com\netflix\eureka\eureka-client\1.9.3\eureka-client-1.9.3.jar;E:\eclipse my all Info\own_maven_store\repository\org\codehaus\jettison\jettison\1.3.7\jettison-1.3.7.jar;E:\eclipse my all Info\own_maven_store\repository\stax\stax-api\1.0.1\stax-api-1.0.1.jar;E:\eclipse my all Info\own_maven_store\repository\com\netflix\netflix-commons\netflix-eventbus\0.3.0\netflix-eventbus-0.3.0.jar;E:\eclipse my all Info\own_maven_store\repository\com\netflix\netflix-commons\netflix-infix\0.3.0\netflix-infix-0.3.0.jar;E:\eclipse my all Info\own_maven_store\repository\commons-jxpath\commons-jxpath\1.3\commons-jxpath-1.3.jar;E:\eclipse my all Info\own_maven_store\repository\joda-time\joda-time\2.9.9\joda-time-2.9.9.jar;E:\eclipse my all Info\own_maven_store\repository\org\antlr\antlr-runtime\3.4\antlr-runtime-3.4.jar;E:\eclipse my all Info\own_maven_store\repository\org\antlr\stringtemplate\3.2.1\stringtemplate-3.2.1.jar;E:\eclipse my all Info\own_maven_store\repository\antlr\antlr\2.7.7\antlr-2.7.7.jar;E:\eclipse my all Info\own_maven_store\repository\com\google\code\gson\gson\2.8.5\gson-2.8.5.jar;E:\eclipse my all Info\own_maven_store\repository\org\apache\commons\commons-math\2.2\commons-math-2.2.jar;E:\eclipse my all Info\own_maven_store\repository\com\netflix\archaius\archaius-core\0.7.6\archaius-core-0.7.6.jar;E:\eclipse my all Info\own_maven_store\repository\com\google\guava\guava\16.0\guava-16.0.jar;E:\eclipse my all Info\own_maven_store\repository\javax\ws\rs\jsr311-api\1.1.1\jsr311-api-1.1.1.jar;E:\eclipse my all Info\own_maven_store\repository\com\netflix\servo\servo-core\0.12.21\servo-core-0.12.21.jar;E:\eclipse my all Info\own_maven_store\repository\com\sun\jersey\jersey-core\1.19.1\jersey-core-1.19.1.jar;E:\eclipse my all Info\own_maven_store\repository\com\sun\jersey\jersey-client\1.19.1\jersey-client-1.19.1.jar;E:\eclipse my all Info\own_maven_store\repository\com\sun\jersey\contribs\jersey-apache-client4\1.19.1\jersey-apache-client4-1.19.1.jar;E:\eclipse my all Info\own_maven_store\repository\org\apache\httpcomponents\httpclient\4.5.6\httpclient-4.5.6.jar;E:\eclipse my all Info\own_maven_store\repository\org\apache\httpcomponents\httpcore\4.4.10\httpcore-4.4.10.jar;E:\eclipse my all Info\own_maven_store\repository\commons-codec\commons-codec\1.11\commons-codec-1.11.jar;E:\eclipse my all Info\own_maven_store\repository\com\google\inject\guice\4.1.0\guice-4.1.0.jar;E:\eclipse my all Info\own_maven_store\repository\javax\inject\javax.inject\1\javax.inject-1.jar;E:\eclipse my all Info\own_maven_store\repository\aopalliance\aopalliance\1.0\aopalliance-1.0.jar;E:\eclipse my all Info\own_maven_store\repository\com\github\vlsi\compactmap\compactmap\1.2.1\compactmap-1.2.1.jar;E:\eclipse my all Info\own_maven_store\repository\com\github\andrewoma\dexx\dexx-collections\0.2\dexx-collections-0.2.jar;E:\eclipse my all Info\own_maven_store\repository\com\fasterxml\jackson\core\jackson-annotations\2.9.0\jackson-annotations-2.9.0.jar;E:\eclipse my all Info\own_maven_store\repository\com\fasterxml\jackson\core\jackson-core\2.9.7\jackson-core-2.9.7.jar;E:\eclipse my all Info\own_maven_store\repository\com\netflix\eureka\eureka-core\1.9.3\eureka-core-1.9.3.jar;E:\eclipse my all Info\own_maven_store\repository\org\codehaus\woodstox\woodstox-core-asl\4.4.1\woodstox-core-asl-4.4.1.jar;E:\eclipse my all Info\own_maven_store\repository\javax\xml\stream\stax-api\1.0-2\stax-api-1.0-2.jar;E:\eclipse my all Info\own_maven_store\repository\org\codehaus\woodstox\stax2-api\3.1.4\stax2-api-3.1.4.jar;E:\eclipse my all Info\own_maven_store\repository\org\springframework\cloud\spring-cloud-starter-netflix-archaius\2.0.2.RELEASE\spring-cloud-starter-netflix-archaius-2.0.2.RELEASE.jar;E:\eclipse my all Info\own_maven_store\repository\org\springframework\cloud\spring-cloud-netflix-ribbon\2.0.2.RELEASE\spring-cloud-netflix-ribbon-2.0.2.RELEASE.jar;E:\eclipse my all Info\own_maven_store\repository\org\springframework\cloud\spring-cloud-netflix-archaius\2.0.2.RELEASE\spring-cloud-netflix-archaius-2.0.2.RELEASE.jar;E:\eclipse my all Info\own_maven_store\repository\commons-configuration\commons-configuration\1.8\commons-configuration-1.8.jar;E:\eclipse my all Info\own_maven_store\repository\commons-lang\commons-lang\2.6\commons-lang-2.6.jar;E:\eclipse my all Info\own_maven_store\repository\org\springframework\cloud\spring-cloud-starter-netflix-ribbon\2.0.2.RELEASE\spring-cloud-starter-netflix-ribbon-2.0.2.RELEASE.jar;E:\eclipse my all Info\own_maven_store\repository\com\netflix\ribbon\ribbon\2.2.5\ribbon-2.2.5.jar;E:\eclipse my all Info\own_maven_store\repository\com\netflix\ribbon\ribbon-transport\2.2.5\ribbon-transport-2.2.5.jar;E:\eclipse my all Info\own_maven_store\repository\io\reactivex\rxnetty-contexts\0.4.9\rxnetty-contexts-0.4.9.jar;E:\eclipse my all Info\own_maven_store\repository\io\reactivex\rxnetty-servo\0.4.9\rxnetty-servo-0.4.9.jar;E:\eclipse my all Info\own_maven_store\reposit
[...]
	at org.springframework.beans.factory.support.AbstractBeanFactory.doGetBean(AbstractBeanFactory.java:315) ~[spring-beans-5.0.10.RELEASE.jar:5.0.10.RELEASE]
	at org.springframework.beans.factory.support.AbstractBeanFactory.getBean(AbstractBeanFactory.java:204) ~[spring-beans-5.0.10.RELEASE.jar:5.0.10.RELEASE]
	at org.springframework.context.support.PostProcessorRegistrationDelegate.registerBeanPostProcessors(PostProcessorRegistrationDelegate.java:224) ~[spring-context-5.0.10.RELEASE.jar:5.0.10.RELEASE]
	at org.springframework.context.support.AbstractApplicationContext.registerBeanPostProcessors(AbstractApplicationContext.java:708) ~[spring-context-5.0.10.RELEASE.jar:5.0.10.RELEASE]
	at org.springframework.context.support.AbstractApplicationContext.refresh(AbstractApplicationContext.java:533) ~[spring-context-5.0.10.RELEASE.jar:5.0.10.RELEASE]
	at org.springframework.boot.SpringApplication.refresh(SpringApplication.java:754) ~[spring-boot-2.0.6.RELEASE.jar:2.0.6.RELEASE]
	at org.springframework.boot.SpringApplication.refreshContext(SpringApplication.java:386) ~[spring-boot-2.0.6.RELEASE.jar:2.0.6.RELEASE]
	at org.springframework.boot.SpringApplication.run(SpringApplication.java:307) ~[spring-boot-2.0.6.RELEASE.jar:2.0.6.RELEASE]
	at org.springframework.boot.test.context.SpringBootContextLoader.loadContext(SpringBootContextLoader.java:127) ~[spring-boot-test-2.0.6.RELEASE.jar:2.0.6.RELEASE]
	at org.springframework.test.context.cache.DefaultCacheAwareContextLoaderDelegate.loadContextInternal(DefaultCacheAwareContextLoaderDelegate.java:99) ~[spring-test-5.0.10.RELEASE.jar:5.0.10.RELEASE]
	at org.springframework.test.context.cache.DefaultCacheAwareContextLoaderDelegate.loadContext(DefaultCacheAwareContextLoaderDelegate.java:117) ~[spring-test-5.0.10.RELEASE.jar:5.0.10.RELEASE]
	... 31 common frames omitted
Caused by: org.springframework.beans.factory.UnsatisfiedDependencyException: Error creating bean with name &apos;shiroFilter&apos; defined in class path resource [cn/userCenter/config/shiro/ShiroConfig.class]: Unsatisfied dependency expressed through method &apos;shiroFilter&apos; parameter 0; nested exception is org.springframework.beans.factory.BeanCreationException: Error creating bean with name &apos;securityManager&apos; defined in class path resource [cn/userCenter/config/shiro/ShiroConfig.class]: Bean instantiation via factory method failed; nested exception is org.springframework.beans.BeanInstantiationException: Failed to instantiate [org.apache.shiro.mgt.SecurityManager]: Factory method &apos;securityManager&apos; threw exception; nested exception is org.springframework.beans.factory.UnsatisfiedDependencyException: Error creating bean with name &apos;myShiroRealm&apos;: Unsatisfied dependency expressed through field &apos;userService&apos;; nested exception is org.springframework.beans.factory.UnsatisfiedDependencyException: Error creating bean with name &apos;userService&apos;: Unsatisfied dependency expressed through field &apos;userMapper&apos;; nested exception is org.springframework.beans.factory.NoSuchBeanDefinitionException: No qualifying bean of type &apos;cn.userCenter.dao.UserMapper&apos; available: expected at least 1 bean which qualifies as autowire candidate. Dependency annotations: {@org.springframework.beans.factory.annotation.Autowired(required=true)}
	at org.springframework.beans.factory.support.ConstructorResolver.createArgumentArray(ConstructorResolver.java:733) ~[spring-beans-5.0.10.RELEASE.jar:5.0.10.RELEASE]
	at org.springframework.beans.factory.support.ConstructorResolver.instantiateUsingFactoryMethod(ConstructorResolver.java:475) ~[spring-beans-5.0.10.RELEASE.jar:5.0.10.RELEASE]
	at org.springframework.beans.factory.support.AbstractAutowireCapableBeanFactory.instantiateUsingFactoryMethod(AbstractAutowireCapableBeanFactory.java:1246) ~[spring-beans-5.0.10.RELEASE.jar:5.0.10.RELEASE]
	at org.springframework.beans.factory.support.AbstractAutowireCapableBeanFactory.createBeanInstance(AbstractAutowireCapableBeanFactory.java:1096) ~[spring-beans-5.0.10.RELEASE.jar:5.0.10.RELEASE]
	at org.springframework.beans.factory.support.AbstractAutowireCapableBeanFactory.getSingletonFactoryBeanForTypeCheck(AbstractAutowireCapableBeanFactory.java:943) ~[spring-beans-5.0.10.RELEASE.jar:5.0.10.RELEASE]
	at org.springframework.beans.factory.support.AbstractAutowireCapableBeanFactory.getTypeForFactoryBean(AbstractAutowireCapableBeanFactory.java:826) ~[spring-beans-5.0.10.RELEASE.jar:5.0.10.RELEASE]
	at org.springframework.beans.factory.support.AbstractBeanFactory.isTypeMatch(AbstractBeanFactory.java:562) ~[spring-beans-5.0.10.RELEASE.jar:5.0.10.RELEASE]
	at org.springframework.beans.factory.support.DefaultListableBeanFactory.doGetBeanNamesForType(DefaultListableBeanFactory.java:426) ~[spring-beans-5.0.10.RELEASE.jar:5.0.10.RELEASE]
	at org.springframework.beans.factory.support.DefaultListableBeanFactory.getBeanNamesForType(DefaultListableBeanFactory.java:389) ~[spring-beans-5.0.10.RELEASE.jar:5.0.10.RELEASE]
	at org.springframework.beans.factory.BeanFactoryUtils.beanNamesForTypeIncludingAncestors(BeanFactoryUtils.java:214) ~[spring-beans-5.0.10.RELEASE.jar:5.0.10.RELEASE]
	at org.springframework.beans.factory.support.DefaultListableBeanFactory.findAutowireCandidates(DefaultListableBeanFactory.java:1273) ~[spring-beans-5.0.10.RELEASE.jar:5.0.10.RELEASE]
	at org.springframework.beans.factory.support.DefaultListableBeanFactory.doResolveDependency(DefaultListableBeanFactory.java:1098) ~[spring-beans-5.0.10.RELEASE.jar:5.0.10.RELEASE]
	at org.springframework.beans.factory.support.DefaultListableBeanFactory.resolveDependency(DefaultListableBeanFactory.java:1062) ~[spring-beans-5.0.10.RELEASE.jar:5.0.10.RELEASE]
	at org.springframework.beans.factory.support.ConstructorResolver.resolveAutowiredArgument(ConstructorResolver.java:819) ~[spring-beans-5.0.10.RELEASE.jar:5.0.10.RELEASE]
	at org.springframework.beans.factory.support.ConstructorResolver.createArgumentArray(ConstructorResolver.java:725) ~[spring-beans-5.0.10.RELEASE.jar:5.0.10.RELEASE]
	... 49 common frames omitted
Caused by: org.springframework.beans.factory.BeanCreationException: Error creating bean with name &apos;securityManager&apos; defined in class path resource [cn/userCenter/config/shiro/ShiroConfig.class]: Bean instantiation via factory method failed; nested exception is org.springframework.beans.BeanInstantiationException: Failed to instantiate [org.apache.shiro.mgt.SecurityManager]: Factory method &apos;securityManager&apos; threw exception; nested exception is org.springframework.beans.factory.UnsatisfiedDependencyException: Error creating bean with name &apos;myShiroRealm&apos;: Unsatisfied dependency expressed through field &apos;userService&apos;; nested exception is org.springframework.beans.factory.UnsatisfiedDependencyException: Error creating bean with name &apos;userService&apos;: Unsatisfied dependency expressed through field &apos;userMapper&apos;; nested exception is org.springframework.beans.factory.NoSuchBeanDefinitionException: No qualifying bean of type &apos;cn.userCenter.dao.UserMapper&apos; available: expected at least 1 bean which qualifies as autowire candidate. Dependency annotations: {@org.springframework.beans.factory.annotation.Autowired(required=true)}
	at org.springframework.beans.factory.support.ConstructorResolver.instantiateUsingFactoryMethod(ConstructorResolver.java:591) ~[spring-beans-5.0.10.RELEASE.jar:5.0.10.RELEASE]
	at org.springframework.beans.factory.support.AbstractAutowireCapableBeanFactory.instantiateUsingFactoryMethod(AbstractAutowireCapableBeanFactory.java:1246) ~[spring-beans-5.0.10.RELEASE.jar:5.0.10.RELEASE]
	at org.springframework.beans.factory.support.AbstractAutowireCapableBeanFactory.createBeanInstance(AbstractAutowireCapableBeanFactory.java:1096) ~[spring-beans-5.0.10.RELEASE.jar:5.0.10.RELEASE]
	at org.springframework.beans.factory.support.AbstractAutowireCapableBeanFactory.doCreateBean(AbstractAutowireCapableBeanFactory.java:535) ~[spring-beans-5.0.10.RELEASE.jar:5.0.10.RELEASE]
	at org.springframework.beans.factory.support.AbstractAutowireCapableBeanFactory.createBean(AbstractAutowireCapableBeanFactory.java:495) ~[spring-beans-5.0.10.RELEASE.jar:5.0.10.RELEASE]
	at org.springframework.beans.factory.support.AbstractBeanFactory.lambda$doGetBean$0(AbstractBeanFactory.java:317) ~[spring-beans-5.0.10.RELEASE.jar:5.0.10.RELEASE]
	at org.springframework.beans.factory.support.DefaultSingletonBeanRegistry.getSingleton(DefaultSingletonBeanRegistry.java:222) ~[spring-beans-5.0.10.RELEASE.jar:5.0.10.RELEASE]
	at org.springframework.beans.factory.support.AbstractBeanFactory.doGetBean(AbstractBeanFactory.java:315) ~[spring-beans-5.0.10.RELEASE.jar:5.0.10.RELEASE]
	at org.springframework.beans.factory.support.AbstractBeanFactory.getBean(AbstractBeanFactory.java:199) ~[spring-beans-5.0.10.RELEASE.jar:5.0.10.RELEASE]
	at org.springframework.beans.factory.config.DependencyDescriptor.resolveCandidate(DependencyDescriptor.java:251) ~[spring-beans-5.0.10.RELEASE.jar:5.0.10.RELEASE]
	at org.springframework.beans.factory.support.DefaultListableBeanFactory.doResolveDependency(DefaultListableBeanFactory.java:1135) ~[spring-beans-5.0.10.RELEASE.jar:5.0.10.RELEASE]
	at org.springframework.beans.factory.support.DefaultListableBeanFactory.resolveDependency(DefaultListableBeanFactory.java:1062) ~[spring-beans-5.0.10.RELEASE.jar:5.0.10.RELEASE]
	at org.springframework.beans.factory.support.ConstructorResolver.resolveAutowiredArgument(ConstructorResolver.java:819) ~[spring-beans-5.0.10.RELEASE.jar:5.0.10.RELEASE]
	at org.springframework.beans.factory.support.ConstructorResolver.createArgumentArray(ConstructorResolver.java:725) ~[spring-beans-5.0.10.RELEASE.jar:5.0.10.RELEASE]
	... 63 common frames omitted
Caused by: org.springframework.beans.BeanInstantiationException: Failed to instantiate [org.apache.shiro.mgt.SecurityManager]: Factory method &apos;securityManager&apos; threw exception; nested exception is org.springframework.beans.factory.UnsatisfiedDependencyException: Error creating bean with name &apos;myShiroRealm&apos;: Unsatisfied dependency expressed through field &apos;userService&apos;; nested exception is org.springframework.beans.factory.UnsatisfiedDependencyException: Error creating bean with name &apos;userService&apos;: Unsatisfied dependency expressed through field &apos;userMapper&apos;; nested exception is org.springframework.beans.factory.NoSuchBeanDefinitionException: No qualifying bean of type &apos;cn.userCenter.dao.UserMapper&apos; available: expected at least 1 bean which qualifies as autowire candidate. Dependency annotations: {@org.springframework.beans.factory.annotation.Autowired(required=true)}
	at org.springframework.beans.factory.support.SimpleInstantiationStrategy.instantiate(SimpleInstantiationStrategy.java:185) ~[spring-beans-5.0.10.RELEASE.jar:5.0.10.RELEASE]
	at org.springframework.beans.factory.support.ConstructorResolver.instantiateUsingFactoryMethod(ConstructorResolver.java:583) ~[spring-beans-5.0.10.RELEASE.jar:5.0.10.RELEASE]
	... 76 common frames omitted
Caused by: org.springframework.beans.factory.UnsatisfiedDependencyException: Error creating bean with name &apos;myShiroRealm&apos;: Unsatisfied dependency expressed through field &apos;userService&apos;; nested exception is org.springframework.beans.factory.UnsatisfiedDependencyException: Error creating bean with name &apos;userService&apos;: Unsatisfied dependency expressed through field &apos;userMapper&apos;; nested exception is org.springframework.beans.factory.NoSuchBeanDefinitionException: No qualifying bean of type &apos;cn.userCenter.dao.UserMapper&apos; available: expected at least 1 bean which qualifies as autowire candidate. Dependency annotations: {@org.springframework.beans.factory.annotation.Autowired(required=true)}
	at org.springframework.beans.factory.annotation.AutowiredAnnotationBeanPostProcessor$AutowiredFieldElement.inject(AutowiredAnnotationBeanPostProcessor.java:584) ~[spring-beans-5.0.10.RELEASE.jar:5.0.10.RELEASE]
	at org.springframework.beans.factory.annotation.InjectionMetadata.inject(InjectionMetadata.java:90) ~[spring-beans-5.0.10.RELEASE.jar:5.0.10.RELEASE]
	at org.springframework.beans.factory.annotation.AutowiredAnnotationBeanPostProcessor.postProcessPropertyValues(AutowiredAnnotationBeanPostProcessor.java:370) ~[spring-beans-5.0.10.RELEASE.jar:5.0.10.RELEASE]
	at org.springframework.beans.factory.support.AbstractAutowireCapableBeanFactory.populateBean(AbstractAutowireCapableBeanFactory.java:1336) ~[spring-beans-5.0.10.RELEASE.jar:5.0.10.RELEASE]
	at org.springframework.beans.factory.support.AbstractAutowireCapableBeanFactory.doCreateBean(AbstractAutowireCapableBeanFactory.java:572) ~[spring-beans-5.0.10.RELEASE.jar:5.0.10.RELEASE]
	at org.springframework.beans.factory.support.AbstractAutowireCapableBeanFactory.createBean(AbstractAutowireCapableBeanFactory.java:495) ~[spring-beans-5.0.10.RELEASE.jar:5.0.10.RELEASE]
	at org.springframework.beans.factory.support.AbstractBeanFactory.lambda$doGetBean$0(AbstractBeanFactory.java:317) ~[spring-beans-5.0.10.RELEASE.jar:5.0.10.RELEASE]
	at org.springframework.beans.factory.support.DefaultSingletonBeanRegistry.getSingleton(DefaultSingletonBeanRegistry.java:222) ~[spring-beans-5.0.10.RELEASE.jar:5.0.10.RELEASE]
	at org.springframework.beans.factory.support.AbstractBeanFactory.doGetBean(AbstractBeanFactory.java:315) ~[spring-beans-5.0.10.RELEASE.jar:5.0.10.RELEASE]
	at org.springframework.beans.factory.support.AbstractBeanFactory.getBean(AbstractBeanFactory.java:199) ~[spring-beans-5.0.10.RELEASE.jar:5.0.10.RELEASE]
	at org.springframework.context.annotation.ConfigurationClassEnhancer$BeanMethodInterceptor.resolveBeanReference(ConfigurationClassEnhancer.java:396) ~[spring-context-5.0.10.RELEASE.jar:5.0.10.RELEASE]
	at org.springframework.context.annotation.ConfigurationClassEnhancer$BeanMethodInterceptor.intercept(ConfigurationClassEnhancer.java:368) ~[spring-context-5.0.10.RELEASE.jar:5.0.10.RELEASE]
	at cn.userCenter.config.shiro.ShiroConfig$$EnhancerBySpringCGLIB$$3f66730a.myShiroRealm(&lt;generated&gt;) ~[classes/:na]
	at cn.userCenter.config.shiro.ShiroConfig.securityManager(ShiroConfig.java:86) ~[classes/:na]
	at cn.userCenter.config.shiro.ShiroConfig$$EnhancerBySpringCGLIB$$3f66730a.CGLIB$securityManager$0(&lt;generated&gt;) ~[classes/:na]
	at cn.userCenter.config.shiro.ShiroConfig$$EnhancerBySpringCGLIB$$3f66730a$$FastClassBySpringCGLIB$$795c7984.invoke(&lt;generated&gt;) ~[classes/:na]
	at org.springframework.cglib.proxy.MethodProxy.invokeSuper(MethodProxy.java:228) ~[spring-core-5.0.10.RELEASE.jar:5.0.10.RELEASE]
	at org.springframework.context.annotation.ConfigurationClassEnhancer$BeanMethodInterceptor.intercept(ConfigurationClassEnhancer.java:365) ~[spring-context-5.0.10.RELEASE.jar:5.0.10.RELEASE]
	at cn.userCenter.config.shiro.ShiroConfig$$EnhancerBySpringCGLIB$$3f66730a.securityManager(&lt;generated&gt;) ~[classes/:na]
	at sun.reflect.NativeMethodAccessorImpl.invoke0(Native Method) ~[na:1.8.0_152]
	at sun.reflect.NativeMethodAccessorImpl.invoke(NativeMethodAccessorImpl.java:62) ~[na:1.8.0_152]
	at sun.reflect.DelegatingMethodAccessorImpl.invoke(DelegatingMethodAccessorImpl.java:43) ~[na:1.8.0_152]
	at java.lang.reflect.Method.invoke(Method.java:498) ~[na:1.8.0_152]
	at org.springframework.beans.factory.support.SimpleInstantiationStrategy.instantiate(SimpleInstantiationStrategy.java:154) ~[spring-beans-5.0.10.RELEASE.jar:5.0.10.RELEASE]
	... 77 common frames omitted
Caused by: org.springframework.beans.factory.UnsatisfiedDependencyException: Error creating bean with name &apos;userService&apos;: Unsatisfied dependency expressed through field &apos;userMapper&apos;; nested exception is org.springframework.beans.factory.NoSuchBeanDefinitionException: No qualifying bean of type &apos;cn.userCenter.dao.UserMapper&apos; available: expected at least 1 bean which qualifies as autowire candidate. Dependency annotations: {@org.springframework.beans.factory.annotation.Autowired(required=true)}
	at org.springframework.beans.factory.annotation.AutowiredAnnotationBeanPostProcessor$AutowiredFieldElement.inject(AutowiredAnnotationBeanPostProcessor.java:584) ~[spring-beans-5.0.10.RELEASE.jar:5.0.10.RELEASE]
	at org.springframework.beans.factory.annotation.InjectionMetadata.inject(InjectionMetadata.java:90) ~[spring-beans-5.0.10.RELEASE.jar:5.0.10.RELEASE]
	at org.springframework.beans.factory.annotation.AutowiredAnnotationBeanPostProcessor.postProcessPropertyValues(AutowiredAnnotationBeanPostProcessor.java:370) ~[spring-beans-5.0.10.RELEASE.jar:5.0.10.RELEASE]
	at org.springframework.beans.factory.support.AbstractAutowireCapableBeanFactory.populateBean(AbstractAutowireCapableBeanFactory.java:1336) ~[spring-beans-5.0.10.RELEASE.jar:5.0.10.RELEASE]
	at org.springframework.beans.factory.support.AbstractAutowireCapableBeanFactory.doCreateBean(AbstractAutowireCapableBeanFactory.java:572) ~[spring-beans-5.0.10.RELEASE.jar:5.0.10.RELEASE]
	at org.springframework.beans.factory.support.AbstractAutowireCapableBeanFactory.createBean(AbstractAutowireCapableBeanFactory.java:495) ~[spring-beans-5.0.10.RELEASE.jar:5.0.10.RELEASE]
	at org.springframework.beans.factory.support.AbstractBeanFactory.lambda$doGetBean$0(AbstractBeanFactory.java:317) ~[spring-beans-5.0.10.RELEASE.jar:5.0.10.RELEASE]
	at org.springframework.beans.factory.support.DefaultSingletonBeanRegistry.getSingleton(DefaultSingletonBeanRegistry.java:222) ~[spring-beans-5.0.10.RELEASE.jar:5.0.10.RELEASE]
	at org.springframework.beans.factory.support.AbstractBeanFactory.doGetBean(AbstractBeanFactory.java:315) ~[spring-beans-5.0.10.RELEASE.jar:5.0.10.RELEASE]
	at org.springframework.beans.factory.support.AbstractBeanFactory.getBean(AbstractBeanFactory.java:199) ~[spring-beans-5.0.10.RELEASE.jar:5.0.10.RELEASE]
	at org.springframework.beans.factory.config.DependencyDescriptor.resolveCandidate(DependencyDescriptor.java:251) ~[spring-beans-5.0.10.RELEASE.jar:5.0.10.RELEASE]
	at org.springframework.beans.factory.support.DefaultListableBeanFactory.doResolveDependency(DefaultListableBeanFactory.java:1135) ~[spring-beans-5.0.10.RELEASE.jar:5.0.10.RELEASE]
	at org.springframework.beans.factory.support.DefaultListableBeanFactory.resolveDependency(DefaultListableBeanFactory.java:1062) ~[spring-beans-5.0.10.RELEASE.jar:5.0.10.RELEASE]
	at org.springframework.beans.factory.annotation.AutowiredAnnotationBeanPostProcessor$AutowiredFieldElement.inject(AutowiredAnnotationBeanPostProcessor.java:581) ~[spring-beans-5.0.10.RELEASE.jar:5.0.10.RELEASE]
	... 100 common frames omitted
Caused by: org.springframework.beans.factory.NoSuchBeanDefinitionException: No qualifying bean of type &apos;cn.userCenter.dao.UserMapper&apos; available: expected at least 1 bean which qualifies as autowire candidate. Dependency annotations: {@org.springframework.beans.factory.annotation.Autowired(required=true)}
	at org.springframework.beans.factory.support.DefaultListableBeanFactory.raiseNoMatchingBeanFound(DefaultListableBeanFactory.java:1506) ~[spring-beans-5.0.10.RELEASE.jar:5.0.10.RELEASE]
	at org.springframework.beans.factory.support.DefaultListableBeanFactory.doResolveDependency(DefaultListableBeanFactory.java:1101) ~[spring-beans-5.0.10.RELEASE.jar:5.0.10.RELEASE]
	at org.springframework.beans.factory.support.DefaultListableBeanFactory.resolveDependency(DefaultListableBeanFactory.java:1062) ~[spring-beans-5.0.10.RELEASE.jar:5.0.10.RELEASE]
	at org.springframework.beans.factory.annotation.AutowiredAnnotationBeanPostProcessor$AutowiredFieldElement.inject(AutowiredAnnotationBeanPostProcessor.java:581) ~[spring-beans-5.0.10.RELEASE.jar:5.0.10.RELEASE]
	... 113 common frames omitted

</system-out>
  </testcase>
</testsuite>