<?xml version="1.0" encoding="UTF-8" ?>
<testsuite tests="1" failures="0" name="zg.controller.UserControTest" time="0" errors="1" skipped="0">
  <properties>
[...]
</properties>
  <testcase classname="zg.controller.UserControTest" name="deleteUserContro" time="0">
    <error message="Failed to load ApplicationContext" type="java.lang.IllegalStateException">java.lang.IllegalStateException: Failed to load ApplicationContext
	at org.springframework.test.context.cache.DefaultCacheAwareContextLoaderDelegate.loadContext(DefaultCacheAwareContextLoaderDelegate.java:125)
	at org.springframework.test.context.support.DefaultTestContext.getApplicationContext(DefaultTestContext.java:108)
	at org.springframework.test.context.web.ServletTestExecutionListener.setUpRequestContextIfNecessary(ServletTestExecutionListener.java:190)
	at org.springframework.test.context.web.ServletTestExecutionListener.prepareTestInstance(ServletTestExecutionListener.java:132)
	at org.springframework.test.context.TestContextManager.prepareTestInstance(TestContextManager.java:246)
	at org.springframework.test.context.junit4.SpringJUnit4ClassRunner.createTest(SpringJUnit4ClassRunner.java:227)
	at org.springframework.test.context.junit4.SpringJUnit4ClassRunner$1.runReflectiveCall(SpringJUnit4ClassRunner.java:289)
	at org.junit.internal.runners.model.ReflectiveCallable.run(ReflectiveCallable.java:12)
	at org.springframework.test.context.junit4.SpringJUnit4ClassRunner.methodBlock(SpringJUnit4ClassRunner.java:291)
	at org.springframework.test.context.junit4.SpringJUnit4ClassRunner.runChild(SpringJUnit4ClassRunner.java:246)
	at org.springframework.test.context.junit4.SpringJUnit4ClassRunner.runChild(SpringJUnit4ClassRunner.java:97)
	at org.junit.runners.ParentRunner$3.run(ParentRunner.java:290)
	at org.junit.runners.ParentRunner$1.schedule(ParentRunner.java:71)
	at org.junit.runners.ParentRunner.runChildren(ParentRunner.java:288)
	at org.junit.runners.ParentRunner.access$000(ParentRunner.java:58)
	at org.junit.runners.ParentRunner$2.evaluate(ParentRunner.java:268)
	at org.springframework.test.context.junit4.statements.RunBeforeTestClassCallbacks.evaluate(RunBeforeTestClassCallbacks.java:61)
	at org.springframework.test.context.junit4.statements.RunAfterTestClassCallbacks.evaluate(RunAfterTestClassCallbacks.java:70)
	at org.junit.runners.ParentRunner.run(ParentRunner.java:363)
	at org.springframework.test.context.junit4.SpringJUnit4ClassRunner.run(SpringJUnit4ClassRunner.java:190)
	at org.apache.maven.surefire.junit4.JUnit4Provider.execute(JUnit4Provider.java:252)
	at org.apache.maven.surefire.junit4.JUnit4Provider.executeTestSet(JUnit4Provider.java:141)
	at org.apache.maven.surefire.junit4.JUnit4Provider.invoke(JUnit4Provider.java:112)
	at sun.reflect.NativeMethodAccessorImpl.invoke0(Native Method)
	at sun.reflect.NativeMethodAccessorImpl.invoke(NativeMethodAccessorImpl.java:62)
	at sun.reflect.DelegatingMethodAccessorImpl.invoke(DelegatingMethodAccessorImpl.java:43)
	at java.lang.reflect.Method.invoke(Method.java:498)
	at org.apache.maven.surefire.util.ReflectionUtils.invokeMethodWithArray(ReflectionUtils.java:189)
	at org.apache.maven.surefire.booter.ProviderFactory$ProviderProxy.invoke(ProviderFactory.java:165)
	at org.apache.maven.surefire.booter.ProviderFactory.invokeProvider(ProviderFactory.java:85)
	at org.apache.maven.surefire.booter.ForkedBooter.runSuitesInProcess(ForkedBooter.java:115)
	at org.apache.maven.surefire.booter.ForkedBooter.main(ForkedBooter.java:75)
Caused by: org.springframework.beans.factory.BeanCreationException: Error creating bean with name &apos;dbHealthIndicator&apos; defined in class path resource [org/springframework/boot/actuate/autoconfigure/jdbc/DataSourceHealthIndicatorAutoConfiguration.class]: Bean instantiation via factory method failed; nested exception is org.springframework.beans.BeanInstantiationException: Failed to instantiate [org.springframework.boot.actuate.health.HealthIndicator]: Factory method &apos;dbHealthIndicator&apos; threw exception; nested exception is org.springframework.beans.factory.BeanCreationException: Error creating bean with name &apos;scopedTarget.dataSource&apos; defined in class path resource [org/springframework/boot/autoconfigure/jdbc/DataSourceConfiguration$Hikari.class]: Bean instantiation via factory method failed; nested exception is org.springframework.beans.BeanInstantiationException: Failed to instantiate [com.zaxxer.hikari.HikariDataSource]: Factory method &apos;dataSource&apos; threw exception; nested exception is org.springframework.boot.autoconfigure.jdbc.DataSourceProperties$DataSourceBeanCreationException: Failed to determine a suitable driver class
	at org.springframework.beans.factory.support.ConstructorResolver.instantiateUsingFactoryMethod(ConstructorResolver.java:591)
	at org.springframework.beans.factory.support.AbstractAutowireCapableBeanFactory.instantiateUsingFactoryMethod(AbstractAutowireCapableBeanFactory.java:1246)
	at org.springframework.beans.factory.support.AbstractAutowireCapableBeanFactory.createBeanInstance(AbstractAutowireCapableBeanFactory.java:1096)
	at org.springframework.beans.factory.support.AbstractAutowireCapableBeanFactory.doCreateBean(AbstractAutowireCapableBeanFactory.java:535)
	at org.springframework.beans.factory.support.AbstractAutowireCapableBeanFactory.createBean(AbstractAutowireCapableBeanFactory.java:495)
	at org.springframework.beans.factory.support.AbstractBeanFactory.lambda$doGetBean$0(AbstractBeanFactory.java:317)
	at org.springframework.beans.factory.support.DefaultSingletonBeanRegistry.getSingleton(DefaultSingletonBeanRegistry.java:222)
	at org.springframework.beans.factory.support.AbstractBeanFactory.doGetBean(AbstractBeanFactory.java:315)
	at org.springframework.beans.factory.support.AbstractBeanFactory.getBean(AbstractBeanFactory.java:199)
	at org.springframework.beans.factory.support.DefaultListableBeanFactory.preInstantiateSingletons(DefaultListableBeanFactory.java:759)
	at org.springframework.context.support.AbstractApplicationContext.finishBeanFactoryInitialization(AbstractApplicationContext.java:867)
	at org.springframework.context.support.AbstractApplicationContext.refresh(AbstractApplicationContext.java:548)
	at org.springframework.boot.SpringApplication.refresh(SpringApplication.java:754)
	at org.springframework.boot.SpringApplication.refreshContext(SpringApplication.java:386)
	at org.springframework.boot.SpringApplication.run(SpringApplication.java:307)
	at org.springframework.boot.test.context.SpringBootContextLoader.loadContext(SpringBootContextLoader.java:127)
	at org.springframework.test.context.cache.DefaultCacheAwareContextLoaderDelegate.loadContextInternal(DefaultCacheAwareContextLoaderDelegate.java:99)
	at org.springframework.test.context.cache.DefaultCacheAwareContextLoaderDelegate.loadContext(DefaultCacheAwareContextLoaderDelegate.java:117)
	... 31 more
Caused by: org.springframework.beans.BeanInstantiationException: Failed to instantiate [org.springframework.boot.actuate.health.HealthIndicator]: Factory method &apos;dbHealthIndicator&apos; threw exception; nested exception is org.springframework.beans.factory.BeanCreationException: Error creating bean with name &apos;scopedTarget.dataSource&apos; defined in class path resource [org/springframework/boot/autoconfigure/jdbc/DataSourceConfiguration$Hikari.class]: Bean instantiation via factory method failed; nested exception is org.springframework.beans.BeanInstantiationException: Failed to instantiate [com.zaxxer.hikari.HikariDataSource]: Factory method &apos;dataSource&apos; threw exception; nested exception is org.springframework.boot.autoconfigure.jdbc.DataSourceProperties$DataSourceBeanCreationException: Failed to determine a suitable driver class
	at org.springframework.beans.factory.support.SimpleInstantiationStrategy.instantiate(SimpleInstantiationStrategy.java:185)
	at org.springframework.beans.factory.support.ConstructorResolver.instantiateUsingFactoryMethod(ConstructorResolver.java:583)
	... 48 more
Caused by: org.springframework.beans.factory.BeanCreationException: Error creating bean with name &apos;scopedTarget.dataSource&apos; defined in class path resource [org/springframework/boot/autoconfigure/jdbc/DataSourceConfiguration$Hikari.class]: Bean instantiation via factory method failed; nested exception is org.springframework.beans.BeanInstantiationException: Failed to instantiate [com.zaxxer.hikari.HikariDataSource]: Factory method &apos;dataSource&apos; threw exception; nested exception is org.springframework.boot.autoconfigure.jdbc.DataSourceProperties$DataSourceBeanCreationException: Failed to determine a suitable driver class
	at org.springframework.beans.factory.support.ConstructorResolver.instantiateUsingFactoryMethod(ConstructorResolver.java:591)
	at org.springframework.beans.factory.support.AbstractAutowireCapableBeanFactory.instantiateUsingFactoryMethod(AbstractAutowireCapableBeanFactory.java:1246)
	at org.springframework.beans.factory.support.AbstractAutowireCapableBeanFactory.createBeanInstance(AbstractAutowireCapableBeanFactory.java:1096)
	at org.springframework.beans.factory.support.AbstractAutowireCapableBeanFactory.doCreateBean(AbstractAutowireCapableBeanFactory.java:535)
	at org.springframework.beans.factory.support.AbstractAutowireCapableBeanFactory.createBean(AbstractAutowireCapableBeanFactory.java:495)
	at org.springframework.beans.factory.support.AbstractBeanFactory.lambda$doGetBean$1(AbstractBeanFactory.java:353)
	at org.springframework.cloud.context.scope.GenericScope$BeanLifecycleWrapper.getBean(GenericScope.java:390)
	at org.springframework.cloud.context.scope.GenericScope.get(GenericScope.java:184)
	at org.springframework.beans.factory.support.AbstractBeanFactory.doGetBean(AbstractBeanFactory.java:350)
	at org.springframework.beans.factory.support.AbstractBeanFactory.getBean(AbstractBeanFactory.java:199)
	at org.springframework.aop.target.SimpleBeanTargetSource.getTarget(SimpleBeanTargetSource.java:35)
	at org.springframework.aop.framework.CglibAopProxy$DynamicAdvisedInterceptor.intercept(CglibAopProxy.java:672)
	at com.zaxxer.hikari.HikariDataSource$$EnhancerBySpringCGLIB$$dbd2d559.getConnectionTestQuery(&lt;generated&gt;)
	at org.springframework.boot.jdbc.metadata.HikariDataSourcePoolMetadata.getValidationQuery(HikariDataSourcePoolMetadata.java:66)
	at org.springframework.boot.actuate.autoconfigure.jdbc.DataSourceHealthIndicatorAutoConfiguration.getValidationQuery(DataSourceHealthIndicatorAutoConfiguration.java:115)
	at org.springframework.boot.actuate.autoconfigure.jdbc.DataSourceHealthIndicatorAutoConfiguration.createHealthIndicator(DataSourceHealthIndicatorAutoConfiguration.java:109)
	at org.springframework.boot.actuate.autoconfigure.jdbc.DataSourceHealthIndicatorAutoConfiguration.createHealthIndicator(DataSourceHealthIndicatorAutoConfiguration.java:58)
	at org.springframework.boot.actuate.autoconfigure.jdbc.DataSourceHealthIndicatorAutoConfiguration$$EnhancerBySpringCGLIB$$4a2a211.createHealthIndicator(&lt;generated&gt;)
	at org.springframework.boot.actuate.autoconfigure.health.CompositeHealthIndicatorConfiguration.createHealthIndicator(CompositeHealthIndicatorConfiguration.java:43)
	at org.springframework.boot.actuate.autoconfigure.jdbc.DataSourceHealthIndicatorAutoConfiguration.dbHealthIndicator(DataSourceHealthIndicatorAutoConfiguration.java:104)
	at org.springframework.boot.actuate.autoconfigure.jdbc.DataSourceHealthIndicatorAutoConfiguration$$EnhancerBySpringCGLIB$$4a2a211.CGLIB$dbHealthIndicator$3(&lt;generated&gt;)
	at org.springframework.boot.actuate.autoconfigure.jdbc.DataSourceHealthIndicatorAutoConfiguration$$EnhancerBySpringCGLIB$$4a2a211$$FastClassBySpringCGLIB$$7c940e1e.invoke(&lt;generated&gt;)
	at org.springframework.cglib.proxy.MethodProxy.invokeSuper(MethodProxy.java:228)
	at org.springframework.context.annotation.ConfigurationClassEnhancer$BeanMethodInterceptor.intercept(ConfigurationClassEnhancer.java:365)
	at org.springframework.boot.actuate.autoconfigure.jdbc.DataSourceHealthIndicatorAutoConfiguration$$EnhancerBySpringCGLIB$$4a2a211.dbHealthIndicator(&lt;generated&gt;)
	at sun.reflect.NativeMethodAccessorImpl.invoke0(Native Method)
	at sun.reflect.NativeMethodAccessorImpl.invoke(NativeMethodAccessorImpl.java:62)
	at sun.reflect.DelegatingMethodAccessorImpl.invoke(DelegatingMethodAccessorImpl.java:43)
	at java.lang.reflect.Method.invoke(Method.java:498)
	at org.springframework.beans.factory.support.SimpleInstantiationStrategy.instantiate(SimpleInstantiationStrategy.java:154)
	... 49 more
Caused by: org.springframework.beans.BeanInstantiationException: Failed to instantiate [com.zaxxer.hikari.HikariDataSource]: Factory method &apos;dataSource&apos; threw exception; nested exception is org.springframework.boot.autoconfigure.jdbc.DataSourceProperties$DataSourceBeanCreationException: Failed to determine a suitable driver class
	at org.springframework.beans.factory.support.SimpleInstantiationStrategy.instantiate(SimpleInstantiationStrategy.java:185)
	at org.springframework.beans.factory.support.ConstructorResolver.instantiateUsingFactoryMethod(ConstructorResolver.java:583)
	... 78 more
Caused by: org.springframework.boot.autoconfigure.jdbc.DataSourceProperties$DataSourceBeanCreationException: Failed to determine a suitable driver class
	at org.springframework.boot.autoconfigure.jdbc.DataSourceProperties.determineDriverClassName(DataSourceProperties.java:236)
	at org.springframework.boot.autoconfigure.jdbc.DataSourceProperties.initializeDataSourceBuilder(DataSourceProperties.java:176)
	at org.springframework.boot.autoconfigure.jdbc.DataSourceConfiguration.createDataSource(DataSourceConfiguration.java:43)
	at org.springframework.boot.autoconfigure.jdbc.DataSourceConfiguration$Hikari.dataSource(DataSourceConfiguration.java:83)
	at sun.reflect.NativeMethodAccessorImpl.invoke0(Native Method)
	at sun.reflect.NativeMethodAccessorImpl.invoke(NativeMethodAccessorImpl.java:62)
	at sun.reflect.DelegatingMethodAccessorImpl.invoke(DelegatingMethodAccessorImpl.java:43)
	at java.lang.reflect.Method.invoke(Method.java:498)
	at org.springframework.beans.factory.support.SimpleInstantiationStrategy.instantiate(SimpleInstantiationStrategy.java:154)
	... 79 more
</error>
    <system-out>2019-01-20 11:16:44.296  INFO 3564 --- [           main] .b.t.c.SpringBootTestContextBootstrapper : Neither @ContextConfiguration nor @ContextHierarchy found for test class [zg.controller.UserControTest], using SpringBootContextLoader
2019-01-20 11:16:44.297  INFO 3564 --- [           main] o.s.t.c.support.AbstractContextLoader    : Could not detect default resource locations for test class [zg.controller.UserControTest]: no resource found for suffixes {-context.xml, Context.groovy}.
2019-01-20 11:16:44.300  INFO 3564 --- [           main] .b.t.c.SpringBootTestContextBootstrapper : Loaded default TestExecutionListener class names from location [META-INF/spring.factories]: [org.springframework.boot.test.mock.mockito.MockitoTestExecutionListener, org.springframework.boot.test.mock.mockito.ResetMocksTestExecutionListener, org.springframework.boot.test.autoconfigure.restdocs.RestDocsTestExecutionListener, org.springframework.boot.test.autoconfigure.web.client.MockRestServiceServerResetTestExecutionListener, org.springframework.boot.test.autoconfigure.web.servlet.MockMvcPrintOnlyOnFailureTestExecutionListener, org.springframework.boot.test.autoconfigure.web.servlet.WebDriverTestExecutionListener, org.springframework.test.context.web.ServletTestExecutionListener, org.springframework.test.context.support.DirtiesContextBeforeModesTestExecutionListener, org.springframework.test.context.support.DependencyInjectionTestExecutionListener, org.springframework.test.context.support.DirtiesContextTestExecutionListener, org.springframework.test.context.transaction.TransactionalTestExecutionListener, org.springframework.test.context.jdbc.SqlScriptsTestExecutionListener]
2019-01-20 11:16:44.300  INFO 3564 --- [           main] .b.t.c.SpringBootTestContextBootstrapper : Using TestExecutionListeners: [org.springframework.test.context.web.ServletTestExecutionListener@149aa7b2, org.springframework.test.context.support.DirtiesContextBeforeModesTestExecutionListener@3ca3648, org.springframework.boot.test.mock.mockito.MockitoTestExecutionListener@2a99ca99, org.springframework.boot.test.autoconfigure.SpringBootDependencyInjectionTestExecutionListener@39f0c343, org.springframework.test.context.support.DirtiesContextTestExecutionListener@781654f8, org.springframework.test.context.transaction.TransactionalTestExecutionListener@2abc55c4, org.springframework.test.context.jdbc.SqlScriptsTestExecutionListener@4e958f08, org.springframework.boot.test.mock.mockito.ResetMocksTestExecutionListener@71c0b742, org.springframework.boot.test.autoconfigure.restdocs.RestDocsTestExecutionListener@3bbb8c16, org.springframework.boot.test.autoconfigure.web.client.MockRestServiceServerResetTestExecutionListener@73e1ecd0, org.springframework.boot.test.autoconfigure.web.servlet.MockMvcPrintOnlyOnFailureTestExecutionListener@11eec06b, org.springframework.boot.test.autoconfigure.web.servlet.WebDriverTestExecutionListener@65600fb3]
2019-01-20 11:16:45.867  INFO 3564 --- [           main] s.c.a.AnnotationConfigApplicationContext : Refreshing org.springframework.context.annotation.AnnotationConfigApplicationContext@1be52861: startup date [Sun Jan 20 11:16:45 CST 2019]; root of context hierarchy
2019-01-20 11:16:45.903  INFO 3564 --- [           main] f.a.AutowiredAnnotationBeanPostProcessor : JSR-330 &apos;javax.inject.Inject&apos; annotation found and supported for autowiring
2019-01-20 11:16:45.941  INFO 3564 --- [           main] trationDelegate$BeanPostProcessorChecker : Bean &apos;configurationPropertiesRebinderAutoConfiguration&apos; of type [org.springframework.cloud.autoconfigure.ConfigurationPropertiesRebinderAutoConfiguration$$EnhancerBySpringCGLIB$$b1d85388] is not eligible for getting processed by all BeanPostProcessors (for example: not eligible for auto-proxying)

  .   ____          _            __ _ _
 /\\ / ___&apos;_ __ _ _(_)_ __  __ _ \ \ \ \
( ( )\___ | &apos;_ | &apos;_| | &apos;_ \/ _` | \ \ \ \
 \\/  ___)| |_)| | | | | || (_| |  ) ) ) )
  &apos;  |____| .__|_| |_|_| |_\__, | / / / /
 =========|_|==============|___/=/_/_/_/
 :: Spring Boot ::        (v2.0.6.RELEASE)

2019-01-20 11:16:47.480  INFO 3564 --- [           main] c.c.c.ConfigServicePropertySourceLocator : Fetching config from server at : http://localhost:8888
2019-01-20 11:16:48.488  INFO 3564 --- [           main] c.c.c.ConfigServicePropertySourceLocator : Connect Timeout Exception on Url - http://localhost:8888. Will be trying the next url if available
2019-01-20 11:16:48.488  WARN 3564 --- [           main] c.c.c.ConfigServicePropertySourceLocator : Could not locate PropertySource: I/O error on GET request for &quot;http://localhost:8888/application/default&quot;: Connection refused: connect; nested exception is java.net.ConnectException: Connection refused: connect
2019-01-20 11:16:48.492  INFO 3564 --- [           main] zg.controller.UserControTest             : No active profile set, falling back to default profiles: default
2019-01-20 11:16:48.496  INFO 3564 --- [           main] o.s.w.c.s.GenericWebApplicationContext   : Refreshing org.springframework.web.context.support.GenericWebApplicationContext@1b30a54e: startup date [Sun Jan 20 11:16:48 CST 2019]; parent: org.springframework.context.annotation.AnnotationConfigApplicationContext@1be52861
2019-01-20 11:16:49.105  INFO 3564 --- [           main] o.s.b.f.s.DefaultListableBeanFactory     : Overriding bean definition for bean &apos;dataSource&apos; with a different definition: replacing [Root bean: class [null]; scope=refresh; abstract=false; lazyInit=false; autowireMode=3; dependencyCheck=0; autowireCandidate=false; primary=false; factoryBeanName=org.springframework.boot.autoconfigure.jdbc.DataSourceConfiguration$Hikari; factoryMethodName=dataSource; initMethodName=null; destroyMethodName=(inferred); defined in class path resource [org/springframework/boot/autoconfigure/jdbc/DataSourceConfiguration$Hikari.class]] with [Root bean: class [org.springframework.aop.scope.ScopedProxyFactoryBean]; scope=; abstract=false; lazyInit=false; autowireMode=0; dependencyCheck=0; autowireCandidate=true; primary=false; factoryBeanName=null; factoryMethodName=null; initMethodName=null; destroyMethodName=null; defined in BeanDefinition defined in class path resource [org/springframework/boot/autoconfigure/jdbc/DataSourceConfiguration$Hikari.class]]
2019-01-20 11:16:49.133  INFO 3564 --- [           main] o.s.cloud.context.scope.GenericScope     : BeanFactory id=67521ed4-e5ab-3c3e-9bf8-3501963fc095
2019-01-20 11:16:49.181  INFO 3564 --- [           main] f.a.AutowiredAnnotationBeanPostProcessor : JSR-330 &apos;javax.inject.Inject&apos; annotation found and supported for autowiring
2019-01-20 11:16:49.224  INFO 3564 --- [           main] trationDelegate$BeanPostProcessorChecker : Bean &apos;shiroConfig&apos; of type [cn.userCenter.config.shiro.ShiroConfig$$EnhancerBySpringCGLIB$$c9722005] is not eligible for getting processed by all BeanPostProcessors (for example: not eligible for auto-proxying)
2019-01-20 11:16:49.311  INFO 3564 --- [           main] trationDelegate$BeanPostProcessorChecker : Bean &apos;org.springframework.boot.context.properties.ConversionServiceDeducer$Factory&apos; of type [org.springframework.boot.context.properties.ConversionServiceDeducer$Factory] is not eligible for getting processed by all BeanPostProcessors (for example: not eligible for auto-proxying)
2019-01-20 11:16:49.314  INFO 3564 --- [           main] trationDelegate$BeanPostProcessorChecker : Bean &apos;mybatis-org.mybatis.spring.boot.autoconfigure.MybatisProperties&apos; of type [org.mybatis.spring.boot.autoconfigure.MybatisProperties] is not eligible for getting processed by all BeanPostProcessors (for example: not eligible for auto-proxying)
2019-01-20 11:16:49.326  INFO 3564 --- [           main] trationDelegate$BeanPostProcessorChecker : Bean &apos;org.mybatis.spring.boot.autoconfigure.MybatisAutoConfiguration&apos; of type [org.mybatis.spring.boot.autoconfigure.MybatisAutoConfiguration$$EnhancerBySpringCGLIB$$c892a1bb] is not eligible for getting processed by all BeanPostProcessors (for example: not eligible for auto-proxying)
2019-01-20 11:16:49.341  INFO 3564 --- [           main] trationDelegate$BeanPostProcessorChecker : Bean &apos;dataSource&apos; of type [org.springframework.aop.scope.ScopedProxyFactoryBean] is not eligible for getting processed by all BeanPostProcessors (for example: not eligible for auto-proxying)
2019-01-20 11:16:49.341  INFO 3564 --- [           main] trationDelegate$BeanPostProcessorChecker : Bean &apos;dataSource&apos; of type [com.zaxxer.hikari.HikariDataSource$$EnhancerBySpringCGLIB$$dbd2d559] is not eligible for getting processed by all BeanPostProcessors (for example: not eligible for auto-proxying)
2019-01-20 11:16:49.464  INFO 3564 --- [           main] trationDelegate$BeanPostProcessorChecker : Bean &apos;sqlSessionFactory&apos; of type [org.apache.ibatis.session.defaults.DefaultSqlSessionFactory] is not eligible for getting processed by all BeanPostProcessors (for example: not eligible for auto-proxying)
2019-01-20 11:16:49.472  INFO 3564 --- [           main] trationDelegate$BeanPostProcessorChecker : Bean &apos;sqlSessionTemplate&apos; of type [org.mybatis.spring.SqlSessionTemplate] is not eligible for getting processed by all BeanPostProcessors (for example: not eligible for auto-proxying)
2019-01-20 11:16:49.480  INFO 3564 --- [           main] trationDelegate$BeanPostProcessorChecker : Bean &apos;userMapper&apos; of type [org.mybatis.spring.mapper.MapperFactoryBean] is not eligible for getting processed by all BeanPostProcessors (for example: not eligible for auto-proxying)
2019-01-20 11:16:49.481  INFO 3564 --- [           main] trationDelegate$BeanPostProcessorChecker : Bean &apos;userMapper&apos; of type [com.sun.proxy.$Proxy103] is not eligible for getting processed by all BeanPostProcessors (for example: not eligible for auto-proxying)
2019-01-20 11:16:49.485  INFO 3564 --- [           main] trationDelegate$BeanPostProcessorChecker : Bean &apos;userInfoMapper&apos; of type [org.mybatis.spring.mapper.MapperFactoryBean] is not eligible for getting processed by all BeanPostProcessors (for example: not eligible for auto-proxying)
2019-01-20 11:16:49.486  INFO 3564 --- [           main] trationDelegate$BeanPostProcessorChecker : Bean &apos;userInfoMapper&apos; of type [com.sun.proxy.$Proxy104] is not eligible for getting processed by all BeanPostProcessors (for example: not eligible for auto-proxying)
2019-01-20 11:16:49.491  INFO 3564 --- [           main] trationDelegate$BeanPostProcessorChecker : Bean &apos;userRoleMapper&apos; of type [org.mybatis.spring.mapper.MapperFactoryBean] is not eligible for getting processed by all BeanPostProcessors (for example: not eligible for auto-proxying)
2019-01-20 11:16:49.492  INFO 3564 --- [           main] trationDelegate$BeanPostProcessorChecker : Bean &apos;userRoleMapper&apos; of type [com.sun.proxy.$Proxy105] is not eligible for getting processed by all BeanPostProcessors (for example: not eligible for auto-proxying)
2019-01-20 11:16:49.493  INFO 3564 --- [           main] trationDelegate$BeanPostProcessorChecker : Bean &apos;userService&apos; of type [cn.userCenter.service.impl.userService] is not eligible for getting processed by all BeanPostProcessors (for example: not eligible for auto-proxying)
2019-01-20 11:16:49.494  INFO 3564 --- [           main] trationDelegate$BeanPostProcessorChecker : Bean &apos;myShiroRealm&apos; of type [cn.userCenter.config.shiro.MyShiroRealm] is not eligible for getting processed by all BeanPostProcessors (for example: not eligible for auto-proxying)
2019-01-20 11:16:49.508  INFO 3564 --- [           main] trationDelegate$BeanPostProcessorChecker : Bean &apos;sessionManager&apos; of type [org.apache.shiro.web.session.mgt.DefaultWebSessionManager] is not eligible for getting processed by all BeanPostProcessors (for example: not eligible for auto-proxying)
2019-01-20 11:16:49.532  INFO 3564 --- [           main] trationDelegate$BeanPostProcessorChecker : Bean &apos;securityManager&apos; of type [org.apache.shiro.web.mgt.DefaultWebSecurityManager] is not eligible for getting processed by all BeanPostProcessors (for example: not eligible for auto-proxying)
2019-01-20 11:16:49.621  INFO 3564 --- [           main] trationDelegate$BeanPostProcessorChecker : Bean &apos;authorizationAttributeSourceAdvisor&apos; of type [org.apache.shiro.spring.security.interceptor.AuthorizationAttributeSourceAdvisor] is not eligible for getting processed by all BeanPostProcessors (for example: not eligible for auto-proxying)
2019-01-20 11:16:49.635  INFO 3564 --- [           main] trationDelegate$BeanPostProcessorChecker : Bean &apos;org.springframework.transaction.annotation.ProxyTransactionManagementConfiguration&apos; of type [org.springframework.transaction.annotation.ProxyTransactionManagementConfiguration$$EnhancerBySpringCGLIB$$95be508b] is not eligible for getting processed by all BeanPostProcessors (for example: not eligible for auto-proxying)
2019-01-20 11:16:49.694  INFO 3564 --- [           main] trationDelegate$BeanPostProcessorChecker : Bean &apos;org.springframework.cloud.autoconfigure.ConfigurationPropertiesRebinderAutoConfiguration&apos; of type [org.springframework.cloud.autoconfigure.ConfigurationPropertiesRebinderAutoConfiguration$$EnhancerBySpringCGLIB$$b1d85388] is not eligible for getting processed by all BeanPostProcessors (for example: not eligible for auto-proxying)
2019-01-20 11:16:49.984  WARN 3564 --- [           main] o.s.c.n.a.ArchaiusAutoConfiguration      : No spring.application.name found, defaulting to &apos;application&apos;
2019-01-20 11:16:49.986  WARN 3564 --- [           main] c.n.c.sources.URLConfigurationSource     : No URLs will be polled as dynamic configuration sources.
2019-01-20 11:16:49.986  INFO 3564 --- [           main] c.n.c.sources.URLConfigurationSource     : To enable URLs as dynamic configuration sources, define System property archaius.configurationSource.additionalUrls or make config.properties available on classpath.
2019-01-20 11:16:50.085  INFO 3564 --- [           main] o.s.w.s.handler.SimpleUrlHandlerMapping  : Mapped URL path [/**/favicon.ico] onto handler of type [class org.springframework.web.servlet.resource.ResourceHttpRequestHandler]
2019-01-20 11:16:50.371  INFO 3564 --- [           main] s.w.s.m.m.a.RequestMappingHandlerAdapter : Looking for @ControllerAdvice: org.springframework.web.context.support.GenericWebApplicationContext@1b30a54e: startup date [Sun Jan 20 11:16:48 CST 2019]; parent: org.springframework.context.annotation.AnnotationConfigApplicationContext@1be52861
2019-01-20 11:16:50.411  INFO 3564 --- [           main] s.w.s.m.m.a.RequestMappingHandlerMapping : Mapped &quot;{[/application/api],methods=[GET]}&quot; onto public cn.userCenter.Entity.headResult.ResultJson&lt;java.lang.String&gt; cn.userCenter.controller.ApplicationApi.introductionContr()
2019-01-20 11:16:50.412  INFO 3564 --- [           main] s.w.s.m.m.a.RequestMappingHandlerMapping : Mapped &quot;{[/user/{userName}/{userPassword}],methods=[GET]}&quot; onto public cn.userCenter.Entity.headResult.ResultJson&lt;java.lang.String&gt; cn.userCenter.controller.LoginController.loginContr(java.lang.String,java.lang.String)
2019-01-20 11:16:50.417  INFO 3564 --- [           main] s.w.s.m.m.a.RequestMappingHandlerMapping : Mapped &quot;{[/user/list],methods=[POST]}&quot; onto public cn.userCenter.Entity.headResult.UserTableJson&lt;java.util.List&lt;cn.zg.springcloud.entities.userCenter.UserOrganization&gt;&gt; cn.userCenter.controller.UserController.getUserAllList()
2019-01-20 11:16:50.417  INFO 3564 --- [           main] s.w.s.m.m.a.RequestMappingHandlerMapping : Mapped &quot;{[/user/{usernum}],methods=[DELETE]}&quot; onto public cn.userCenter.Entity.headResult.ResultJson&lt;java.lang.String&gt; cn.userCenter.controller.UserController.deleteUserContro(int)
2019-01-20 11:16:50.418  INFO 3564 --- [           main] s.w.s.m.m.a.RequestMappingHandlerMapping : Mapped &quot;{[/user/list/test],methods=[POST]}&quot; onto public cn.userCenter.Entity.headResult.UserTableJson&lt;java.util.List&lt;cn.zg.springcloud.entities.userCenter.UserTest&gt;&gt; cn.userCenter.controller.UserController.getUserAllListTest()
2019-01-20 11:16:50.418  INFO 3564 --- [           main] s.w.s.m.m.a.RequestMappingHandlerMapping : Mapped &quot;{[/user],methods=[POST]}&quot; onto public cn.userCenter.Entity.headResult.ResultJson&lt;java.lang.String&gt; cn.userCenter.controller.UserController.registryUserContr(cn.zg.springcloud.entities.userCenter.UserOrganization)
2019-01-20 11:16:50.418  INFO 3564 --- [           main] s.w.s.m.m.a.RequestMappingHandlerMapping : Mapped &quot;{[/user/userInfo],methods=[POST]}&quot; onto public cn.userCenter.Entity.headResult.ResultJson&lt;java.lang.String&gt; cn.userCenter.controller.UserController.registryUserInfoContr(cn.zg.springcloud.entities.userCenter.UserInfo)
2019-01-20 11:16:50.418  INFO 3564 --- [           main] s.w.s.m.m.a.RequestMappingHandlerMapping : Mapped &quot;{[/user/{usernum}],methods=[PUT]}&quot; onto public cn.userCenter.Entity.headResult.ResultJson&lt;java.lang.String&gt; cn.userCenter.controller.UserController.modifyUserState(int)
2019-01-20 11:16:50.420  INFO 3564 --- [           main] s.w.s.m.m.a.RequestMappingHandlerMapping : Mapped &quot;{[/error]}&quot; onto public org.springframework.http.ResponseEntity&lt;java.util.Map&lt;java.lang.String, java.lang.Object&gt;&gt; org.springframework.boot.autoconfigure.web.servlet.error.BasicErrorController.error(javax.servlet.http.HttpServletRequest)
2019-01-20 11:16:50.421  INFO 3564 --- [           main] s.w.s.m.m.a.RequestMappingHandlerMapping : Mapped &quot;{[/error],produces=[text/html]}&quot; onto public org.springframework.web.servlet.ModelAndView org.springframework.boot.autoconfigure.web.servlet.error.BasicErrorController.errorHtml(javax.servlet.http.HttpServletRequest,javax.servlet.http.HttpServletResponse)
2019-01-20 11:16:50.480  INFO 3564 --- [           main] o.s.w.s.handler.SimpleUrlHandlerMapping  : Mapped URL path [/webjars/**] onto handler of type [class org.springframework.web.servlet.resource.ResourceHttpRequestHandler]
2019-01-20 11:16:50.480  INFO 3564 --- [           main] o.s.w.s.handler.SimpleUrlHandlerMapping  : Mapped URL path [/**] onto handler of type [class org.springframework.web.servlet.resource.ResourceHttpRequestHandler]
2019-01-20 11:16:50.813  INFO 3564 --- [           main] org.mongodb.driver.cluster               : Cluster created with settings {hosts=[localhost:27017], mode=SINGLE, requiredClusterType=UNKNOWN, serverSelectionTimeout=&apos;30000 ms&apos;, maxWaitQueueSize=500}
2019-01-20 11:16:50.925  WARN 3564 --- [           main] o.s.w.c.s.GenericWebApplicationContext   : Exception encountered during context initialization - cancelling refresh attempt: org.springframework.beans.factory.BeanCreationException: Error creating bean with name &apos;dbHealthIndicator&apos; defined in class path resource [org/springframework/boot/actuate/autoconfigure/jdbc/DataSourceHealthIndicatorAutoConfiguration.class]: Bean instantiation via factory method failed; nested exception is org.springframework.beans.BeanInstantiationException: Failed to instantiate [org.springframework.boot.actuate.health.HealthIndicator]: Factory method &apos;dbHealthIndicator&apos; threw exception; nested exception is org.springframework.beans.factory.BeanCreationException: Error creating bean with name &apos;scopedTarget.dataSource&apos; defined in class path resource [org/springframework/boot/autoconfigure/jdbc/DataSourceConfiguration$Hikari.class]: Bean instantiation via factory method failed; nested exception is org.springframework.beans.BeanInstantiationException: Failed to instantiate [com.zaxxer.hikari.HikariDataSource]: Factory method &apos;dataSource&apos; threw exception; nested exception is org.springframework.boot.autoconfigure.jdbc.DataSourceProperties$DataSourceBeanCreationException: Failed to determine a suitable driver class
2019-01-20 11:16:50.954  INFO 3564 --- [           main] ConditionEvaluationReportLoggingListener : 

Error starting ApplicationContext. To display the conditions report re-run your application with &apos;debug&apos; enabled.
2019-01-20 11:16:50.955 ERROR 3564 --- [           main] o.s.b.d.LoggingFailureAnalysisReporter   : 

***************************
APPLICATION FAILED TO START
***************************

Description:

Failed to configure a DataSource: &apos;url&apos; attribute is not specified and no embedded datasource could be configured.

Reason: Failed to determine a suitable driver class


Action:

Consider the following:
	If you want an embedded database (H2, HSQL or Derby), please put it on the classpath.
	If you have database settings to be loaded from a particular profile you may need to activate it (no profiles are currently active).

2019-01-20 11:16:50.960 ERROR 3564 --- [           main] o.s.test.context.TestContextManager      : Caught exception while allowing TestExecutionListener [org.springframework.test.context.web.ServletTestExecutionListener@149aa7b2] to prepare test instance [zg.controller.UserControTest@347123dc]

java.lang.IllegalStateException: Failed to load ApplicationContext
	at org.springframework.test.context.cache.DefaultCacheAwareContextLoaderDelegate.loadContext(DefaultCacheAwareContextLoaderDelegate.java:125) ~[spring-test-5.0.10.RELEASE.jar:5.0.10.RELEASE]
	at org.springframework.test.context.support.DefaultTestContext.getApplicationContext(DefaultTestContext.java:108) ~[spring-test-5.0.10.RELEASE.jar:5.0.10.RELEASE]
	at org.springframework.test.context.web.ServletTestExecutionListener.setUpRequestContextIfNecessary(ServletTestExecutionListener.java:190) ~[spring-test-5.0.10.RELEASE.jar:5.0.10.RELEASE]
	at org.springframework.test.context.web.ServletTestExecutionListener.prepareTestInstance(ServletTestExecutionListener.java:132) ~[spring-test-5.0.10.RELEASE.jar:5.0.10.RELEASE]
	at org.springframework.test.context.TestContextManager.prepareTestInstance(TestContextManager.java:246) ~[spring-test-5.0.10.RELEASE.jar:5.0.10.RELEASE]
	at org.springframework.test.context.junit4.SpringJUnit4ClassRunner.createTest(SpringJUnit4ClassRunner.java:227) [spring-test-5.0.10.RELEASE.jar:5.0.10.RELEASE]
	at org.springframework.test.context.junit4.SpringJUnit4ClassRunner$1.runReflectiveCall(SpringJUnit4ClassRunner.java:289) [spring-test-5.0.10.RELEASE.jar:5.0.10.RELEASE]
	at org.junit.internal.runners.model.ReflectiveCallable.run(ReflectiveCallable.java:12) [junit-4.12.jar:4.12]
	at org.springframework.test.context.junit4.SpringJUnit4ClassRunner.methodBlock(SpringJUnit4ClassRunner.java:291) [spring-test-5.0.10.RELEASE.jar:5.0.10.RELEASE]
	at org.springframework.test.context.junit4.SpringJUnit4ClassRunner.runChild(SpringJUnit4ClassRunner.java:246) [spring-test-5.0.10.RELEASE.jar:5.0.10.RELEASE]
	at org.springframework.test.context.junit4.SpringJUnit4ClassRunner.runChild(SpringJUnit4ClassRunner.java:97) [spring-test-5.0.10.RELEASE.jar:5.0.10.RELEASE]
	at org.junit.runners.ParentRunner$3.run(ParentRunner.java:290) [junit-4.12.jar:4.12]
	at org.junit.runners.ParentRunner$1.schedule(ParentRunner.java:71) [junit-4.12.jar:4.12]
	at org.junit.runners.ParentRunner.runChildren(ParentRunner.java:288) [junit-4.12.jar:4.12]
	at org.junit.runners.ParentRunner.access$000(ParentRunner.java:58) [junit-4.12.jar:4.12]
	at org.junit.runners.ParentRunner$2.evaluate(ParentRunner.java:268) [junit-4.12.jar:4.12]
	at org.springframework.test.context.junit4.statements.RunBeforeTestClassCallbacks.evaluate(RunBeforeTestClassCallbacks.java:61) [spring-test-5.0.10.RELEASE.jar:5.0.10.RELEASE]
	at org.springframework.test.context.junit4.statements.RunAfterTestClassCallbacks.evaluate(RunAfterTestClassCallbacks.java:70) [spring-test-5.0.10.RELEASE.jar:5.0.10.RELEASE]
	at org.junit.runners.ParentRunner.run(ParentRunner.java:363) [junit-4.12.jar:4.12]
	at org.springframework.test.context.junit4.SpringJUnit4ClassRunner.run(SpringJUnit4ClassRunner.java:190) [spring-test-5.0.10.RELEASE.jar:5.0.10.RELEASE]
	at org.apache.maven.surefire.junit4.JUnit4Provider.execute(JUnit4Provider.java:252) [surefire-junit4-2.12.4.jar:2.12.4]
	at org.apache.maven.surefire.junit4.JUnit4Provider.executeTestSet(JUnit4Provider.java:141) [surefire-junit4-2.12.4.jar:2.12.4]
	at org.apache.maven.surefire.junit4.JUnit4Provider.invoke(JUnit4Provider.java:112) [surefire-junit4-2.12.4.jar:2.12.4]
	at sun.reflect.NativeMethodAccessorImpl.invoke0(Native Method) ~[na:1.8.0_152]
	at sun.reflect.NativeMethodAccessorImpl.invoke(NativeMethodAccessorImpl.java:62) ~[na:1.8.0_152]
	at sun.reflect.DelegatingMethodAccessorImpl.invoke(DelegatingMethodAccessorImpl.java:43) ~[na:1.8.0_152]
	at java.lang.reflect.Method.invoke(Method.java:498) ~[na:1.8.0_152]
	at org.apache.maven.surefire.util.ReflectionUtils.invokeMethodWithArray(ReflectionUtils.java:189) [surefire-api-2.12.4.jar:2.12.4]
	at org.apache.maven.surefire.booter.ProviderFactory$ProviderProxy.invoke(ProviderFactory.java:165) [surefire-booter-2.12.4.jar:2.12.4]
	at org.apache.maven.surefire.booter.ProviderFactory.invokeProvider(ProviderFactory.java:85) [surefire-booter-2.12.4.jar:2.12.4]
	at org.apache.maven.surefire.booter.ForkedBooter.runSuitesInProcess(ForkedBooter.java:115) [surefire-booter-2.12.4.jar:2.12.4]
	at org.apache.maven.surefire.booter.ForkedBooter.main(ForkedBooter.java:75) [surefire-booter-2.12.4.jar:2.12.4]
Caused by: org.springframework.beans.factory.BeanCreationException: Error creating bean with name &apos;dbHealthIndicator&apos; defined in class path resource [org/springframework/boot/actuate/autoconfigure/jdbc/DataSourceHealthIndicatorAutoConfiguration.class]: Bean instantiation via factory method failed; nested exception is org.springframework.beans.BeanInstantiationException: Failed to instantiate [org.springframework.boot.actuate.health.HealthIndicator]: Factory method &apos;dbHealthIndicator&apos; threw exception; nested exception is org.springframework.beans.factory.BeanCreationException: Error creating bean with name &apos;scopedTarget.dataSource&apos; defined in class path resource [org/springframework/boot/autoconfigure/jdbc/DataSourceConfiguration$Hikari.class]: Bean instantiation via factory method failed; nested exception is org.springframework.beans.BeanInstantiationException: Failed to instantiate [com.zaxxer.hikari.HikariDataSource]: Factory method &apos;dataSource&apos; threw exception; nested exception is org.springframework.boot.autoconfigure.jdbc.DataSourceProperties$DataSourceBeanCreationException: Failed to determine a suitable driver class
	at org.springframework.beans.factory.support.ConstructorResolver.instantiateUsingFactoryMethod(ConstructorResolver.java:591) ~[spring-beans-5.0.10.RELEASE.jar:5.0.10.RELEASE]
	at org.springframework.beans.factory.support.AbstractAutowireCapableBeanFactory.instantiateUsingFactoryMethod(AbstractAutowireCapableBeanFactory.java:1246) ~[spring-beans-5.0.10.RELEASE.jar:5.0.10.RELEASE]
	at org.springframework.beans.factory.support.AbstractAutowireCapableBeanFactory.createBeanInstance(AbstractAutowireCapableBeanFactory.java:1096) ~[spring-beans-5.0.10.RELEASE.jar:5.0.10.RELEASE]
	at org.springframework.beans.factory.support.AbstractAutowireCapableBeanFactory.doCreateBean(AbstractAutowireCapableBeanFactory.java:535) ~[spring-beans-5.0.10.RELEASE.jar:5.0.10.RELEASE]
	at org.springframework.beans.factory.support.AbstractAutowireCapableBeanFactory.createBean(AbstractAutowireCapableBeanFactory.java:495) ~[spring-beans-5.0.10.RELEASE.jar:5.0.10.RELEASE]
	at org.springframework.beans.factory.support.AbstractBeanFactory.lambda$doGetBean$0(AbstractBeanFactory.java:317) ~[spring-beans-5.0.10.RELEASE.jar:5.0.10.RELEASE]
	at org.springframework.beans.factory.support.DefaultSingletonBeanRegistry.getSingleton(DefaultSingletonBeanRegistry.java:222) ~[spring-beans-5.0.10.RELEASE.jar:5.0.10.RELEASE]
	at org.springframework.beans.factory.support.AbstractBeanFactory.doGetBean(AbstractBeanFactory.java:315) ~[spring-beans-5.0.10.RELEASE.jar:5.0.10.RELEASE]
	at org.springframework.beans.factory.support.AbstractBeanFactory.getBean(AbstractBeanFactory.java:199) ~[spring-beans-5.0.10.RELEASE.jar:5.0.10.RELEASE]
	at org.springframework.beans.factory.support.DefaultListableBeanFactory.preInstantiateSingletons(DefaultListableBeanFactory.java:759) ~[spring-beans-5.0.10.RELEASE.jar:5.0.10.RELEASE]
	at org.springframework.context.support.AbstractApplicationContext.finishBeanFactoryInitialization(AbstractApplicationContext.java:867) ~[spring-context-5.0.10.RELEASE.jar:5.0.10.RELEASE]
	at org.springframework.context.support.AbstractApplicationContext.refresh(AbstractApplicationContext.java:548) ~[spring-context-5.0.10.RELEASE.jar:5.0.10.RELEASE]
	at org.springframework.boot.SpringApplication.refresh(SpringApplication.java:754) ~[spring-boot-2.0.6.RELEASE.jar:2.0.6.RELEASE]
	at org.springframework.boot.SpringApplication.refreshContext(SpringApplication.java:386) ~[spring-boot-2.0.6.RELEASE.jar:2.0.6.RELEASE]
	at org.springframework.boot.SpringApplication.run(SpringApplication.java:307) ~[spring-boot-2.0.6.RELEASE.jar:2.0.6.RELEASE]
	at org.springframework.boot.test.context.SpringBootContextLoader.loadContext(SpringBootContextLoader.java:127) ~[spring-boot-test-2.0.6.RELEASE.jar:2.0.6.RELEASE]
	at org.springframework.test.context.cache.DefaultCacheAwareContextLoaderDelegate.loadContextInternal(DefaultCacheAwareContextLoaderDelegate.java:99) ~[spring-test-5.0.10.RELEASE.jar:5.0.10.RELEASE]
	at org.springframework.test.context.cache.DefaultCacheAwareContextLoaderDelegate.loadContext(DefaultCacheAwareContextLoaderDelegate.java:117) ~[spring-test-5.0.10.RELEASE.jar:5.0.10.RELEASE]
	... 31 common frames omitted
Caused by: org.springframework.beans.BeanInstantiationException: Failed to instantiate [org.springframework.boot.actuate.health.HealthIndicator]: Factory method &apos;dbHealthIndicator&apos; threw exception; nested exception is org.springframework.beans.factory.BeanCreationException: Error creating bean with name &apos;scopedTarget.dataSource&apos; defined in class path resource [org/springframework/boot/autoconfigure/jdbc/DataSourceConfiguration$Hikari.class]: Bean instantiation via factory method failed; nested exception is org.springframework.beans.BeanInstantiationException: Failed to instantiate [com.zaxxer.hikari.HikariDataSource]: Factory method &apos;dataSource&apos; threw exception; nested exception is org.springframework.boot.autoconfigure.jdbc.DataSourceProperties$DataSourceBeanCreationException: Failed to determine a suitable driver class
	at org.springframework.beans.factory.support.SimpleInstantiationStrategy.instantiate(SimpleInstantiationStrategy.java:185) ~[spring-beans-5.0.10.RELEASE.jar:5.0.10.RELEASE]
	at org.springframework.beans.factory.support.ConstructorResolver.instantiateUsingFactoryMethod(ConstructorResolver.java:583) ~[spring-beans-5.0.10.RELEASE.jar:5.0.10.RELEASE]
	... 48 common frames omitted
Caused by: org.springframework.beans.factory.BeanCreationException: Error creating bean with name &apos;scopedTarget.dataSource&apos; defined in class path resource [org/springframework/boot/autoconfigure/jdbc/DataSourceConfiguration$Hikari.class]: Bean instantiation via factory method failed; nested exception is org.springframework.beans.BeanInstantiationException: Failed to instantiate [com.zaxxer.hikari.HikariDataSource]: Factory method &apos;dataSource&apos; threw exception; nested exception is org.springframework.boot.autoconfigure.jdbc.DataSourceProperties$DataSourceBeanCreationException: Failed to determine a suitable driver class
	at org.springframework.beans.factory.support.ConstructorResolver.instantiateUsingFactoryMethod(ConstructorResolver.java:591) ~[spring-beans-5.0.10.RELEASE.jar:5.0.10.RELEASE]
	at org.springframework.beans.factory.support.AbstractAutowireCapableBeanFactory.instantiateUsingFactoryMethod(AbstractAutowireCapableBeanFactory.java:1246) ~[spring-beans-5.0.10.RELEASE.jar:5.0.10.RELEASE]
	at org.springframework.beans.factory.support.AbstractAutowireCapableBeanFactory.createBeanInstance(AbstractAutowireCapableBeanFactory.java:1096) ~[spring-beans-5.0.10.RELEASE.jar:5.0.10.RELEASE]
	at org.springframework.beans.factory.support.AbstractAutowireCapableBeanFactory.doCreateBean(AbstractAutowireCapableBeanFactory.java:535) ~[spring-beans-5.0.10.RELEASE.jar:5.0.10.RELEASE]
	at org.springframework.beans.factory.support.AbstractAutowireCapableBeanFactory.createBean(AbstractAutowireCapableBeanFactory.java:495) ~[spring-beans-5.0.10.RELEASE.jar:5.0.10.RELEASE]
	at org.springframework.beans.factory.support.AbstractBeanFactory.lambda$doGetBean$1(AbstractBeanFactory.java:353) ~[spring-beans-5.0.10.RELEASE.jar:5.0.10.RELEASE]
	at org.springframework.cloud.context.scope.GenericScope$BeanLifecycleWrapper.getBean(GenericScope.java:390) ~[spring-cloud-context-2.0.2.RELEASE.jar:2.0.2.RELEASE]
	at org.springframework.cloud.context.scope.GenericScope.get(GenericScope.java:184) ~[spring-cloud-context-2.0.2.RELEASE.jar:2.0.2.RELEASE]
	at org.springframework.beans.factory.support.AbstractBeanFactory.doGetBean(AbstractBeanFactory.java:350) ~[spring-beans-5.0.10.RELEASE.jar:5.0.10.RELEASE]
	at org.springframework.beans.factory.support.AbstractBeanFactory.getBean(AbstractBeanFactory.java:199) ~[spring-beans-5.0.10.RELEASE.jar:5.0.10.RELEASE]
	at org.springframework.aop.target.SimpleBeanTargetSource.getTarget(SimpleBeanTargetSource.java:35) ~[spring-aop-5.0.10.RELEASE.jar:5.0.10.RELEASE]
	at org.springframework.aop.framework.CglibAopProxy$DynamicAdvisedInterceptor.intercept(CglibAopProxy.java:672) ~[spring-aop-5.0.10.RELEASE.jar:5.0.10.RELEASE]
	at com.zaxxer.hikari.HikariDataSource$$EnhancerBySpringCGLIB$$dbd2d559.getConnectionTestQuery(&lt;generated&gt;) ~[HikariCP-2.7.9.jar:na]
	at org.springframework.boot.jdbc.metadata.HikariDataSourcePoolMetadata.getValidationQuery(HikariDataSourcePoolMetadata.java:66) ~[spring-boot-2.0.6.RELEASE.jar:2.0.6.RELEASE]
	at org.springframework.boot.actuate.autoconfigure.jdbc.DataSourceHealthIndicatorAutoConfiguration.getValidationQuery(DataSourceHealthIndicatorAutoConfiguration.java:115) ~[spring-boot-actuator-autoconfigure-2.0.6.RELEASE.jar:2.0.6.RELEASE]
	at org.springframework.boot.actuate.autoconfigure.jdbc.DataSourceHealthIndicatorAutoConfiguration.createHealthIndicator(DataSourceHealthIndicatorAutoConfiguration.java:109) ~[spring-boot-actuator-autoconfigure-2.0.6.RELEASE.jar:2.0.6.RELEASE]
	at org.springframework.boot.actuate.autoconfigure.jdbc.DataSourceHealthIndicatorAutoConfiguration.createHealthIndicator(DataSourceHealthIndicatorAutoConfiguration.java:58) ~[spring-boot-actuator-autoconfigure-2.0.6.RELEASE.jar:2.0.6.RELEASE]
	at org.springframework.boot.actuate.autoconfigure.jdbc.DataSourceHealthIndicatorAutoConfiguration$$EnhancerBySpringCGLIB$$4a2a211.createHealthIndicator(&lt;generated&gt;) ~[spring-boot-actuator-autoconfigure-2.0.6.RELEASE.jar:2.0.6.RELEASE]
	at org.springframework.boot.actuate.autoconfigure.health.CompositeHealthIndicatorConfiguration.createHealthIndicator(CompositeHealthIndicatorConfiguration.java:43) ~[spring-boot-actuator-autoconfigure-2.0.6.RELEASE.jar:2.0.6.RELEASE]
	at org.springframework.boot.actuate.autoconfigure.jdbc.DataSourceHealthIndicatorAutoConfiguration.dbHealthIndicator(DataSourceHealthIndicatorAutoConfiguration.java:104) ~[spring-boot-actuator-autoconfigure-2.0.6.RELEASE.jar:2.0.6.RELEASE]
	at org.springframework.boot.actuate.autoconfigure.jdbc.DataSourceHealthIndicatorAutoConfiguration$$EnhancerBySpringCGLIB$$4a2a211.CGLIB$dbHealthIndicator$3(&lt;generated&gt;) ~[spring-boot-actuator-autoconfigure-2.0.6.RELEASE.jar:2.0.6.RELEASE]
	at org.springframework.boot.actuate.autoconfigure.jdbc.DataSourceHealthIndicatorAutoConfiguration$$EnhancerBySpringCGLIB$$4a2a211$$FastClassBySpringCGLIB$$7c940e1e.invoke(&lt;generated&gt;) ~[spring-boot-actuator-autoconfigure-2.0.6.RELEASE.jar:2.0.6.RELEASE]
	at org.springframework.cglib.proxy.MethodProxy.invokeSuper(MethodProxy.java:228) ~[spring-core-5.0.10.RELEASE.jar:5.0.10.RELEASE]
	at org.springframework.context.annotation.ConfigurationClassEnhancer$BeanMethodInterceptor.intercept(ConfigurationClassEnhancer.java:365) ~[spring-context-5.0.10.RELEASE.jar:5.0.10.RELEASE]
	at org.springframework.boot.actuate.autoconfigure.jdbc.DataSourceHealthIndicatorAutoConfiguration$$EnhancerBySpringCGLIB$$4a2a211.dbHealthIndicator(&lt;generated&gt;) ~[spring-boot-actuator-autoconfigure-2.0.6.RELEASE.jar:2.0.6.RELEASE]
	at sun.reflect.NativeMethodAccessorImpl.invoke0(Native Method) ~[na:1.8.0_152]
	at sun.reflect.NativeMethodAccessorImpl.invoke(NativeMethodAccessorImpl.java:62) ~[na:1.8.0_152]
	at sun.reflect.DelegatingMethodAccessorImpl.invoke(DelegatingMethodAccessorImpl.java:43) ~[na:1.8.0_152]
	at java.lang.reflect.Method.invoke(Method.java:498) ~[na:1.8.0_152]
	at org.springframework.beans.factory.support.SimpleInstantiationStrategy.instantiate(SimpleInstantiationStrategy.java:154) ~[spring-beans-5.0.10.RELEASE.jar:5.0.10.RELEASE]
	... 49 common frames omitted
Caused by: org.springframework.beans.BeanInstantiationException: Failed to instantiate [com.zaxxer.hikari.HikariDataSource]: Factory method &apos;dataSource&apos; threw exception; nested exception is org.springframework.boot.autoconfigure.jdbc.DataSourceProperties$DataSourceBeanCreationException: Failed to determine a suitable driver class
	at org.springframework.beans.factory.support.SimpleInstantiationStrategy.instantiate(SimpleInstantiationStrategy.java:185) ~[spring-beans-5.0.10.RELEASE.jar:5.0.10.RELEASE]
	at org.springframework.beans.factory.support.ConstructorResolver.instantiateUsingFactoryMethod(ConstructorResolver.java:583) ~[spring-beans-5.0.10.RELEASE.jar:5.0.10.RELEASE]
	... 78 common frames omitted
Caused by: org.springframework.boot.autoconfigure.jdbc.DataSourceProperties$DataSourceBeanCreationException: Failed to determine a suitable driver class
	at org.springframework.boot.autoconfigure.jdbc.DataSourceProperties.determineDriverClassName(DataSourceProperties.java:236) ~[spring-boot-autoconfigure-2.0.6.RELEASE.jar:2.0.6.RELEASE]
	at org.springframework.boot.autoconfigure.jdbc.DataSourceProperties.initializeDataSourceBuilder(DataSourceProperties.java:176) ~[spring-boot-autoconfigure-2.0.6.RELEASE.jar:2.0.6.RELEASE]
	at org.springframework.boot.autoconfigure.jdbc.DataSourceConfiguration.createDataSource(DataSourceConfiguration.java:43) ~[spring-boot-autoconfigure-2.0.6.RELEASE.jar:2.0.6.RELEASE]
	at org.springframework.boot.autoconfigure.jdbc.DataSourceConfiguration$Hikari.dataSource(DataSourceConfiguration.java:83) ~[spring-boot-autoconfigure-2.0.6.RELEASE.jar:2.0.6.RELEASE]
	at sun.reflect.NativeMethodAccessorImpl.invoke0(Native Method) ~[na:1.8.0_152]
	at sun.reflect.NativeMethodAccessorImpl.invoke(NativeMethodAccessorImpl.java:62) ~[na:1.8.0_152]
	at sun.reflect.DelegatingMethodAccessorImpl.invoke(DelegatingMethodAccessorImpl.java:43) ~[na:1.8.0_152]
	at java.lang.reflect.Method.invoke(Method.java:498) ~[na:1.8.0_152]
	at org.springframework.beans.factory.support.SimpleInstantiationStrategy.instantiate(SimpleInstantiationStrategy.java:154) ~[spring-beans-5.0.10.RELEASE.jar:5.0.10.RELEASE]
	... 79 common frames omitted

</system-out>
  </testcase>
</testsuite>